2026-03-05T03:11:00.138699899Z [inf]  2026-03-05 03:11:00 | SUCCESS  | services.data_collector.realtime:_run_strategies:2327 | ✅ [#BA_otc] SINAL SELL gerado por CustomStrategy (5s) | confiança=0.61
2026-03-05T03:11:00.138707391Z [inf]  2026-03-05 03:11:00 | INFO     | services.data_collector.connection_manager:_monitor_loop:880 | Entrando no loop de monitoramento...
2026-03-05T03:11:00.138713801Z [inf]  2026-03-05 03:11:00 | INFO     | services.data_collector.connection_manager:_monitor_loop:886 | Dormindo por 5 segundos...
2026-03-05T03:11:00.179550277Z [inf]  2026-03-05 03:11:00 | INFO     | services.data_collector.realtime:_run_strategies:2357 | 🏆 [#BA_otc] Novo melhor sinal para Leandro Souza: SELL | confluência=0.5% | conf=0.61
2026-03-05T03:11:00.179556344Z [inf]  2026-03-05 03:11:00 | INFO     | services.data_collector.realtime:_save_best_signal_to_db:201 | [BEST SIGNAL] Sinal adicionado ao batch: #BA_otc (sell) | conf=0.61
2026-03-05T03:11:00.179560818Z [inf]  2026-03-05 03:11:00 | INFO     | services.data_collector.realtime:_collect_all_signals_and_execute_best:1682 | [INFO] [#BA_otc] Sinal coletado para User2: SELL | confiança=0.61
2026-03-05T03:11:00.179564708Z [inf]  2026-03-05 03:11:00 | INFO     | services.data_collector.realtime:_collect_all_signals_and_execute_best:1682 | [INFO] [#BA_otc] Sinal coletado para Leandro Souza: SELL | confiança=0.61
2026-03-05T03:11:00.179568997Z [inf]  2026-03-05 03:11:00 | INFO     | services.data_collector.realtime:_collect_all_signals_and_execute_best:1687 | [LIST] Total de sinais coletados: 16
2026-03-05T03:11:00.234841158Z [inf]  2026-03-05 03:11:00 | INFO     | services.data_collector.realtime:_collect_all_signals_and_execute_best:1731 | [CHART] [USDMXN_otc] confluência=0.9% | conf=0.62 | payout=92.0% | movimento/candle=0.00166
2026-03-05T03:11:00.234846194Z [inf]  2026-03-05 03:11:00 | INFO     | services.data_collector.realtime:_collect_all_signals_and_execute_best:1731 | [CHART] [USDMXN_otc] confluência=0.9% | conf=0.62 | payout=92.0% | movimento/candle=0.00166
2026-03-05T03:11:00.234868744Z [inf]  2026-03-05 03:11:00 | INFO     | services.data_collector.realtime:_collect_all_signals_and_execute_best:1731 | [CHART] [ZARUSD_otc] confluência=0.7% | conf=0.61 | payout=92.0% | movimento/candle=0.00000
2026-03-05T03:11:00.234873366Z [inf]  2026-03-05 03:11:00 | INFO     | services.data_collector.realtime:_collect_all_signals_and_execute_best:1731 | [CHART] [ZARUSD_otc] confluência=0.7% | conf=0.61 | payout=92.0% | movimento/candle=0.00000
2026-03-05T03:11:00.234878647Z [inf]  2026-03-05 03:11:00 | INFO     | services.data_collector.realtime:_collect_all_signals_and_execute_best:1731 | [CHART] [USDCOP_otc] confluência=0.9% | conf=0.62 | payout=92.0% | movimento/candle=0.16600
2026-03-05T03:11:00.234883468Z [inf]  2026-03-05 03:11:00 | INFO     | services.data_collector.realtime:_collect_all_signals_and_execute_best:1731 | [CHART] [USDCOP_otc] confluência=0.9% | conf=0.62 | payout=92.0% | movimento/candle=0.16600
2026-03-05T03:11:00.234888803Z [inf]  2026-03-05 03:11:00 | INFO     | services.data_collector.realtime:_collect_all_signals_and_execute_best:1731 | [CHART] [#FB_otc] confluência=0.7% | conf=0.65 | payout=92.0% | movimento/candle=0.02800
2026-03-05T03:11:00.234894184Z [inf]  2026-03-05 03:11:00 | INFO     | services.data_collector.realtime:_collect_all_signals_and_execute_best:1731 | [CHART] [#FB_otc] confluência=0.7% | conf=0.65 | payout=92.0% | movimento/candle=0.02800
2026-03-05T03:11:00.234898509Z [inf]  2026-03-05 03:11:00 | INFO     | services.data_collector.realtime:_collect_all_signals_and_execute_best:1731 | [CHART] [USDEGP_otc] confluência=0.9% | conf=0.63 | payout=92.0% | movimento/candle=0.00010
2026-03-05T03:11:00.236768827Z [inf]  2026-03-05 03:11:00 | INFO     | services.data_collector.realtime:_collect_all_signals_and_execute_best:1731 | [CHART] [USDEGP_otc] confluência=0.9% | conf=0.63 | payout=92.0% | movimento/candle=0.00010
2026-03-05T03:11:00.236774021Z [inf]  2026-03-05 03:11:00 | INFO     | services.data_collector.realtime:_collect_all_signals_and_execute_best:1731 | [CHART] [UAHUSD_otc] confluência=0.6% | conf=0.62 | payout=92.0% | movimento/candle=0.00001
2026-03-05T03:11:00.236778007Z [inf]  2026-03-05 03:11:00 | INFO     | services.data_collector.realtime:_collect_all_signals_and_execute_best:1731 | [CHART] [UAHUSD_otc] confluência=0.6% | conf=0.62 | payout=92.0% | movimento/candle=0.00001
2026-03-05T03:11:00.236781971Z [inf]  2026-03-05 03:11:00 | INFO     | services.data_collector.realtime:_collect_all_signals_and_execute_best:1731 | [CHART] [GBPJPY_otc] confluência=0.6% | conf=0.66 | payout=92.0% | movimento/candle=0.02540
2026-03-05T03:11:00.236785735Z [inf]  2026-03-05 03:11:00 | INFO     | services.data_collector.realtime:_collect_all_signals_and_execute_best:1731 | [CHART] [GBPJPY_otc] confluência=0.6% | conf=0.66 | payout=92.0% | movimento/candle=0.02540
2026-03-05T03:11:00.236789602Z [inf]  2026-03-05 03:11:00 | INFO     | services.data_collector.realtime:_collect_all_signals_and_execute_best:1731 | [CHART] [#BA_otc] confluência=0.5% | conf=0.61 | payout=92.0% | movimento/candle=0.01600
2026-03-05T03:11:00.236792568Z [inf]  2026-03-05 03:11:00 | INFO     | services.data_collector.realtime:_collect_all_signals_and_execute_best:1731 | [CHART] [#BA_otc] confluência=0.5% | conf=0.61 | payout=92.0% | movimento/candle=0.01600
2026-03-05T03:11:00.236795273Z [inf]  2026-03-05 03:11:00 | SUCCESS  | services.data_collector.realtime:_process_account_trade:1787 | 🏆 MELHOR SINAL PARA User2: [USDMXN_otc] BUY | confluência=0.9% | confiança=0.62 | payout=92.0%
2026-03-05T03:11:00.236797929Z [inf]  2026-03-05 03:11:00 | SUCCESS  | services.data_collector.realtime:_process_account_trade:1787 | 🏆 MELHOR SINAL PARA Leandro Souza: [USDMXN_otc] BUY | confluência=0.9% | confiança=0.62 | payout=92.0%
2026-03-05T03:11:00.683418168Z [inf]  2026-03-05 03:11:00 | INFO     | services.data_collector.realtime:_process_account_trade:1846 | [INFO] [USDMXN_otc] Confiança suficiente (0.62), verificando payout...
2026-03-05T03:11:00.683425094Z [inf]  2026-03-05 03:11:00 | INFO     | services.data_collector.realtime:_process_account_trade:1865 | [INFO] [USDMXN_otc] Payout válido (92.0%), verificando conexão WS...
2026-03-05T03:11:00.683425737Z [inf]  2026-03-05 03:11:00 | SUCCESS  | services.trade_executor:execute_trade:891 | 🎯 [TradeExecutor] Iniciando execução de trade | USDMXN_otc | AutoTrade-User2 | 5s | BUY | confiança=0.62
2026-03-05T03:11:00.683430204Z [inf]  2026-03-05 03:11:00 | INFO     | services.data_collector.realtime:_process_account_trade:1895 | [INFO] [USDMXN_otc] Conexão WS ativa encontrada, executando trade...
2026-03-05T03:11:00.683432753Z [inf]  2026-03-05 03:11:00 | INFO     | services.data_collector.realtime:_process_account_trade:1842 | [OK] [USDMXN_otc] Sinal salvo no banco de dados
2026-03-05T03:11:00.683442569Z [inf]  2026-03-05 03:11:00 | INFO     | services.data_collector.realtime:_process_account_trade:1846 | [INFO] [USDMXN_otc] Confiança suficiente (0.62), verificando payout...
2026-03-05T03:11:00.683448652Z [inf]  2026-03-05 03:11:00 | INFO     | services.data_collector.realtime:_process_account_trade:1865 | [INFO] [USDMXN_otc] Payout válido (92.0%), verificando conexão WS...
2026-03-05T03:11:00.683453334Z [inf]  2026-03-05 03:11:00 | INFO     | services.data_collector.realtime:_process_account_trade:1895 | [INFO] [USDMXN_otc] Conexão WS ativa encontrada, executando trade...
2026-03-05T03:11:00.683457855Z [inf]  2026-03-05 03:11:00 | SUCCESS  | services.trade_executor:execute_trade:891 | 🎯 [TradeExecutor] Iniciando execução de trade | USDMXN_otc | AutoTrade-Leandro Souza | 5s | BUY | confiança=0.62
2026-03-05T03:11:00.683461434Z [inf]  2026-03-05 03:11:00 | INFO     | services.data_collector.realtime:_process_account_trade:1842 | [OK] [USDMXN_otc] Sinal salvo no banco de dados
2026-03-05T03:11:00.684539255Z [inf]  2026-03-05 03:11:00 | INFO     | services.trade_executor:execute_trade:914 | 📋 [TradeExecutor] Conta específica solicitada: Leandro Souza
2026-03-05T03:11:00.684545059Z [inf]  2026-03-05 03:11:00 | INFO     | services.trade_executor:execute_trade:927 | ✓ [TradeExecutor] Configuração de autotrade fornecida: timeframe=5s, strategy=65185ab5-892e-42e9-92e1-d17456905a52
2026-03-05T03:11:00.684550191Z [inf]  2026-03-05 03:11:00 | SUCCESS  | services.trade_executor:execute_trade:939 | ✓ [TradeExecutor] Timeframe 5s OK
2026-03-05T03:11:00.684555220Z [inf]  2026-03-05 03:11:00 | INFO     | services.trade_executor:execute_trade:960 | 📋 [TradeExecutor] Conta selecionada: Leandro Souza
2026-03-05T03:11:00.684565130Z [inf]  2026-03-05 03:11:00 | INFO     | services.trade_executor:execute_trade:914 | 📋 [TradeExecutor] Conta específica solicitada: Conta de User2
2026-03-05T03:11:00.684569017Z [inf]  2026-03-05 03:11:00 | INFO     | services.trade_executor:execute_trade:927 | ✓ [TradeExecutor] Configuração de autotrade fornecida: timeframe=5s, strategy=f95baf3c-5930-4e02-b3e3-774e5c15f503
2026-03-05T03:11:00.684572723Z [inf]  2026-03-05 03:11:00 | SUCCESS  | services.trade_executor:execute_trade:939 | ✓ [TradeExecutor] Timeframe 5s OK
2026-03-05T03:11:00.684576493Z [inf]  2026-03-05 03:11:00 | INFO     | services.trade_executor:execute_trade:960 | 📋 [TradeExecutor] Conta selecionada: Conta de User2
2026-03-05T03:11:00.846352517Z [inf]  2026-03-05 03:11:00 | INFO     | services.trade_executor:_check_cooldown:1663 | ⏸️ [TradeExecutor] Cooldown ativo: 778.2s restantes (configurado: 3600s)
2026-03-05T03:11:00.846357022Z [inf]  2026-03-05 03:11:00 | WARNING  | services.data_collector.realtime:_process_account_trade:2030 | [WARNING] [USDMXN_otc] Trade não foi executado
2026-03-05T03:11:00.965039158Z [inf]  2026-03-05 03:11:00 | INFO     | services.trade_executor:_check_cooldown:1623 | ⏸️ [TradeExecutor] Cooldown de stop consecutivo ativo: 2986.1s restantes
2026-03-05T03:11:00.965042249Z [inf]  2026-03-05 03:11:00 | INFO     | services.trade_executor:_check_cooldown:1663 | ⏸️ [TradeExecutor] Cooldown ativo: 2931.8s restantes (configurado: 3600-3700s)
2026-03-05T03:11:00.965046268Z [inf]  2026-03-05 03:11:00 | WARNING  | services.data_collector.realtime:_process_account_trade:2030 | [WARNING] [USDMXN_otc] Trade não foi executado
2026-03-05T03:11:00.965049600Z [inf]  2026-03-05 03:11:00 | INFO     | services.data_collector.realtime:_log_candle_closes_loop:2454 | 🎯 Timeframe configurado: 5s - Coletando sinais...
2026-03-05T03:11:00.965052595Z [inf]  2026-03-05 03:11:00 | INFO     | services.data_collector.realtime:_collect_all_signals_and_execute_best:1651 | 🔍 Coletando sinais de todos os ativos para timeframe 5s...
2026-03-05T03:11:00.965055689Z [inf]  2026-03-05 03:11:00 | INFO     | services.l1_cache:get:69 | [L1 CACHE HIT] all_autotrade_configs (hits: 75277, misses: 227)
2026-03-05T03:11:01.024897087Z [inf]  2026-03-05 03:11:00 | INFO     | services.data_collector.realtime:_add_tick_to_buffer:2915 | [INFO] [ATIVOS Client 1] 53 ticks | BTCUSD_otc | DOGE_otc | ETHUSD_otc | USDBDT_otc | USDMXN_otc | OMRCNY_otc | NGNUSD_otc | EURUSD_otc | AUDCHF_otc | CHFJPY_otc | QARCNY_otc | BHDCNY_otc | NZDJPY_otc | GBPJPY_otc | USDJPY_otc | #FB_otc | LTCUSD_otc | KESUSD_otc | #AXP_otc | AUDCAD_otc | USDCOP_otc | EURTRY_otc | USDCHF_otc | IRRUSD_otc | UAHUSD_otc | YERUSD_otc | #BA_otc | AUDUSD_otc | #MSFT_otc | ZARUSD_otc | MATIC_otc | TON-USD_otc | AEDCNY_otc | MARA_otc | TRX-USD_otc | USDARS_otc | #JNJ_otc | BITB_otc | USDPKR_otc | NZDUSD_otc | USDCAD_otc | JODCNY_otc | EURJPY_otc | USDCNH_otc | EURCHF_otc | USDBRL_otc | GBPUSD_otc | USDDZD_otc | USDEGP_otc | EURGBP_otc | BNB-USD_otc | #MCD_otc | LBPUSD_otc @ 05:11:00
2026-03-05T03:11:01.158776345Z [inf]  2026-03-05 03:11:01 | INFO     | services.data_collector.realtime:_run_strategies:2187 | [MONEY] [EURUSD_otc] 2 configuração(ões) com saldo suficiente
2026-03-05T03:11:01.158786521Z [inf]  2026-03-05 03:11:01 | INFO     | services.data_collector.realtime:_run_strategies:2301 | 📊 [USUÁRIO: User2] Indicadores configurados: ['rsi', 'macd', 'bollinger_bands', 'sma', 'ema', 'stochastic', 'atr', 'zonas', 'parabolic_sar', 'ichimoku_cloud', 'money_flow_index', 'average_directional_index', 'keltner_channels', 'donchian_channels', 'heiken_ashi', 'pivot_points', 'supertrend', 'fibonacci_retracement', 'cci', 'williams_r', 'roc', 'vwap', 'obv']
2026-03-05T03:11:01.609301856Z [inf]  2026-03-05 03:11:01 | INFO     | services.data_collector.realtime:_run_strategies:2357 | 🏆 [EURUSD_otc] Novo melhor sinal para Leandro Souza: BUY | confluência=0.6% | conf=0.63
2026-03-05T03:11:01.609310341Z [inf]  2026-03-05 03:11:01 | INFO     | services.data_collector.realtime:_save_best_signal_to_db:201 | [BEST SIGNAL] Sinal adicionado ao batch: EURUSD_otc (buy) | conf=0.63
2026-03-05T03:11:01.609315393Z [inf]  2026-03-05 03:11:01 | INFO     | services.data_collector.realtime:_collect_all_signals_and_execute_best:1682 | [INFO] [EURUSD_otc] Sinal coletado para User2: BUY | confiança=0.63
2026-03-05T03:11:01.609319155Z [inf]  2026-03-05 03:11:01 | INFO     | services.data_collector.realtime:_collect_all_signals_and_execute_best:1682 | [INFO] [EURUSD_otc] Sinal coletado para Leandro Souza: BUY | confiança=0.63
2026-03-05T03:11:01.609420606Z [inf]  2026-03-05 03:11:01 | SUCCESS  | services.data_collector.realtime:_run_strategies:2327 | ✅ [EURUSD_otc] SINAL BUY gerado por CustomStrategy (5s) | confiança=0.63
2026-03-05T03:11:01.609423396Z [inf]  2026-03-05 03:11:01 | INFO     | services.data_collector.realtime:_run_strategies:2357 | 🏆 [EURUSD_otc] Novo melhor sinal para User2: BUY | confluência=0.6% | conf=0.63
2026-03-05T03:11:01.609426344Z [inf]  2026-03-05 03:11:01 | INFO     | services.data_collector.realtime:_save_best_signal_to_db:201 | [BEST SIGNAL] Sinal adicionado ao batch: EURUSD_otc (buy) | conf=0.63
2026-03-05T03:11:01.609429293Z [inf]  2026-03-05 03:11:01 | INFO     | services.data_collector.realtime:_run_strategies:2301 | 📊 [USUÁRIO: Leandro Souza] Indicadores configurados: ['rsi', 'macd', 'bollinger_bands', 'sma', 'ema', 'stochastic', 'atr', 'zonas', 'parabolic_sar', 'ichimoku_cloud', 'money_flow_index', 'average_directional_index', 'keltner_channels', 'donchian_channels', 'heiken_ashi', 'pivot_points', 'supertrend', 'fibonacci_retracement', 'cci', 'williams_r', 'roc', 'vwap', 'obv']
2026-03-05T03:11:01.609432163Z [inf]  2026-03-05 03:11:01 | SUCCESS  | services.data_collector.realtime:_run_strategies:2327 | ✅ [EURUSD_otc] SINAL BUY gerado por CustomStrategy (5s) | confiança=0.63
2026-03-05T03:11:01.610096882Z [inf]  2026-03-05 03:11:01 | INFO     | services.l1_cache:get:69 | [L1 CACHE HIT] all_autotrade_configs (hits: 75278, misses: 227)
2026-03-05T03:11:01.621146370Z [inf]  2026-03-05 03:11:01 | INFO     | services.data_collector.realtime:_run_strategies:2187 | [MONEY] [USDMXN_otc] 2 configuração(ões) com saldo suficiente
2026-03-05T03:11:01.621151158Z [inf]  2026-03-05 03:11:01 | INFO     | services.data_collector.realtime:_run_strategies:2301 | 📊 [USUÁRIO: User2] Indicadores configurados: ['rsi', 'macd', 'bollinger_bands', 'sma', 'ema', 'stochastic', 'atr', 'zonas', 'parabolic_sar', 'ichimoku_cloud', 'money_flow_index', 'average_directional_index', 'keltner_channels', 'donchian_channels', 'heiken_ashi', 'pivot_points', 'supertrend', 'fibonacci_retracement', 'cci', 'williams_r', 'roc', 'vwap', 'obv']
2026-03-05T03:11:01.778012785Z [inf]  2026-03-05 03:11:01 | SUCCESS  | services.data_collector.realtime:_run_strategies:2327 | ✅ [USDMXN_otc] SINAL BUY gerado por CustomStrategy (5s) | confiança=0.61
2026-03-05T03:11:01.822544476Z [inf]  2026-03-05 03:11:01 | INFO     | services.data_collector.realtime:_run_strategies:2357 | 🏆 [USDMXN_otc] Novo melhor sinal para User2: BUY | confluência=0.7% | conf=0.61
2026-03-05T03:11:01.822550352Z [inf]  2026-03-05 03:11:01 | INFO     | services.data_collector.realtime:_save_best_signal_to_db:201 | [BEST SIGNAL] Sinal adicionado ao batch: USDMXN_otc (buy) | conf=0.61
2026-03-05T03:11:01.822553388Z [inf]  2026-03-05 03:11:01 | INFO     | services.data_collector.realtime:_run_strategies:2301 | 📊 [USUÁRIO: Leandro Souza] Indicadores configurados: ['rsi', 'macd', 'bollinger_bands', 'sma', 'ema', 'stochastic', 'atr', 'zonas', 'parabolic_sar', 'ichimoku_cloud', 'money_flow_index', 'average_directional_index', 'keltner_channels', 'donchian_channels', 'heiken_ashi', 'pivot_points', 'supertrend', 'fibonacci_retracement', 'cci', 'williams_r', 'roc', 'vwap', 'obv']
2026-03-05T03:11:01.968164150Z [inf]  2026-03-05 03:11:01 | SUCCESS  | services.data_collector.realtime:_run_strategies:2327 | ✅ [USDMXN_otc] SINAL BUY gerado por CustomStrategy (5s) | confiança=0.61
2026-03-05T03:11:01.995244859Z [inf]  2026-03-05 03:11:01 | INFO     | services.data_collector.realtime:_run_strategies:2357 | 🏆 [USDMXN_otc] Novo melhor sinal para Leandro Souza: BUY | confluência=0.7% | conf=0.61
2026-03-05T03:11:01.995251742Z [inf]  2026-03-05 03:11:01 | INFO     | services.data_collector.realtime:_save_best_signal_to_db:201 | [BEST SIGNAL] Sinal adicionado ao batch: USDMXN_otc (buy) | conf=0.61
2026-03-05T03:11:01.995255901Z [inf]  2026-03-05 03:11:01 | INFO     | services.data_collector.realtime:_collect_all_signals_and_execute_best:1682 | [INFO] [USDMXN_otc] Sinal coletado para User2: BUY | confiança=0.61
2026-03-05T03:11:01.995259088Z [inf]  2026-03-05 03:11:01 | INFO     | services.data_collector.realtime:_collect_all_signals_and_execute_best:1682 | [INFO] [USDMXN_otc] Sinal coletado para Leandro Souza: BUY | confiança=0.61
2026-03-05T03:11:01.995262400Z [inf]  2026-03-05 03:11:01 | INFO     | services.l1_cache:get:69 | [L1 CACHE HIT] all_autotrade_configs (hits: 75279, misses: 227)
2026-03-05T03:11:02.072089690Z [inf]  2026-03-05 03:11:02 | INFO     | services.data_collector.realtime:_run_strategies:2187 | [MONEY] [ZARUSD_otc] 2 configuração(ões) com saldo suficiente
2026-03-05T03:11:02.072093579Z [inf]  2026-03-05 03:11:02 | INFO     | services.data_collector.realtime:_run_strategies:2301 | 📊 [USUÁRIO: User2] Indicadores configurados: ['rsi', 'macd', 'bollinger_bands', 'sma', 'ema', 'stochastic', 'atr', 'zonas', 'parabolic_sar', 'ichimoku_cloud', 'money_flow_index', 'average_directional_index', 'keltner_channels', 'donchian_channels', 'heiken_ashi', 'pivot_points', 'supertrend', 'fibonacci_retracement', 'cci', 'williams_r', 'roc', 'vwap', 'obv']
2026-03-05T03:11:02.216220670Z [inf]  2026-03-05 03:11:02 | SUCCESS  | services.data_collector.realtime:_run_strategies:2327 | ✅ [ZARUSD_otc] SINAL BUY gerado por CustomStrategy (5s) | confiança=0.61
2026-03-05T03:11:02.216226724Z [inf]  2026-03-05 03:11:02 | INFO     | services.data_collector.realtime:_add_tick_to_buffer:2915 | [INFO] [ATIVOS Client 1] 53 ticks | BTCUSD_otc | DOGE_otc | ETHUSD_otc | USDBDT_otc | USDMXN_otc | OMRCNY_otc | NGNUSD_otc | EURUSD_otc | AUDCHF_otc | CHFJPY_otc | QARCNY_otc | BHDCNY_otc | NZDJPY_otc | GBPJPY_otc | USDJPY_otc | #FB_otc | LTCUSD_otc | KESUSD_otc | #AXP_otc | AUDCAD_otc | USDCOP_otc | EURTRY_otc | USDCHF_otc | IRRUSD_otc | UAHUSD_otc | YERUSD_otc | #BA_otc | AUDUSD_otc | #MSFT_otc | ZARUSD_otc | MATIC_otc | TON-USD_otc | AEDCNY_otc | MARA_otc | TRX-USD_otc | USDARS_otc | #JNJ_otc | BITB_otc | USDPKR_otc | NZDUSD_otc | USDCAD_otc | JODCNY_otc | EURJPY_otc | USDCNH_otc | EURCHF_otc | USDBRL_otc | GBPUSD_otc | USDDZD_otc | USDEGP_otc | EURGBP_otc | BNB-USD_otc | #MCD_otc | LBPUSD_otc @ 05:11:01
2026-03-05T03:11:02.244425693Z [inf]  2026-03-05 03:11:02 | INFO     | services.data_collector.realtime:_run_strategies:2357 | 🏆 [ZARUSD_otc] Novo melhor sinal para User2: BUY | confluência=0.7% | conf=0.61
2026-03-05T03:11:02.244430736Z [inf]  2026-03-05 03:11:02 | INFO     | services.data_collector.realtime:_save_best_signal_to_db:201 | [BEST SIGNAL] Sinal adicionado ao batch: ZARUSD_otc (buy) | conf=0.61
2026-03-05T03:11:02.244434048Z [inf]  2026-03-05 03:11:02 | INFO     | services.data_collector.realtime:_run_strategies:2301 | 📊 [USUÁRIO: Leandro Souza] Indicadores configurados: ['rsi', 'macd', 'bollinger_bands', 'sma', 'ema', 'stochastic', 'atr', 'zonas', 'parabolic_sar', 'ichimoku_cloud', 'money_flow_index', 'average_directional_index', 'keltner_channels', 'donchian_channels', 'heiken_ashi', 'pivot_points', 'supertrend', 'fibonacci_retracement', 'cci', 'williams_r', 'roc', 'vwap', 'obv']
2026-03-05T03:11:02.588522819Z [inf]  2026-03-05 03:11:02 | SUCCESS  | services.data_collector.realtime:_run_strategies:2327 | ✅ [ZARUSD_otc] SINAL BUY gerado por CustomStrategy (5s) | confiança=0.61
2026-03-05T03:11:02.637740222Z [inf]  2026-03-05 03:11:02 | INFO     | services.data_collector.realtime:_run_strategies:2357 | 🏆 [ZARUSD_otc] Novo melhor sinal para Leandro Souza: BUY | confluência=0.7% | conf=0.61
2026-03-05T03:11:02.637744906Z [inf]  2026-03-05 03:11:02 | INFO     | services.data_collector.realtime:_save_best_signal_to_db:201 | [BEST SIGNAL] Sinal adicionado ao batch: ZARUSD_otc (buy) | conf=0.61
2026-03-05T03:11:02.637748161Z [inf]  2026-03-05 03:11:02 | INFO     | services.data_collector.realtime:_collect_all_signals_and_execute_best:1682 | [INFO] [ZARUSD_otc] Sinal coletado para User2: BUY | confiança=0.61
2026-03-05T03:11:02.637753521Z [inf]  2026-03-05 03:11:02 | INFO     | services.data_collector.realtime:_collect_all_signals_and_execute_best:1682 | [INFO] [ZARUSD_otc] Sinal coletado para Leandro Souza: BUY | confiança=0.61
2026-03-05T03:11:02.637756234Z [inf]  2026-03-05 03:11:02 | INFO     | services.l1_cache:get:69 | [L1 CACHE HIT] all_autotrade_configs (hits: 75280, misses: 227)
2026-03-05T03:11:02.692932526Z [inf]  2026-03-05 03:11:02 | INFO     | services.data_collector.realtime:_run_strategies:2187 | [MONEY] [USDCOP_otc] 2 configuração(ões) com saldo suficiente
2026-03-05T03:11:02.699149452Z [inf]  2026-03-05 03:11:02 | INFO     | services.data_collector.realtime:_run_strategies:2301 | 📊 [USUÁRIO: User2] Indicadores configurados: ['rsi', 'macd', 'bollinger_bands', 'sma', 'ema', 'stochastic', 'atr', 'zonas', 'parabolic_sar', 'ichimoku_cloud', 'money_flow_index', 'average_directional_index', 'keltner_channels', 'donchian_channels', 'heiken_ashi', 'pivot_points', 'supertrend', 'fibonacci_retracement', 'cci', 'williams_r', 'roc', 'vwap', 'obv']
2026-03-05T03:11:02.872027818Z [inf]  2026-03-05 03:11:02 | SUCCESS  | services.data_collector.realtime:_run_strategies:2327 | ✅ [USDCOP_otc] SINAL BUY gerado por CustomStrategy (5s) | confiança=0.63
2026-03-05T03:11:02.913578789Z [inf]  2026-03-05 03:11:02 | INFO     | services.data_collector.realtime:_run_strategies:2357 | 🏆 [USDCOP_otc] Novo melhor sinal para User2: BUY | confluência=0.8% | conf=0.63
2026-03-05T03:11:02.913586698Z [inf]  2026-03-05 03:11:02 | INFO     | services.data_collector.realtime:_save_best_signal_to_db:201 | [BEST SIGNAL] Sinal adicionado ao batch: USDCOP_otc (buy) | conf=0.63
2026-03-05T03:11:02.913592495Z [inf]  2026-03-05 03:11:02 | INFO     | services.data_collector.realtime:_run_strategies:2301 | 📊 [USUÁRIO: Leandro Souza] Indicadores configurados: ['rsi', 'macd', 'bollinger_bands', 'sma', 'ema', 'stochastic', 'atr', 'zonas', 'parabolic_sar', 'ichimoku_cloud', 'money_flow_index', 'average_directional_index', 'keltner_channels', 'donchian_channels', 'heiken_ashi', 'pivot_points', 'supertrend', 'fibonacci_retracement', 'cci', 'williams_r', 'roc', 'vwap', 'obv']
2026-03-05T03:11:03.073345992Z [inf]  2026-03-05 03:11:03 | SUCCESS  | services.data_collector.realtime:_run_strategies:2327 | ✅ [USDCOP_otc] SINAL BUY gerado por CustomStrategy (5s) | confiança=0.63
2026-03-05T03:11:03.129624492Z [inf]  2026-03-05 03:11:03 | INFO     | services.data_collector.realtime:_run_strategies:2357 | 🏆 [USDCOP_otc] Novo melhor sinal para Leandro Souza: BUY | confluência=0.8% | conf=0.63
2026-03-05T03:11:03.129629624Z [inf]  2026-03-05 03:11:03 | INFO     | services.data_collector.realtime:_save_best_signal_to_db:201 | [BEST SIGNAL] Sinal adicionado ao batch: USDCOP_otc (buy) | conf=0.63
2026-03-05T03:11:03.129634494Z [inf]  2026-03-05 03:11:03 | INFO     | services.data_collector.realtime:_collect_all_signals_and_execute_best:1682 | [INFO] [USDCOP_otc] Sinal coletado para User2: BUY | confiança=0.63
2026-03-05T03:11:03.129637266Z [inf]  2026-03-05 03:11:03 | INFO     | services.data_collector.realtime:_collect_all_signals_and_execute_best:1682 | [INFO] [USDCOP_otc] Sinal coletado para Leandro Souza: BUY | confiança=0.63
2026-03-05T03:11:03.129640108Z [inf]  2026-03-05 03:11:03 | INFO     | services.l1_cache:get:69 | [L1 CACHE HIT] all_autotrade_configs (hits: 75281, misses: 227)
2026-03-05T03:11:03.183538290Z [inf]  2026-03-05 03:11:03 | INFO     | services.data_collector.realtime:_run_strategies:2187 | [MONEY] [#FB_otc] 2 configuração(ões) com saldo suficiente
2026-03-05T03:11:03.191293313Z [inf]  2026-03-05 03:11:03 | INFO     | services.data_collector.realtime:_run_strategies:2301 | 📊 [USUÁRIO: User2] Indicadores configurados: ['rsi', 'macd', 'bollinger_bands', 'sma', 'ema', 'stochastic', 'atr', 'zonas', 'parabolic_sar', 'ichimoku_cloud', 'money_flow_index', 'average_directional_index', 'keltner_channels', 'donchian_channels', 'heiken_ashi', 'pivot_points', 'supertrend', 'fibonacci_retracement', 'cci', 'williams_r', 'roc', 'vwap', 'obv']
2026-03-05T03:11:03.602133142Z [inf]  2026-03-05 03:11:03 | INFO     | services.data_collector.realtime:_run_strategies:2357 | 🏆 [#FB_otc] Novo melhor sinal para User2: SELL | confluência=0.6% | conf=0.65
2026-03-05T03:11:03.602140103Z [inf]  2026-03-05 03:11:03 | INFO     | services.data_collector.realtime:_save_best_signal_to_db:201 | [BEST SIGNAL] Sinal adicionado ao batch: #FB_otc (sell) | conf=0.65
2026-03-05T03:11:03.602144131Z [inf]  2026-03-05 03:11:03 | SUCCESS  | services.data_collector.realtime:_run_strategies:2327 | ✅ [#FB_otc] SINAL SELL gerado por CustomStrategy (5s) | confiança=0.65
2026-03-05T03:11:03.602148029Z [inf]  2026-03-05 03:11:03 | INFO     | services.data_collector.realtime:_run_strategies:2301 | 📊 [USUÁRIO: Leandro Souza] Indicadores configurados: ['rsi', 'macd', 'bollinger_bands', 'sma', 'ema', 'stochastic', 'atr', 'zonas', 'parabolic_sar', 'ichimoku_cloud', 'money_flow_index', 'average_directional_index', 'keltner_channels', 'donchian_channels', 'heiken_ashi', 'pivot_points', 'supertrend', 'fibonacci_retracement', 'cci', 'williams_r', 'roc', 'vwap', 'obv']
2026-03-05T03:11:03.602171317Z [inf]  2026-03-05 03:11:03 | SUCCESS  | services.data_collector.realtime:_run_strategies:2327 | ✅ [#FB_otc] SINAL SELL gerado por CustomStrategy (5s) | confiança=0.65
2026-03-05T03:11:03.602175159Z [inf]  2026-03-05 03:11:03 | INFO     | services.data_collector.realtime:_add_tick_to_buffer:2915 | [INFO] [ATIVOS Client 1] 53 ticks | BTCUSD_otc | DOGE_otc | ETHUSD_otc | USDBDT_otc | USDMXN_otc | OMRCNY_otc | NGNUSD_otc | EURUSD_otc | AUDCHF_otc | CHFJPY_otc | QARCNY_otc | BHDCNY_otc | NZDJPY_otc | GBPJPY_otc | USDJPY_otc | #FB_otc | LTCUSD_otc | KESUSD_otc | #AXP_otc | AUDCAD_otc | USDCOP_otc | EURTRY_otc | USDCHF_otc | IRRUSD_otc | UAHUSD_otc | YERUSD_otc | #BA_otc | AUDUSD_otc | #MSFT_otc | ZARUSD_otc | MATIC_otc | TON-USD_otc | AEDCNY_otc | MARA_otc | TRX-USD_otc | USDARS_otc | #JNJ_otc | BITB_otc | USDPKR_otc | NZDUSD_otc | USDCAD_otc | JODCNY_otc | EURJPY_otc | USDCNH_otc | EURCHF_otc | USDBRL_otc | GBPUSD_otc | USDDZD_otc | USDEGP_otc | EURGBP_otc | BNB-USD_otc | #MCD_otc | LBPUSD_otc @ 05:11:03
2026-03-05T03:11:03.602917378Z [inf]  2026-03-05 03:11:03 | INFO     | services.data_collector.realtime:_run_strategies:2357 | 🏆 [#FB_otc] Novo melhor sinal para Leandro Souza: SELL | confluência=0.6% | conf=0.65
2026-03-05T03:11:03.604184047Z [inf]  2026-03-05 03:11:03 | INFO     | services.data_collector.realtime:_save_best_signal_to_db:201 | [BEST SIGNAL] Sinal adicionado ao batch: #FB_otc (sell) | conf=0.65
2026-03-05T03:11:03.604187018Z [inf]  2026-03-05 03:11:03 | INFO     | services.data_collector.realtime:_collect_all_signals_and_execute_best:1682 | [INFO] [#FB_otc] Sinal coletado para User2: SELL | confiança=0.65
2026-03-05T03:11:03.604189737Z [inf]  2026-03-05 03:11:03 | INFO     | services.data_collector.realtime:_collect_all_signals_and_execute_best:1682 | [INFO] [#FB_otc] Sinal coletado para Leandro Souza: SELL | confiança=0.65
2026-03-05T03:11:03.604192459Z [inf]  2026-03-05 03:11:03 | INFO     | services.l1_cache:get:69 | [L1 CACHE HIT] all_autotrade_configs (hits: 75282, misses: 227)
2026-03-05T03:11:03.664597177Z [inf]  2026-03-05 03:11:03 | INFO     | services.data_collector.realtime:_run_strategies:2187 | [MONEY] [USDEGP_otc] 2 configuração(ões) com saldo suficiente
2026-03-05T03:11:03.670758287Z [inf]  2026-03-05 03:11:03 | INFO     | services.data_collector.realtime:_run_strategies:2301 | 📊 [USUÁRIO: User2] Indicadores configurados: ['rsi', 'macd', 'bollinger_bands', 'sma', 'ema', 'stochastic', 'atr', 'zonas', 'parabolic_sar', 'ichimoku_cloud', 'money_flow_index', 'average_directional_index', 'keltner_channels', 'donchian_channels', 'heiken_ashi', 'pivot_points', 'supertrend', 'fibonacci_retracement', 'cci', 'williams_r', 'roc', 'vwap', 'obv']
2026-03-05T03:11:03.830829170Z [inf]  2026-03-05 03:11:03 | SUCCESS  | services.data_collector.realtime:_run_strategies:2327 | ✅ [USDEGP_otc] SINAL BUY gerado por CustomStrategy (5s) | confiança=0.68
2026-03-05T03:11:03.860919207Z [inf]  2026-03-05 03:11:03 | INFO     | services.data_collector.realtime:_run_strategies:2357 | 🏆 [USDEGP_otc] Novo melhor sinal para User2: BUY | confluência=0.6% | conf=0.68
2026-03-05T03:11:03.860925263Z [inf]  2026-03-05 03:11:03 | INFO     | services.data_collector.realtime:_save_best_signal_to_db:201 | [BEST SIGNAL] Sinal adicionado ao batch: USDEGP_otc (buy) | conf=0.68
2026-03-05T03:11:03.860929189Z [inf]  2026-03-05 03:11:03 | INFO     | services.data_collector.realtime:_run_strategies:2301 | 📊 [USUÁRIO: Leandro Souza] Indicadores configurados: ['rsi', 'macd', 'bollinger_bands', 'sma', 'ema', 'stochastic', 'atr', 'zonas', 'parabolic_sar', 'ichimoku_cloud', 'money_flow_index', 'average_directional_index', 'keltner_channels', 'donchian_channels', 'heiken_ashi', 'pivot_points', 'supertrend', 'fibonacci_retracement', 'cci', 'williams_r', 'roc', 'vwap', 'obv']
2026-03-05T03:11:04.019144449Z [inf]  2026-03-05 03:11:04 | SUCCESS  | services.data_collector.realtime:_run_strategies:2327 | ✅ [USDEGP_otc] SINAL BUY gerado por CustomStrategy (5s) | confiança=0.68
2026-03-05T03:11:04.043528097Z [inf]  2026-03-05 03:11:04 | INFO     | services.data_collector.realtime:_run_strategies:2357 | 🏆 [USDEGP_otc] Novo melhor sinal para Leandro Souza: BUY | confluência=0.6% | conf=0.68
2026-03-05T03:11:04.043532823Z [inf]  2026-03-05 03:11:04 | INFO     | services.data_collector.realtime:_save_best_signal_to_db:201 | [BEST SIGNAL] Sinal adicionado ao batch: USDEGP_otc (buy) | conf=0.68
2026-03-05T03:11:04.043536801Z [inf]  2026-03-05 03:11:04 | INFO     | services.data_collector.realtime:_collect_all_signals_and_execute_best:1682 | [INFO] [USDEGP_otc] Sinal coletado para User2: BUY | confiança=0.68
2026-03-05T03:11:04.043539372Z [inf]  2026-03-05 03:11:04 | INFO     | services.data_collector.realtime:_collect_all_signals_and_execute_best:1682 | [INFO] [USDEGP_otc] Sinal coletado para Leandro Souza: BUY | confiança=0.68
2026-03-05T03:11:04.043541941Z [inf]  2026-03-05 03:11:04 | INFO     | services.l1_cache:get:69 | [L1 CACHE HIT] all_autotrade_configs (hits: 75283, misses: 227)
2026-03-05T03:11:04.139752126Z [inf]  2026-03-05 03:11:04 | INFO     | services.data_collector.realtime:_run_strategies:2187 | [MONEY] [UAHUSD_otc] 2 configuração(ões) com saldo suficiente
2026-03-05T03:11:04.139762388Z [inf]  2026-03-05 03:11:04 | INFO     | services.data_collector.realtime:_run_strategies:2301 | 📊 [USUÁRIO: User2] Indicadores configurados: ['rsi', 'macd', 'bollinger_bands', 'sma', 'ema', 'stochastic', 'atr', 'zonas', 'parabolic_sar', 'ichimoku_cloud', 'money_flow_index', 'average_directional_index', 'keltner_channels', 'donchian_channels', 'heiken_ashi', 'pivot_points', 'supertrend', 'fibonacci_retracement', 'cci', 'williams_r', 'roc', 'vwap', 'obv']
2026-03-05T03:11:04.625565789Z [inf]  2026-03-05 03:11:04 | SUCCESS  | services.data_collector.realtime:_run_strategies:2327 | ✅ [UAHUSD_otc] SINAL SELL gerado por CustomStrategy (5s) | confiança=0.63
2026-03-05T03:11:04.625574824Z [inf]  2026-03-05 03:11:04 | SUCCESS  | services.data_collector.realtime:_run_strategies:2327 | ✅ [UAHUSD_otc] SINAL SELL gerado por CustomStrategy (5s) | confiança=0.63
2026-03-05T03:11:04.625581524Z [inf]  2026-03-05 03:11:04 | INFO     | services.data_collector.realtime:_run_strategies:2357 | 🏆 [UAHUSD_otc] Novo melhor sinal para User2: SELL | confluência=0.6% | conf=0.63
2026-03-05T03:11:04.625584515Z [inf]  2026-03-05 03:11:04 | INFO     | services.data_collector.realtime:_save_best_signal_to_db:201 | [BEST SIGNAL] Sinal adicionado ao batch: UAHUSD_otc (sell) | conf=0.63
2026-03-05T03:11:04.625591421Z [inf]  2026-03-05 03:11:04 | INFO     | services.data_collector.realtime:_run_strategies:2301 | 📊 [USUÁRIO: Leandro Souza] Indicadores configurados: ['rsi', 'macd', 'bollinger_bands', 'sma', 'ema', 'stochastic', 'atr', 'zonas', 'parabolic_sar', 'ichimoku_cloud', 'money_flow_index', 'average_directional_index', 'keltner_channels', 'donchian_channels', 'heiken_ashi', 'pivot_points', 'supertrend', 'fibonacci_retracement', 'cci', 'williams_r', 'roc', 'vwap', 'obv']
2026-03-05T03:11:04.625609727Z [inf]  2026-03-05 03:11:04 | INFO     | services.data_collector.realtime:_add_tick_to_buffer:2915 | [INFO] [ATIVOS Client 1] 53 ticks | BTCUSD_otc | DOGE_otc | ETHUSD_otc | USDBDT_otc | USDMXN_otc | OMRCNY_otc | NGNUSD_otc | EURUSD_otc | AUDCHF_otc | CHFJPY_otc | QARCNY_otc | BHDCNY_otc | NZDJPY_otc | GBPJPY_otc | USDJPY_otc | #FB_otc | LTCUSD_otc | KESUSD_otc | #AXP_otc | AUDCAD_otc | USDCOP_otc | EURTRY_otc | USDCHF_otc | IRRUSD_otc | UAHUSD_otc | YERUSD_otc | #BA_otc | AUDUSD_otc | #MSFT_otc | ZARUSD_otc | MATIC_otc | TON-USD_otc | AEDCNY_otc | MARA_otc | TRX-USD_otc | USDARS_otc | #JNJ_otc | BITB_otc | USDPKR_otc | NZDUSD_otc | USDCAD_otc | JODCNY_otc | EURJPY_otc | USDCNH_otc | EURCHF_otc | USDBRL_otc | GBPUSD_otc | USDDZD_otc | USDEGP_otc | EURGBP_otc | BNB-USD_otc | #MCD_otc | LBPUSD_otc @ 05:11:04
2026-03-05T03:11:04.626822685Z [inf]  2026-03-05 03:11:04 | INFO     | services.data_collector.realtime:_collect_all_signals_and_execute_best:1682 | [INFO] [UAHUSD_otc] Sinal coletado para Leandro Souza: SELL | confiança=0.63
2026-03-05T03:11:04.626868529Z [inf]  2026-03-05 03:11:04 | INFO     | services.l1_cache:get:69 | [L1 CACHE HIT] all_autotrade_configs (hits: 75284, misses: 227)
2026-03-05T03:11:04.626875967Z [inf]  2026-03-05 03:11:04 | INFO     | services.data_collector.realtime:_run_strategies:2187 | [MONEY] [GBPJPY_otc] 2 configuração(ões) com saldo suficiente
2026-03-05T03:11:04.626902857Z [inf]  2026-03-05 03:11:04 | INFO     | services.data_collector.realtime:_run_strategies:2357 | 🏆 [UAHUSD_otc] Novo melhor sinal para Leandro Souza: SELL | confluência=0.6% | conf=0.63
2026-03-05T03:11:04.626905565Z [inf]  2026-03-05 03:11:04 | INFO     | services.data_collector.realtime:_save_best_signal_to_db:201 | [BEST SIGNAL] Sinal adicionado ao batch: UAHUSD_otc (sell) | conf=0.63
2026-03-05T03:11:04.626908419Z [inf]  2026-03-05 03:11:04 | INFO     | services.data_collector.realtime:_collect_all_signals_and_execute_best:1682 | [INFO] [UAHUSD_otc] Sinal coletado para User2: SELL | confiança=0.63
2026-03-05T03:11:04.639277017Z [inf]  2026-03-05 03:11:04 | INFO     | services.data_collector.realtime:_run_strategies:2301 | 📊 [USUÁRIO: User2] Indicadores configurados: ['rsi', 'macd', 'bollinger_bands', 'sma', 'ema', 'stochastic', 'atr', 'zonas', 'parabolic_sar', 'ichimoku_cloud', 'money_flow_index', 'average_directional_index', 'keltner_channels', 'donchian_channels', 'heiken_ashi', 'pivot_points', 'supertrend', 'fibonacci_retracement', 'cci', 'williams_r', 'roc', 'vwap', 'obv']
2026-03-05T03:11:04.819399671Z [inf]  2026-03-05 03:11:04 | SUCCESS  | services.data_collector.realtime:_run_strategies:2327 | ✅ [GBPJPY_otc] SINAL BUY gerado por CustomStrategy (5s) | confiança=0.65
2026-03-05T03:11:04.850573126Z [inf]  2026-03-05 03:11:04 | INFO     | services.data_collector.realtime:_run_strategies:2357 | 🏆 [GBPJPY_otc] Novo melhor sinal para User2: BUY | confluência=0.7% | conf=0.65
2026-03-05T03:11:04.863681032Z [inf]  2026-03-05 03:11:04 | INFO     | services.data_collector.realtime:_save_best_signal_to_db:201 | [BEST SIGNAL] Sinal adicionado ao batch: GBPJPY_otc (buy) | conf=0.65
2026-03-05T03:11:04.863689070Z [inf]  2026-03-05 03:11:04 | INFO     | services.data_collector.realtime:_run_strategies:2301 | 📊 [USUÁRIO: Leandro Souza] Indicadores configurados: ['rsi', 'macd', 'bollinger_bands', 'sma', 'ema', 'stochastic', 'atr', 'zonas', 'parabolic_sar', 'ichimoku_cloud', 'money_flow_index', 'average_directional_index', 'keltner_channels', 'donchian_channels', 'heiken_ashi', 'pivot_points', 'supertrend', 'fibonacci_retracement', 'cci', 'williams_r', 'roc', 'vwap', 'obv']
2026-03-05T03:11:05.027599519Z [inf]  2026-03-05 03:11:05 | SUCCESS  | services.data_collector.realtime:_run_strategies:2327 | ✅ [GBPJPY_otc] SINAL BUY gerado por CustomStrategy (5s) | confiança=0.65
2026-03-05T03:11:05.054239033Z [inf]  2026-03-05 03:11:05 | INFO     | services.data_collector.realtime:_run_strategies:2357 | 🏆 [GBPJPY_otc] Novo melhor sinal para Leandro Souza: BUY | confluência=0.7% | conf=0.65
2026-03-05T03:11:05.054243936Z [inf]  2026-03-05 03:11:05 | INFO     | services.data_collector.realtime:_save_best_signal_to_db:201 | [BEST SIGNAL] Sinal adicionado ao batch: GBPJPY_otc (buy) | conf=0.65
2026-03-05T03:11:05.054247185Z [inf]  2026-03-05 03:11:05 | INFO     | services.data_collector.realtime:_collect_all_signals_and_execute_best:1682 | [INFO] [GBPJPY_otc] Sinal coletado para User2: BUY | confiança=0.65
2026-03-05T03:11:05.054250013Z [inf]  2026-03-05 03:11:05 | INFO     | services.data_collector.realtime:_collect_all_signals_and_execute_best:1682 | [INFO] [GBPJPY_otc] Sinal coletado para Leandro Souza: BUY | confiança=0.65
2026-03-05T03:11:05.054253326Z [inf]  2026-03-05 03:11:05 | INFO     | services.l1_cache:get:69 | [L1 CACHE HIT] all_autotrade_configs (hits: 75285, misses: 227)
2026-03-05T03:11:05.094208561Z [inf]  2026-03-05 03:11:05 | INFO     | services.data_collector.connection_manager:_monitor_loop:892 | Acordou do sono
2026-03-05T03:11:05.094213257Z [inf]  2026-03-05 03:11:05 | INFO     | services.data_collector.connection_manager:_monitor_loop:906 | Verificando conexões...
2026-03-05T03:11:05.094216556Z [inf]  2026-03-05 03:11:05 | INFO     | services.data_collector.connection_manager:_monitor_loop:913 | Abrindo conexão com banco de dados...
2026-03-05T03:11:05.095957248Z [inf]  2026-03-05 03:11:05 | INFO     | services.data_collector.connection_manager:_monitor_loop:920 | Conexão com banco de dados aberta
2026-03-05T03:11:05.162713365Z [inf]  2026-03-05 03:11:05 | INFO     | services.data_collector.realtime:_run_strategies:2187 | [MONEY] [#BA_otc] 2 configuração(ões) com saldo suficiente
2026-03-05T03:11:05.176055585Z [inf]  2026-03-05 03:11:05 | INFO     | services.data_collector.realtime:_run_strategies:2301 | 📊 [USUÁRIO: User2] Indicadores configurados: ['rsi', 'macd', 'bollinger_bands', 'sma', 'ema', 'stochastic', 'atr', 'zonas', 'parabolic_sar', 'ichimoku_cloud', 'money_flow_index', 'average_directional_index', 'keltner_channels', 'donchian_channels', 'heiken_ashi', 'pivot_points', 'supertrend', 'fibonacci_retracement', 'cci', 'williams_r', 'roc', 'vwap', 'obv']
2026-03-05T03:11:05.624540175Z [inf]  2026-03-05 03:11:05 | SUCCESS  | services.data_collector.realtime:_run_strategies:2327 | ✅ [#BA_otc] SINAL SELL gerado por CustomStrategy (5s) | confiança=0.61
2026-03-05T03:11:05.624544391Z [inf]  2026-03-05 03:11:05 | INFO     | services.data_collector.connection_manager:_monitor_loop:941 | Encontradas 10 contas ativas
2026-03-05T03:11:05.624549037Z [inf]  2026-03-05 03:11:05 | INFO     | services.data_collector.realtime:_run_strategies:2357 | 🏆 [#BA_otc] Novo melhor sinal para User2: SELL | confluência=0.6% | conf=0.61
2026-03-05T03:11:05.624553903Z [inf]  2026-03-05 03:11:05 | INFO     | services.data_collector.realtime:_save_best_signal_to_db:201 | [BEST SIGNAL] Sinal adicionado ao batch: #BA_otc (sell) | conf=0.61
2026-03-05T03:11:05.624559290Z [inf]  2026-03-05 03:11:05 | INFO     | services.data_collector.realtime:_run_strategies:2301 | 📊 [USUÁRIO: Leandro Souza] Indicadores configurados: ['rsi', 'macd', 'bollinger_bands', 'sma', 'ema', 'stochastic', 'atr', 'zonas', 'parabolic_sar', 'ichimoku_cloud', 'money_flow_index', 'average_directional_index', 'keltner_channels', 'donchian_channels', 'heiken_ashi', 'pivot_points', 'supertrend', 'fibonacci_retracement', 'cci', 'williams_r', 'roc', 'vwap', 'obv']
2026-03-05T03:11:05.684490745Z [inf]  2026-03-05 03:11:05 | SUCCESS  | services.data_collector.realtime:_run_strategies:2327 | ✅ [#BA_otc] SINAL SELL gerado por CustomStrategy (5s) | confiança=0.61
2026-03-05T03:11:05.699815384Z [inf]  2026-03-05 03:11:05 | INFO     | services.data_collector.realtime:_add_tick_to_buffer:2915 | [INFO] [ATIVOS Client 1] 53 ticks | BTCUSD_otc | DOGE_otc | ETHUSD_otc | USDBDT_otc | USDMXN_otc | OMRCNY_otc | NGNUSD_otc | EURUSD_otc | AUDCHF_otc | CHFJPY_otc | QARCNY_otc | BHDCNY_otc | NZDJPY_otc | GBPJPY_otc | USDJPY_otc | #FB_otc | LTCUSD_otc | KESUSD_otc | #AXP_otc | AUDCAD_otc | USDCOP_otc | EURTRY_otc | USDCHF_otc | IRRUSD_otc | UAHUSD_otc | YERUSD_otc | #BA_otc | AUDUSD_otc | #MSFT_otc | ZARUSD_otc | MATIC_otc | TON-USD_otc | AEDCNY_otc | MARA_otc | TRX-USD_otc | USDARS_otc | #JNJ_otc | BITB_otc | USDPKR_otc | NZDUSD_otc | USDCAD_otc | JODCNY_otc | EURJPY_otc | USDCNH_otc | EURCHF_otc | USDBRL_otc | GBPUSD_otc | USDDZD_otc | USDEGP_otc | EURGBP_otc | BNB-USD_otc | #MCD_otc | LBPUSD_otc @ 05:11:05
2026-03-05T03:11:05.748486287Z [inf]  2026-03-05 03:11:05 | INFO     | services.data_collector.connection_manager:_monitor_loop:880 | Entrando no loop de monitoramento...
2026-03-05T03:11:05.748489367Z [inf]  2026-03-05 03:11:05 | INFO     | services.data_collector.connection_manager:_monitor_loop:886 | Dormindo por 5 segundos...
2026-03-05T03:11:05.795008295Z [inf]  2026-03-05 03:11:05 | INFO     | services.data_collector.realtime:_run_strategies:2357 | 🏆 [#BA_otc] Novo melhor sinal para Leandro Souza: SELL | confluência=0.6% | conf=0.61
2026-03-05T03:11:05.795011638Z [inf]  2026-03-05 03:11:05 | INFO     | services.data_collector.realtime:_save_best_signal_to_db:201 | [BEST SIGNAL] Sinal adicionado ao batch: #BA_otc (sell) | conf=0.61
2026-03-05T03:11:05.795014507Z [inf]  2026-03-05 03:11:05 | INFO     | services.data_collector.realtime:_collect_all_signals_and_execute_best:1682 | [INFO] [#BA_otc] Sinal coletado para User2: SELL | confiança=0.61
2026-03-05T03:11:05.795018557Z [inf]  2026-03-05 03:11:05 | INFO     | services.data_collector.realtime:_collect_all_signals_and_execute_best:1682 | [INFO] [#BA_otc] Sinal coletado para Leandro Souza: SELL | confiança=0.61
2026-03-05T03:11:05.795021490Z [inf]  2026-03-05 03:11:05 | INFO     | services.data_collector.realtime:_collect_all_signals_and_execute_best:1687 | [LIST] Total de sinais coletados: 18
2026-03-05T03:11:05.795024815Z [inf]  2026-03-05 03:11:05 | INFO     | api.routers.autotrade_config:update_autotrade_config:338 | [DEBUG] update_autotrade_config - Received execute_all_signals: True
2026-03-05T03:11:05.795027860Z [inf]  2026-03-05 03:11:05 | INFO     | api.routers.autotrade_config:update_autotrade_config:339 | [DEBUG] update_autotrade_config - Full payload keys: ['account_id', 'strategy_id', 'amount', 'stop1', 'stop2', 'no_hibernate_on_consecutive_stop', 'stop_amount_win', 'stop_amount_loss', 'soros', 'martingale', 'timeframe', 'cooldown_seconds', 'min_confidence', 'trade_timing', 'execute_all_signals', 'all_win_percentage', 'smart_reduction_enabled', 'smart_reduction_loss_trigger', 'smart_reduction_win_restore', 'smart_reduction_percentage', 'smart_reduction_cascading']
2026-03-05T03:11:05.795031460Z [inf]  2026-03-05 03:11:05 | INFO     | api.routers.autotrade_config:update_autotrade_config:342 | [DEBUG] update_autotrade_config - Received amount: 5.0, type: <class 'float'>
2026-03-05T03:11:05.796729140Z [inf]  2026-03-05 03:11:05 | INFO     | api.routers.autotrade_config:update_autotrade_config:343 | [DEBUG] update_autotrade_config - Current config amount before: 5.0
2026-03-05T03:11:05.796737174Z [inf]  2026-03-05 03:11:05 | INFO     | api.routers.autotrade_config:update_autotrade_config:364 | [DEBUG] update_autotrade_config - Config amount after setattr: 5.0
2026-03-05T03:11:05.796741584Z [inf]  2026-03-05 03:11:05 | INFO     | api.routers.autotrade_config:update_autotrade_config:365 | [DEBUG] update_autotrade_config - Config execute_all_signals after setattr: True
2026-03-05T03:11:05.854527599Z [inf]  2026-03-05 03:11:05 | INFO     | services.data_collector.realtime:_collect_all_signals_and_execute_best:1731 | [CHART] [EURUSD_otc] confluência=0.6% | conf=0.63 | payout=92.0% | movimento/candle=0.00003
2026-03-05T03:11:05.854533054Z [inf]  2026-03-05 03:11:05 | INFO     | services.data_collector.realtime:_collect_all_signals_and_execute_best:1731 | [CHART] [EURUSD_otc] confluência=0.6% | conf=0.63 | payout=92.0% | movimento/candle=0.00003
2026-03-05T03:11:05.854537410Z [inf]  2026-03-05 03:11:05 | INFO     | services.data_collector.realtime:_collect_all_signals_and_execute_best:1731 | [CHART] [USDMXN_otc] confluência=0.7% | conf=0.61 | payout=92.0% | movimento/candle=0.00104
2026-03-05T03:11:05.854541382Z [inf]  2026-03-05 03:11:05 | INFO     | services.data_collector.realtime:_collect_all_signals_and_execute_best:1731 | [CHART] [USDMXN_otc] confluência=0.7% | conf=0.61 | payout=92.0% | movimento/candle=0.00104
2026-03-05T03:11:05.854545287Z [inf]  2026-03-05 03:11:05 | INFO     | services.data_collector.realtime:_collect_all_signals_and_execute_best:1731 | [CHART] [ZARUSD_otc] confluência=0.7% | conf=0.61 | payout=92.0% | movimento/candle=0.00000
2026-03-05T03:11:05.854549861Z [inf]  2026-03-05 03:11:05 | INFO     | services.data_collector.realtime:_collect_all_signals_and_execute_best:1731 | [CHART] [ZARUSD_otc] confluência=0.7% | conf=0.61 | payout=92.0% | movimento/candle=0.00000
2026-03-05T03:11:05.854553289Z [inf]  2026-03-05 03:11:05 | INFO     | services.data_collector.realtime:_collect_all_signals_and_execute_best:1731 | [CHART] [USDCOP_otc] confluência=0.8% | conf=0.63 | payout=92.0% | movimento/candle=0.18800
2026-03-05T03:11:05.854556747Z [inf]  2026-03-05 03:11:05 | INFO     | services.data_collector.realtime:_collect_all_signals_and_execute_best:1731 | [CHART] [USDCOP_otc] confluência=0.8% | conf=0.63 | payout=92.0% | movimento/candle=0.18800
2026-03-05T03:11:05.854561588Z [inf]  2026-03-05 03:11:05 | INFO     | services.data_collector.realtime:_collect_all_signals_and_execute_best:1731 | [CHART] [#FB_otc] confluência=0.6% | conf=0.65 | payout=92.0% | movimento/candle=0.03200
2026-03-05T03:11:05.856106228Z [inf]  2026-03-05 03:11:05 | INFO     | services.data_collector.realtime:_collect_all_signals_and_execute_best:1731 | [CHART] [#FB_otc] confluência=0.6% | conf=0.65 | payout=92.0% | movimento/candle=0.03200
2026-03-05T03:11:05.856112828Z [inf]  2026-03-05 03:11:05 | INFO     | services.data_collector.realtime:_collect_all_signals_and_execute_best:1731 | [CHART] [USDEGP_otc] confluência=0.6% | conf=0.68 | payout=92.0% | movimento/candle=0.00014
2026-03-05T03:11:05.856118331Z [inf]  2026-03-05 03:11:05 | INFO     | services.data_collector.realtime:_collect_all_signals_and_execute_best:1731 | [CHART] [USDEGP_otc] confluência=0.6% | conf=0.68 | payout=92.0% | movimento/candle=0.00014
2026-03-05T03:11:05.856122391Z [inf]  2026-03-05 03:11:05 | INFO     | services.data_collector.realtime:_collect_all_signals_and_execute_best:1731 | [CHART] [UAHUSD_otc] confluência=0.6% | conf=0.63 | payout=92.0% | movimento/candle=0.00001
2026-03-05T03:11:05.856126539Z [inf]  2026-03-05 03:11:05 | INFO     | services.data_collector.realtime:_collect_all_signals_and_execute_best:1731 | [CHART] [UAHUSD_otc] confluência=0.6% | conf=0.63 | payout=92.0% | movimento/candle=0.00001
2026-03-05T03:11:05.856131256Z [inf]  2026-03-05 03:11:05 | INFO     | services.data_collector.realtime:_collect_all_signals_and_execute_best:1731 | [CHART] [GBPJPY_otc] confluência=0.7% | conf=0.65 | payout=92.0% | movimento/candle=0.01780
2026-03-05T03:11:05.856135160Z [inf]  2026-03-05 03:11:05 | INFO     | services.data_collector.realtime:_collect_all_signals_and_execute_best:1731 | [CHART] [GBPJPY_otc] confluência=0.7% | conf=0.65 | payout=92.0% | movimento/candle=0.01780
2026-03-05T03:11:05.856138860Z [inf]  2026-03-05 03:11:05 | INFO     | services.data_collector.realtime:_collect_all_signals_and_execute_best:1731 | [CHART] [#BA_otc] confluência=0.6% | conf=0.61 | payout=92.0% | movimento/candle=0.02200
2026-03-05T03:11:05.856142839Z [inf]  2026-03-05 03:11:05 | INFO     | services.data_collector.realtime:_collect_all_signals_and_execute_best:1731 | [CHART] [#BA_otc] confluência=0.6% | conf=0.61 | payout=92.0% | movimento/candle=0.02200
2026-03-05T03:11:05.857728220Z [inf]  2026-03-05 03:11:05 | SUCCESS  | services.data_collector.realtime:_process_account_trade:1787 | 🏆 MELHOR SINAL PARA User2: [USDCOP_otc] BUY | confluência=0.8% | confiança=0.63 | payout=92.0%
2026-03-05T03:11:05.857732622Z [inf]  2026-03-05 03:11:05 | SUCCESS  | services.data_collector.realtime:_process_account_trade:1787 | 🏆 MELHOR SINAL PARA Leandro Souza: [USDCOP_otc] BUY | confluência=0.8% | confiança=0.63 | payout=92.0%
2026-03-05T03:11:05.857735513Z [inf]  2026-03-05 03:11:05 | INFO     | api.routers.autotrade_config:update_autotrade_config:419 | [DEBUG] update_autotrade_config - Config amount after commit: 5.0
2026-03-05T03:11:05.857739398Z [inf]  2026-03-05 03:11:05 | INFO     | api.routers.autotrade_config:update_autotrade_config:420 | AutoTrade config 6de7df71-a4e5-4a33-8817-04a8add0391b updated
2026-03-05T03:11:05.857743506Z [err]  /app/api/routers/autotrade_config.py:425: RuntimeWarning: coroutine 'DataCollectorService.invalidate_autotrade_configs_cache' was never awaited
2026-03-05T03:11:05.857748593Z [err]    data_collector.invalidate_autotrade_configs_cache()
2026-03-05T03:11:05.857755833Z [err]  RuntimeWarning: Enable tracemalloc to get the object allocation traceback
2026-03-05T03:11:05.857759313Z [inf]  2026-03-05 03:11:05 | INFO     | api.routers.autotrade_config:update_autotrade_config:426 | ✓ Cache de configs invalidado após atualização de autotrade
2026-03-05T03:11:05.951656474Z [inf]  2026-03-05 03:11:05 | INFO     | services.data_collector.realtime:_process_account_trade:1842 | [OK] [USDCOP_otc] Sinal salvo no banco de dados
2026-03-05T03:11:05.951660161Z [inf]  2026-03-05 03:11:05 | INFO     | services.data_collector.realtime:_process_account_trade:1846 | [INFO] [USDCOP_otc] Confiança suficiente (0.63), verificando payout...
2026-03-05T03:11:05.951663981Z [inf]  2026-03-05 03:11:05 | INFO     | services.data_collector.realtime:_process_account_trade:1865 | [INFO] [USDCOP_otc] Payout válido (92.0%), verificando conexão WS...
2026-03-05T03:11:05.951667237Z [inf]  2026-03-05 03:11:05 | INFO     | services.data_collector.realtime:_process_account_trade:1895 | [INFO] [USDCOP_otc] Conexão WS ativa encontrada, executando trade...
2026-03-05T03:11:05.951670899Z [inf]  2026-03-05 03:11:05 | SUCCESS  | services.trade_executor:execute_trade:891 | 🎯 [TradeExecutor] Iniciando execução de trade | USDCOP_otc | AutoTrade-User2 | 5s | BUY | confiança=0.63
2026-03-05T03:11:05.953315731Z [inf]  2026-03-05 03:11:05 | INFO     | services.data_collector.realtime:_process_account_trade:1842 | [OK] [USDCOP_otc] Sinal salvo no banco de dados
2026-03-05T03:11:05.953323651Z [inf]  2026-03-05 03:11:05 | INFO     | services.data_collector.realtime:_process_account_trade:1846 | [INFO] [USDCOP_otc] Confiança suficiente (0.63), verificando payout...
2026-03-05T03:11:05.953329442Z [inf]  2026-03-05 03:11:05 | INFO     | services.data_collector.realtime:_process_account_trade:1865 | [INFO] [USDCOP_otc] Payout válido (92.0%), verificando conexão WS...
2026-03-05T03:11:05.953333918Z [inf]  2026-03-05 03:11:05 | INFO     | services.data_collector.realtime:_process_account_trade:1895 | [INFO] [USDCOP_otc] Conexão WS ativa encontrada, executando trade...
2026-03-05T03:11:05.953337757Z [inf]  2026-03-05 03:11:05 | SUCCESS  | services.trade_executor:execute_trade:891 | 🎯 [TradeExecutor] Iniciando execução de trade | USDCOP_otc | AutoTrade-Leandro Souza | 5s | BUY | confiança=0.63
2026-03-05T03:11:06.017195449Z [inf]  2026-03-05 03:11:05 | INFO     | services.trade_executor:execute_trade:914 | 📋 [TradeExecutor] Conta específica solicitada: Conta de User2
2026-03-05T03:11:06.017199277Z [inf]  2026-03-05 03:11:06 | INFO     | services.trade_executor:execute_trade:927 | ✓ [TradeExecutor] Configuração de autotrade fornecida: timeframe=5s, strategy=f95baf3c-5930-4e02-b3e3-774e5c15f503
2026-03-05T03:11:06.017202734Z [inf]  2026-03-05 03:11:06 | SUCCESS  | services.trade_executor:execute_trade:939 | ✓ [TradeExecutor] Timeframe 5s OK
2026-03-05T03:11:06.017206420Z [inf]  2026-03-05 03:11:06 | INFO     | services.trade_executor:execute_trade:960 | 📋 [TradeExecutor] Conta selecionada: Conta de User2
2026-03-05T03:11:06.145035689Z [inf]  2026-03-05 03:11:06 | INFO     | services.trade_executor:_check_cooldown:1663 | ⏸️ [TradeExecutor] Cooldown ativo: 772.9s restantes (configurado: 3600s)
2026-03-05T03:11:06.145040175Z [inf]  2026-03-05 03:11:06 | WARNING  | services.data_collector.realtime:_process_account_trade:2030 | [WARNING] [USDCOP_otc] Trade não foi executado
2026-03-05T03:11:06.227464631Z [inf]  2026-03-05 03:11:06 | INFO     | services.trade_executor:execute_trade:914 | 📋 [TradeExecutor] Conta específica solicitada: Leandro Souza
2026-03-05T03:11:06.227468673Z [inf]  2026-03-05 03:11:06 | INFO     | services.trade_executor:execute_trade:927 | ✓ [TradeExecutor] Configuração de autotrade fornecida: timeframe=5s, strategy=65185ab5-892e-42e9-92e1-d17456905a52
2026-03-05T03:11:06.227471641Z [inf]  2026-03-05 03:11:06 | SUCCESS  | services.trade_executor:execute_trade:939 | ✓ [TradeExecutor] Timeframe 5s OK
2026-03-05T03:11:06.227474746Z [inf]  2026-03-05 03:11:06 | INFO     | services.trade_executor:execute_trade:960 | 📋 [TradeExecutor] Conta selecionada: Leandro Souza
2026-03-05T03:11:06.670138620Z [inf]  2026-03-05 03:11:06 | SUCCESS  | services.data_collector.realtime:_run_strategies:2327 | ✅ [EURUSD_otc] SINAL BUY gerado por CustomStrategy (5s) | confiança=0.62
2026-03-05T03:11:06.670150505Z [inf]  2026-03-05 03:11:06 | INFO     | services.l1_cache:get:69 | [L1 CACHE HIT] all_autotrade_configs (hits: 75286, misses: 227)
2026-03-05T03:11:06.670153320Z [inf]  2026-03-05 03:11:06 | WARNING  | services.data_collector.realtime:_process_account_trade:2030 | [WARNING] [USDCOP_otc] Trade não foi executado
2026-03-05T03:11:06.670154435Z [inf]  2026-03-05 03:11:06 | INFO     | services.data_collector.realtime:_run_strategies:2187 | [MONEY] [EURUSD_otc] 2 configuração(ões) com saldo suficiente
2026-03-05T03:11:06.670158934Z [inf]  2026-03-05 03:11:06 | INFO     | services.data_collector.realtime:_run_strategies:2301 | 📊 [USUÁRIO: User2] Indicadores configurados: ['rsi', 'macd', 'bollinger_bands', 'sma', 'ema', 'stochastic', 'atr', 'zonas', 'parabolic_sar', 'ichimoku_cloud', 'money_flow_index', 'average_directional_index', 'keltner_channels', 'donchian_channels', 'heiken_ashi', 'pivot_points', 'supertrend', 'fibonacci_retracement', 'cci', 'williams_r', 'roc', 'vwap', 'obv']
2026-03-05T03:11:06.670163744Z [inf]  2026-03-05 03:11:06 | INFO     | services.data_collector.realtime:_log_candle_closes_loop:2454 | 🎯 Timeframe configurado: 5s - Coletando sinais...
2026-03-05T03:11:06.670168324Z [inf]  2026-03-05 03:11:06 | INFO     | services.data_collector.realtime:_collect_all_signals_and_execute_best:1651 | 🔍 Coletando sinais de todos os ativos para timeframe 5s...
2026-03-05T03:11:06.670174520Z [inf]  2026-03-05 03:11:06 | INFO     | services.trade_executor:_check_cooldown:1623 | ⏸️ [TradeExecutor] Cooldown de stop consecutivo ativo: 2980.7s restantes
2026-03-05T03:11:06.670185995Z [inf]  2026-03-05 03:11:06 | INFO     | services.trade_executor:_check_cooldown:1663 | ⏸️ [TradeExecutor] Cooldown ativo: 2962.5s restantes (configurado: 3600-3700s)
2026-03-05T03:11:06.671663720Z [inf]  2026-03-05 03:11:06 | INFO     | services.data_collector.realtime:_run_strategies:2357 | 🏆 [EURUSD_otc] Novo melhor sinal para User2: BUY | confluência=0.6% | conf=0.62
2026-03-05T03:11:06.671667798Z [inf]  2026-03-05 03:11:06 | INFO     | services.data_collector.realtime:_save_best_signal_to_db:201 | [BEST SIGNAL] Sinal adicionado ao batch: EURUSD_otc (buy) | conf=0.62
2026-03-05T03:11:06.671671621Z [inf]  2026-03-05 03:11:06 | INFO     | services.data_collector.realtime:_run_strategies:2301 | 📊 [USUÁRIO: Leandro Souza] Indicadores configurados: ['rsi', 'macd', 'bollinger_bands', 'sma', 'ema', 'stochastic', 'atr', 'zonas', 'parabolic_sar', 'ichimoku_cloud', 'money_flow_index', 'average_directional_index', 'keltner_channels', 'donchian_channels', 'heiken_ashi', 'pivot_points', 'supertrend', 'fibonacci_retracement', 'cci', 'williams_r', 'roc', 'vwap', 'obv']
2026-03-05T03:11:06.798878875Z [inf]  2026-03-05 03:11:06 | SUCCESS  | services.data_collector.realtime:_run_strategies:2327 | ✅ [EURUSD_otc] SINAL BUY gerado por CustomStrategy (5s) | confiança=0.62
2026-03-05T03:11:06.891408760Z [inf]  2026-03-05 03:11:06 | INFO     | services.data_collector.realtime:_run_strategies:2357 | 🏆 [EURUSD_otc] Novo melhor sinal para Leandro Souza: BUY | confluência=0.6% | conf=0.62
2026-03-05T03:11:06.891411596Z [inf]  2026-03-05 03:11:06 | INFO     | services.data_collector.realtime:_save_best_signal_to_db:201 | [BEST SIGNAL] Sinal adicionado ao batch: EURUSD_otc (buy) | conf=0.62
2026-03-05T03:11:06.891414425Z [inf]  2026-03-05 03:11:06 | INFO     | services.data_collector.realtime:_collect_all_signals_and_execute_best:1682 | [INFO] [EURUSD_otc] Sinal coletado para User2: BUY | confiança=0.62
2026-03-05T03:11:06.891417287Z [inf]  2026-03-05 03:11:06 | INFO     | services.data_collector.realtime:_collect_all_signals_and_execute_best:1682 | [INFO] [EURUSD_otc] Sinal coletado para Leandro Souza: BUY | confiança=0.62
2026-03-05T03:11:06.891419867Z [inf]  2026-03-05 03:11:06 | INFO     | services.l1_cache:get:69 | [L1 CACHE HIT] all_autotrade_configs (hits: 75287, misses: 227)
2026-03-05T03:11:06.933578864Z [inf]  2026-03-05 03:11:06 | INFO     | services.data_collector.realtime:_run_strategies:2187 | [MONEY] [USDMXN_otc] 2 configuração(ões) com saldo suficiente
2026-03-05T03:11:06.933583789Z [inf]  2026-03-05 03:11:06 | INFO     | services.data_collector.realtime:_run_strategies:2301 | 📊 [USUÁRIO: User2] Indicadores configurados: ['rsi', 'macd', 'bollinger_bands', 'sma', 'ema', 'stochastic', 'atr', 'zonas', 'parabolic_sar', 'ichimoku_cloud', 'money_flow_index', 'average_directional_index', 'keltner_channels', 'donchian_channels', 'heiken_ashi', 'pivot_points', 'supertrend', 'fibonacci_retracement', 'cci', 'williams_r', 'roc', 'vwap', 'obv']
2026-03-05T03:11:07.090114234Z [inf]  2026-03-05 03:11:07 | SUCCESS  | services.data_collector.realtime:_run_strategies:2327 | ✅ [USDMXN_otc] SINAL BUY gerado por CustomStrategy (5s) | confiança=0.61
2026-03-05T03:11:07.104718238Z [inf]  2026-03-05 03:11:07 | INFO     | services.data_collector.realtime:_add_tick_to_buffer:2915 | [INFO] [ATIVOS Client 1] 53 ticks | BTCUSD_otc | DOGE_otc | ETHUSD_otc | USDBDT_otc | USDMXN_otc | OMRCNY_otc | NGNUSD_otc | EURUSD_otc | AUDCHF_otc | CHFJPY_otc | QARCNY_otc | BHDCNY_otc | NZDJPY_otc | GBPJPY_otc | USDJPY_otc | #FB_otc | LTCUSD_otc | KESUSD_otc | #AXP_otc | AUDCAD_otc | USDCOP_otc | EURTRY_otc | USDCHF_otc | IRRUSD_otc | UAHUSD_otc | YERUSD_otc | #BA_otc | AUDUSD_otc | #MSFT_otc | ZARUSD_otc | MATIC_otc | TON-USD_otc | AEDCNY_otc | MARA_otc | TRX-USD_otc | USDARS_otc | #JNJ_otc | BITB_otc | USDPKR_otc | NZDUSD_otc | USDCAD_otc | JODCNY_otc | EURJPY_otc | USDCNH_otc | EURCHF_otc | USDBRL_otc | GBPUSD_otc | USDDZD_otc | USDEGP_otc | EURGBP_otc | BNB-USD_otc | #MCD_otc | LBPUSD_otc @ 05:11:06
2026-03-05T03:11:07.166114017Z [inf]  2026-03-05 03:11:07 | INFO     | services.data_collector.realtime:_run_strategies:2357 | 🏆 [USDMXN_otc] Novo melhor sinal para User2: BUY | confluência=0.7% | conf=0.61
2026-03-05T03:11:07.166119275Z [inf]  2026-03-05 03:11:07 | INFO     | services.data_collector.realtime:_save_best_signal_to_db:201 | [BEST SIGNAL] Sinal adicionado ao batch: USDMXN_otc (buy) | conf=0.61
2026-03-05T03:11:07.166122479Z [inf]  2026-03-05 03:11:07 | INFO     | services.data_collector.realtime:_run_strategies:2301 | 📊 [USUÁRIO: Leandro Souza] Indicadores configurados: ['rsi', 'macd', 'bollinger_bands', 'sma', 'ema', 'stochastic', 'atr', 'zonas', 'parabolic_sar', 'ichimoku_cloud', 'money_flow_index', 'average_directional_index', 'keltner_channels', 'donchian_channels', 'heiken_ashi', 'pivot_points', 'supertrend', 'fibonacci_retracement', 'cci', 'williams_r', 'roc', 'vwap', 'obv']
2026-03-05T03:11:07.642982926Z [inf]  2026-03-05 03:11:07 | INFO     | services.data_collector.realtime:_collect_all_signals_and_execute_best:1682 | [INFO] [USDMXN_otc] Sinal coletado para Leandro Souza: BUY | confiança=0.61
2026-03-05T03:11:07.642989981Z [inf]  2026-03-05 03:11:07 | INFO     | services.l1_cache:get:69 | [L1 CACHE HIT] all_autotrade_configs (hits: 75288, misses: 227)
2026-03-05T03:11:07.643010464Z [inf]  2026-03-05 03:11:07 | INFO     | services.data_collector.realtime:_run_strategies:2357 | 🏆 [USDMXN_otc] Novo melhor sinal para Leandro Souza: BUY | confluência=0.7% | conf=0.61
2026-03-05T03:11:07.643014818Z [inf]  2026-03-05 03:11:07 | INFO     | services.data_collector.realtime:_save_best_signal_to_db:201 | [BEST SIGNAL] Sinal adicionado ao batch: USDMXN_otc (buy) | conf=0.61
2026-03-05T03:11:07.643022916Z [inf]  2026-03-05 03:11:07 | INFO     | services.data_collector.realtime:_collect_all_signals_and_execute_best:1682 | [INFO] [USDMXN_otc] Sinal coletado para User2: BUY | confiança=0.61
2026-03-05T03:11:07.643056903Z [inf]  2026-03-05 03:11:07 | SUCCESS  | services.data_collector.realtime:_run_strategies:2327 | ✅ [USDMXN_otc] SINAL BUY gerado por CustomStrategy (5s) | confiança=0.61
2026-03-05T03:11:07.643065723Z [inf]  2026-03-05 03:11:07 | INFO     | api.routers.autotrade_config:get_autotrade_configs:283 | [DEBUG] get_autotrade_configs - Config 6de7df71-a4e5-4a33-8817-04a8add0391b: execute_all_signals=True
2026-03-05T03:11:07.643094004Z [inf]  2026-03-05 03:11:07 | INFO     | services.data_collector.realtime:_run_strategies:2187 | [MONEY] [ZARUSD_otc] 2 configuração(ões) com saldo suficiente
2026-03-05T03:11:07.643100828Z [inf]  2026-03-05 03:11:07 | INFO     | services.data_collector.realtime:_run_strategies:2301 | 📊 [USUÁRIO: User2] Indicadores configurados: ['rsi', 'macd', 'bollinger_bands', 'sma', 'ema', 'stochastic', 'atr', 'zonas', 'parabolic_sar', 'ichimoku_cloud', 'money_flow_index', 'average_directional_index', 'keltner_channels', 'donchian_channels', 'heiken_ashi', 'pivot_points', 'supertrend', 'fibonacci_retracement', 'cci', 'williams_r', 'roc', 'vwap', 'obv']
2026-03-05T03:11:07.644020472Z [inf]  2026-03-05 03:11:07 | SUCCESS  | services.data_collector.realtime:_run_strategies:2327 | ✅ [ZARUSD_otc] SINAL BUY gerado por CustomStrategy (5s) | confiança=0.61
2026-03-05T03:11:07.662247747Z [inf]  2026-03-05 03:11:07 | INFO     | services.data_collector.realtime:_run_strategies:2357 | 🏆 [ZARUSD_otc] Novo melhor sinal para User2: BUY | confluência=0.6% | conf=0.61
2026-03-05T03:11:07.662251570Z [inf]  2026-03-05 03:11:07 | INFO     | services.data_collector.realtime:_save_best_signal_to_db:201 | [BEST SIGNAL] Sinal adicionado ao batch: ZARUSD_otc (buy) | conf=0.61
2026-03-05T03:11:07.662254489Z [inf]  2026-03-05 03:11:07 | INFO     | services.data_collector.realtime:_run_strategies:2301 | 📊 [USUÁRIO: Leandro Souza] Indicadores configurados: ['rsi', 'macd', 'bollinger_bands', 'sma', 'ema', 'stochastic', 'atr', 'zonas', 'parabolic_sar', 'ichimoku_cloud', 'money_flow_index', 'average_directional_index', 'keltner_channels', 'donchian_channels', 'heiken_ashi', 'pivot_points', 'supertrend', 'fibonacci_retracement', 'cci', 'williams_r', 'roc', 'vwap', 'obv']
2026-03-05T03:11:07.818726845Z [inf]  2026-03-05 03:11:07 | SUCCESS  | services.data_collector.realtime:_run_strategies:2327 | ✅ [ZARUSD_otc] SINAL BUY gerado por CustomStrategy (5s) | confiança=0.61
2026-03-05T03:11:07.849292348Z [inf]  2026-03-05 03:11:07 | INFO     | services.data_collector.realtime:_run_strategies:2357 | 🏆 [ZARUSD_otc] Novo melhor sinal para Leandro Souza: BUY | confluência=0.6% | conf=0.61
2026-03-05T03:11:07.849297509Z [inf]  2026-03-05 03:11:07 | INFO     | services.data_collector.realtime:_save_best_signal_to_db:201 | [BEST SIGNAL] Sinal adicionado ao batch: ZARUSD_otc (buy) | conf=0.61
2026-03-05T03:11:07.849300416Z [inf]  2026-03-05 03:11:07 | INFO     | services.data_collector.realtime:_collect_all_signals_and_execute_best:1682 | [INFO] [ZARUSD_otc] Sinal coletado para User2: BUY | confiança=0.61
2026-03-05T03:11:07.849303437Z [inf]  2026-03-05 03:11:07 | INFO     | services.data_collector.realtime:_collect_all_signals_and_execute_best:1682 | [INFO] [ZARUSD_otc] Sinal coletado para Leandro Souza: BUY | confiança=0.61
2026-03-05T03:11:07.849306089Z [inf]  2026-03-05 03:11:07 | INFO     | services.l1_cache:get:69 | [L1 CACHE HIT] all_autotrade_configs (hits: 75289, misses: 227)
2026-03-05T03:11:07.933735816Z [inf]  2026-03-05 03:11:07 | INFO     | services.data_collector.realtime:_run_strategies:2187 | [MONEY] [USDCOP_otc] 2 configuração(ões) com saldo suficiente
2026-03-05T03:11:07.933739615Z [inf]  2026-03-05 03:11:07 | INFO     | services.data_collector.realtime:_run_strategies:2301 | 📊 [USUÁRIO: User2] Indicadores configurados: ['rsi', 'macd', 'bollinger_bands', 'sma', 'ema', 'stochastic', 'atr', 'zonas', 'parabolic_sar', 'ichimoku_cloud', 'money_flow_index', 'average_directional_index', 'keltner_channels', 'donchian_channels', 'heiken_ashi', 'pivot_points', 'supertrend', 'fibonacci_retracement', 'cci', 'williams_r', 'roc', 'vwap', 'obv']
2026-03-05T03:11:08.087795867Z [inf]  2026-03-05 03:11:08 | SUCCESS  | services.data_collector.realtime:_run_strategies:2327 | ✅ [USDCOP_otc] SINAL BUY gerado por CustomStrategy (5s) | confiança=0.64
2026-03-05T03:11:08.111404936Z [inf]  2026-03-05 03:11:08 | INFO     | services.data_collector.realtime:_add_tick_to_buffer:2915 | [INFO] [ATIVOS Client 1] 53 ticks | BTCUSD_otc | DOGE_otc | ETHUSD_otc | USDBDT_otc | USDMXN_otc | OMRCNY_otc | NGNUSD_otc | EURUSD_otc | AUDCHF_otc | CHFJPY_otc | QARCNY_otc | BHDCNY_otc | NZDJPY_otc | GBPJPY_otc | USDJPY_otc | #FB_otc | LTCUSD_otc | KESUSD_otc | #AXP_otc | AUDCAD_otc | USDCOP_otc | EURTRY_otc | USDCHF_otc | IRRUSD_otc | UAHUSD_otc | YERUSD_otc | #BA_otc | AUDUSD_otc | #MSFT_otc | ZARUSD_otc | MATIC_otc | TON-USD_otc | AEDCNY_otc | MARA_otc | TRX-USD_otc | USDARS_otc | #JNJ_otc | BITB_otc | USDPKR_otc | NZDUSD_otc | USDCAD_otc | JODCNY_otc | EURJPY_otc | USDCNH_otc | EURCHF_otc | USDBRL_otc | GBPUSD_otc | USDDZD_otc | USDEGP_otc | EURGBP_otc | BNB-USD_otc | #MCD_otc | LBPUSD_otc @ 05:11:07
2026-03-05T03:11:08.113079464Z [inf]  2026-03-05 03:11:08 | INFO     | services.data_collector.realtime:_run_strategies:2357 | 🏆 [USDCOP_otc] Novo melhor sinal para User2: BUY | confluência=0.7% | conf=0.64
2026-03-05T03:11:08.113086402Z [inf]  2026-03-05 03:11:08 | INFO     | services.data_collector.realtime:_save_best_signal_to_db:201 | [BEST SIGNAL] Sinal adicionado ao batch: USDCOP_otc (buy) | conf=0.64
2026-03-05T03:11:08.113091345Z [inf]  2026-03-05 03:11:08 | INFO     | services.data_collector.realtime:_run_strategies:2301 | 📊 [USUÁRIO: Leandro Souza] Indicadores configurados: ['rsi', 'macd', 'bollinger_bands', 'sma', 'ema', 'stochastic', 'atr', 'zonas', 'parabolic_sar', 'ichimoku_cloud', 'money_flow_index', 'average_directional_index', 'keltner_channels', 'donchian_channels', 'heiken_ashi', 'pivot_points', 'supertrend', 'fibonacci_retracement', 'cci', 'williams_r', 'roc', 'vwap', 'obv']
2026-03-05T03:11:08.292228443Z [inf]  2026-03-05 03:11:08 | SUCCESS  | services.data_collector.realtime:_run_strategies:2327 | ✅ [USDCOP_otc] SINAL BUY gerado por CustomStrategy (5s) | confiança=0.64
2026-03-05T03:11:08.643197576Z [inf]  2026-03-05 03:11:08 | INFO     | services.data_collector.realtime:_run_strategies:2357 | 🏆 [USDCOP_otc] Novo melhor sinal para Leandro Souza: BUY | confluência=0.7% | conf=0.64
2026-03-05T03:11:08.643200761Z [inf]  2026-03-05 03:11:08 | INFO     | services.data_collector.realtime:_save_best_signal_to_db:201 | [BEST SIGNAL] Sinal adicionado ao batch: USDCOP_otc (buy) | conf=0.64
2026-03-05T03:11:08.643203723Z [inf]  2026-03-05 03:11:08 | INFO     | services.data_collector.realtime:_collect_all_signals_and_execute_best:1682 | [INFO] [USDCOP_otc] Sinal coletado para User2: BUY | confiança=0.64
2026-03-05T03:11:08.643206510Z [inf]  2026-03-05 03:11:08 | INFO     | services.data_collector.realtime:_collect_all_signals_and_execute_best:1682 | [INFO] [USDCOP_otc] Sinal coletado para Leandro Souza: BUY | confiança=0.64
2026-03-05T03:11:08.643210306Z [inf]  2026-03-05 03:11:08 | INFO     | services.l1_cache:get:69 | [L1 CACHE HIT] all_autotrade_configs (hits: 75290, misses: 227)
2026-03-05T03:11:08.643213189Z [inf]  2026-03-05 03:11:08 | INFO     | services.data_collector.realtime:_run_strategies:2187 | [MONEY] [#FB_otc] 2 configuração(ões) com saldo suficiente
2026-03-05T03:11:08.643217560Z [inf]  2026-03-05 03:11:08 | INFO     | services.data_collector.realtime:_run_strategies:2301 | 📊 [USUÁRIO: User2] Indicadores configurados: ['rsi', 'macd', 'bollinger_bands', 'sma', 'ema', 'stochastic', 'atr', 'zonas', 'parabolic_sar', 'ichimoku_cloud', 'money_flow_index', 'average_directional_index', 'keltner_channels', 'donchian_channels', 'heiken_ashi', 'pivot_points', 'supertrend', 'fibonacci_retracement', 'cci', 'williams_r', 'roc', 'vwap', 'obv']
2026-03-05T03:11:08.660005212Z [inf]  2026-03-05 03:11:08 | INFO     | services.data_collector.realtime:_run_strategies:2301 | 📊 [USUÁRIO: Leandro Souza] Indicadores configurados: ['rsi', 'macd', 'bollinger_bands', 'sma', 'ema', 'stochastic', 'atr', 'zonas', 'parabolic_sar', 'ichimoku_cloud', 'money_flow_index', 'average_directional_index', 'keltner_channels', 'donchian_channels', 'heiken_ashi', 'pivot_points', 'supertrend', 'fibonacci_retracement', 'cci', 'williams_r', 'roc', 'vwap', 'obv']
2026-03-05T03:11:08.826960480Z [inf]  2026-03-05 03:11:08 | INFO     | services.l1_cache:get:69 | [L1 CACHE HIT] all_autotrade_configs (hits: 75291, misses: 227)
2026-03-05T03:11:08.904419896Z [inf]  2026-03-05 03:11:08 | INFO     | services.data_collector.connection_manager:ensure_connection:1403 | [82af7293...] Conectando demo sob demanda para usuário...
2026-03-05T03:11:08.917284747Z [inf]  2026-03-05 03:11:08 | INFO     | services.data_collector.realtime:_run_strategies:2187 | [MONEY] [USDEGP_otc] 2 configuração(ões) com saldo suficiente
2026-03-05T03:11:08.923752660Z [inf]  2026-03-05 03:11:08 | INFO     | services.data_collector.realtime:_run_strategies:2301 | 📊 [USUÁRIO: User2] Indicadores configurados: ['rsi', 'macd', 'bollinger_bands', 'sma', 'ema', 'stochastic', 'atr', 'zonas', 'parabolic_sar', 'ichimoku_cloud', 'money_flow_index', 'average_directional_index', 'keltner_channels', 'donchian_channels', 'heiken_ashi', 'pivot_points', 'supertrend', 'fibonacci_retracement', 'cci', 'williams_r', 'roc', 'vwap', 'obv']
2026-03-05T03:11:09.094123058Z [inf]  2026-03-05 03:11:09 | INFO     | services.data_collector.realtime:_run_strategies:2301 | 📊 [USUÁRIO: Leandro Souza] Indicadores configurados: ['rsi', 'macd', 'bollinger_bands', 'sma', 'ema', 'stochastic', 'atr', 'zonas', 'parabolic_sar', 'ichimoku_cloud', 'money_flow_index', 'average_directional_index', 'keltner_channels', 'donchian_channels', 'heiken_ashi', 'pivot_points', 'supertrend', 'fibonacci_retracement', 'cci', 'williams_r', 'roc', 'vwap', 'obv']
2026-03-05T03:11:09.247788323Z [inf]  2026-03-05 03:11:09 | INFO     | services.l1_cache:get:69 | [L1 CACHE HIT] all_autotrade_configs (hits: 75292, misses: 227)
2026-03-05T03:11:09.254189436Z [inf]  2026-03-05 03:11:09 | INFO     | services.data_collector.realtime:_add_tick_to_buffer:2915 | [INFO] [ATIVOS Client 1] 53 ticks | BTCUSD_otc | DOGE_otc | ETHUSD_otc | USDBDT_otc | USDMXN_otc | OMRCNY_otc | NGNUSD_otc | EURUSD_otc | AUDCHF_otc | CHFJPY_otc | QARCNY_otc | BHDCNY_otc | NZDJPY_otc | GBPJPY_otc | USDJPY_otc | #FB_otc | LTCUSD_otc | KESUSD_otc | #AXP_otc | AUDCAD_otc | USDCOP_otc | EURTRY_otc | USDCHF_otc | IRRUSD_otc | UAHUSD_otc | YERUSD_otc | #BA_otc | AUDUSD_otc | #MSFT_otc | ZARUSD_otc | MATIC_otc | TON-USD_otc | AEDCNY_otc | MARA_otc | TRX-USD_otc | USDARS_otc | #JNJ_otc | BITB_otc | USDPKR_otc | NZDUSD_otc | USDCAD_otc | JODCNY_otc | EURJPY_otc | USDCNH_otc | EURCHF_otc | USDBRL_otc | GBPUSD_otc | USDDZD_otc | USDEGP_otc | EURGBP_otc | BNB-USD_otc | #MCD_otc | LBPUSD_otc @ 05:11:08
2026-03-05T03:11:09.304896562Z [inf]  2026-03-05 03:11:09 | INFO     | services.pocketoption.client:__init__:135 | Initialized PocketOption client (demo=True, uid=0, persistent=True)
2026-03-05T03:11:09.304902053Z [inf]  2026-03-05 03:11:09 | INFO     | services.ws_connection_logger:_create_log_file:101 | [WS LOGGER] Arquivo de log criado: logs/ws/user3test@gmail.com_keep_alive_keep_alive_82f4d7b78018_20260305_031109.log
2026-03-05T03:11:09.304906416Z [inf]  2026-03-05 03:11:09 | INFO     | services.pocketoption.keep_alive:_establish_connection:210 | [CONNECT] Connecting: Attempting connection to wss://demo-api-eu.po.market/socket.io/?EIO=4&transport=websocket (attempt 1/2)
2026-03-05T03:11:09.723784639Z [inf]  2026-03-05 03:11:09 | SUCCESS  | services.data_collector.realtime:_run_strategies:2327 | ✅ [UAHUSD_otc] SINAL SELL gerado por CustomStrategy (5s) | confiança=0.62
2026-03-05T03:11:09.723792069Z [inf]  2026-03-05 03:11:09 | INFO     | services.data_collector.realtime:_run_strategies:2357 | 🏆 [UAHUSD_otc] Novo melhor sinal para User2: SELL | confluência=0.7% | conf=0.62
2026-03-05T03:11:09.723796168Z [inf]  2026-03-05 03:11:09 | INFO     | services.data_collector.realtime:_save_best_signal_to_db:201 | [BEST SIGNAL] Sinal adicionado ao batch: UAHUSD_otc (sell) | conf=0.62
2026-03-05T03:11:09.723800468Z [inf]  2026-03-05 03:11:09 | INFO     | services.data_collector.realtime:_run_strategies:2301 | 📊 [USUÁRIO: Leandro Souza] Indicadores configurados: ['rsi', 'macd', 'bollinger_bands', 'sma', 'ema', 'stochastic', 'atr', 'zonas', 'parabolic_sar', 'ichimoku_cloud', 'money_flow_index', 'average_directional_index', 'keltner_channels', 'donchian_channels', 'heiken_ashi', 'pivot_points', 'supertrend', 'fibonacci_retracement', 'cci', 'williams_r', 'roc', 'vwap', 'obv']
2026-03-05T03:11:09.723862931Z [inf]  2026-03-05 03:11:09 | INFO     | services.data_collector.realtime:_run_strategies:2187 | [MONEY] [UAHUSD_otc] 2 configuração(ões) com saldo suficiente
2026-03-05T03:11:09.723865788Z [inf]  2026-03-05 03:11:09 | INFO     | services.data_collector.realtime:_run_strategies:2301 | 📊 [USUÁRIO: User2] Indicadores configurados: ['rsi', 'macd', 'bollinger_bands', 'sma', 'ema', 'stochastic', 'atr', 'zonas', 'parabolic_sar', 'ichimoku_cloud', 'money_flow_index', 'average_directional_index', 'keltner_channels', 'donchian_channels', 'heiken_ashi', 'pivot_points', 'supertrend', 'fibonacci_retracement', 'cci', 'williams_r', 'roc', 'vwap', 'obv']
2026-03-05T03:11:09.835671090Z [inf]  2026-03-05 03:11:09 | SUCCESS  | services.data_collector.realtime:_run_strategies:2327 | ✅ [UAHUSD_otc] SINAL SELL gerado por CustomStrategy (5s) | confiança=0.62
2026-03-05T03:11:09.859877455Z [inf]  2026-03-05 03:11:09 | INFO     | services.data_collector.realtime:_run_strategies:2357 | 🏆 [UAHUSD_otc] Novo melhor sinal para Leandro Souza: SELL | confluência=0.7% | conf=0.62
2026-03-05T03:11:09.859882477Z [inf]  2026-03-05 03:11:09 | INFO     | services.data_collector.realtime:_save_best_signal_to_db:201 | [BEST SIGNAL] Sinal adicionado ao batch: UAHUSD_otc (sell) | conf=0.62
2026-03-05T03:11:09.859885661Z [inf]  2026-03-05 03:11:09 | INFO     | services.data_collector.realtime:_collect_all_signals_and_execute_best:1682 | [INFO] [UAHUSD_otc] Sinal coletado para User2: SELL | confiança=0.62
2026-03-05T03:11:09.859888841Z [inf]  2026-03-05 03:11:09 | INFO     | services.data_collector.realtime:_collect_all_signals_and_execute_best:1682 | [INFO] [UAHUSD_otc] Sinal coletado para Leandro Souza: SELL | confiança=0.62
2026-03-05T03:11:09.859892155Z [inf]  2026-03-05 03:11:09 | INFO     | services.l1_cache:get:69 | [L1 CACHE HIT] all_autotrade_configs (hits: 75293, misses: 227)
2026-03-05T03:11:09.956699336Z [inf]  2026-03-05 03:11:09 | INFO     | services.data_collector.realtime:_run_strategies:2187 | [MONEY] [GBPJPY_otc] 2 configuração(ões) com saldo suficiente
2026-03-05T03:11:09.956705544Z [inf]  2026-03-05 03:11:09 | INFO     | services.data_collector.realtime:_run_strategies:2301 | 📊 [USUÁRIO: User2] Indicadores configurados: ['rsi', 'macd', 'bollinger_bands', 'sma', 'ema', 'stochastic', 'atr', 'zonas', 'parabolic_sar', 'ichimoku_cloud', 'money_flow_index', 'average_directional_index', 'keltner_channels', 'donchian_channels', 'heiken_ashi', 'pivot_points', 'supertrend', 'fibonacci_retracement', 'cci', 'williams_r', 'roc', 'vwap', 'obv']