2026-03-06 15:37:40 | INFO     |                 |        |      | services.data_collector.realtime:initialize:323 | Inicializando serviço de coleta de dados...
2026-03-06 15:37:40 | INFO     |                 |        |      | services.data_collector.realtime:_load_historical_data_to_buffer:375 | Inicializando buffers de candles para coleta em tempo real...
2026-03-06 15:37:40 | INFO     |                 |        |      | services.data_collector.realtime:_load_historical_data_to_buffer:400 | [OK] Buffers inicializados para 0 ativos
2026-03-06 15:37:40 | INFO     |                 |        |      | services.data_collector.realtime:_load_monitoring_accounts_from_db:809 | SSID de PAYOUT carregado do banco de dados
2026-03-06 15:37:40 | INFO     |                 |        |      | services.data_collector.realtime:_load_monitoring_accounts_from_db:831 | 1 contas ATIVOS carregadas do banco de dados
2026-03-06 15:37:40 | INFO     |                 |        |      | services.data_collector.realtime:initialize:340 | [OK] SSID de PAYOUT encontrado: 42["auth",{"session":"3ukili81v4ej0epvv08fstd4oj",...
2026-03-06 15:37:40 | INFO     |                 |        |      | services.data_collector.realtime:initialize:354 | [PAYOUT] [OK] Cliente PAYOUT inicializado
2026-03-06 15:37:40 | SUCCESS  |                 |        |      | services.data_collector.realtime:initialize:371 | [MONITORAMENTO] [OK] 1 clientes ATIVOS inicializados
2026-03-06 15:37:40 | INFO     |                 |        |      | services.data_collector.local_storage:_clear_actives_folder:67 | [OK] Pasta data\actives limpa
2026-03-06 15:37:40 | INFO     |                 |        |      | services.data_collector.local_storage:start:44 | [OK] Local Storage iniciado em data\actives (clear_on_start=True, max_ticks=10000)
2026-03-06 15:37:40 | INFO     |                 |        |      | services.data_collector.realtime:start:422 | [BATCH SAVER] Sistema de salvamento em lote iniciado
2026-03-06 15:37:40 | INFO     |                 |        |      | services.data_collector.connection_manager:start_monitoring:829 | Gerenciador de conexões iniciado
2026-03-06 15:37:40 | INFO     |                 |        |      | services.data_collector.connection_manager:_monitor_loop:880 | Loop de monitoramento de conexões iniciado
2026-03-06 15:37:40 | INFO     |                 |        |      | services.data_collector.connection_manager:_monitor_loop:885 | _is_running = True
2026-03-06 15:37:40 | INFO     |                 |        |      | services.data_collector.connection_manager:_monitor_loop:892 | Entrando no loop de monitoramento...
2026-03-06 15:37:40 | INFO     |                 |        |      | services.data_collector.connection_manager:_monitor_loop:898 | Dormindo por 5 segundos...
2026-03-06 15:37:42 | INFO     |                 |        |      | services.data_collector.realtime:start:433 | [OK] Verificador de manutenção iniciado
2026-03-06 15:37:42 | INFO     |                 |        |      | services.data_collector.realtime:start:438 | [MONITORAMENTO: PAYOUT] Iniciando conexão do cliente PAYOUT...
2026-03-06 15:37:42 | INFO     |                 |        |      | services.data_collector.realtime:start:440 | [MONITORAMENTO: PAYOUT] [OK] Cliente PAYOUT encontrado, tentando conectar...
2026-03-06 15:37:44 | SUCCESS  |                 |        |      | services.data_collector.realtime:start:443 | [MONITORAMENTO: PAYOUT] [OK] Cliente PAYOUT conectado
2026-03-06 15:37:44 | INFO     |                 |        |      | services.data_collector.realtime:start:450 | [MONITORAMENTO: PAYOUT] [OK] Callback _on_payout_data registrado
2026-03-06 15:37:44 | INFO     |                 |        |      | services.data_collector.reconnection_manager:register_connection:68 | [OK] Conexão registrada: [%s] %s (id: %s)
2026-03-06 15:37:44 | DEBUG    |                 |        |      | services.data_collector.realtime:_on_payout_data:3195 | Iniciando processamento de 183 assets de payout
2026-03-06 15:37:44 | DEBUG    |                 |        |      | services.data_collector.realtime:_on_payout_data:3233 | Atualizando 183 assets no banco de dados...
2026-03-06 15:37:44 | DEBUG    |                 |        |      | services.data_collector.realtime:_do_update:3265 | Query SELECT levou 0.077s para 183 assets
2026-03-06 15:37:44 | DEBUG    |                 |        |      | services.data_collector.realtime:_do_update:3301 | [OK] 183 assets atualizados em lote em 0.146s (query: 0.077s, update: 0.003s, commit: 0.066s)
2026-03-06 15:37:44 | DEBUG    |                 |        |      | services.data_collector.realtime:_on_payout_data:3235 | [OK] 183 assets atualizados
2026-03-06 15:37:44 | INFO     |                 |        |      | services.data_collector.realtime:_on_payout_data:3239 | [OK] Dados de payout atualizados para 183 assets
2026-03-06 15:37:45 | INFO     |                 |        |      | services.data_collector.connection_manager:_monitor_loop:904 | Acordou do sono
2026-03-06 15:37:45 | INFO     |                 |        |      | services.data_collector.connection_manager:_monitor_loop:918 | Verificando conexões...
2026-03-06 15:37:45 | INFO     |                 |        |      | services.data_collector.connection_manager:_monitor_loop:925 | Abrindo conexão com banco de dados...
2026-03-06 15:37:45 | INFO     |                 |        |      | services.data_collector.connection_manager:_monitor_loop:932 | Conexão com banco de dados aberta
2026-03-06 15:37:45 | INFO     |                 |        |      | services.data_collector.connection_manager:_monitor_loop:953 | Encontradas 7 contas ativas
2026-03-06 15:37:45 | INFO     |                 |        |      | services.data_collector.connection_manager:_monitor_loop:892 | Entrando no loop de monitoramento...
2026-03-06 15:37:45 | INFO     |                 |        |      | services.data_collector.connection_manager:_monitor_loop:898 | Dormindo por 5 segundos...
2026-03-06 15:37:49 | INFO     |                 |        |      | services.data_collector.realtime:start:462 | [OK] Coleta iniciada: 183 assets
2026-03-06 15:37:49 | INFO     |                 |        |      | services.data_collector.realtime:start:466 | [OK] Tarefa periódica de atualização de assets iniciada
2026-03-06 15:37:49 | INFO     |                 |        |      | services.data_collector.realtime:_start_ativos_monitoring:893 | Iniciando monitoramento de ativos...
2026-03-06 15:37:50 | INFO     |                 |        |      | services.data_collector.connection_manager:_monitor_loop:904 | Acordou do sono
2026-03-06 15:37:50 | INFO     |                 |        |      | services.data_collector.connection_manager:_monitor_loop:918 | Verificando conexões...
2026-03-06 15:37:50 | INFO     |                 |        |      | services.data_collector.connection_manager:_monitor_loop:925 | Abrindo conexão com banco de dados...
2026-03-06 15:37:50 | INFO     |                 |        |      | services.data_collector.connection_manager:_monitor_loop:932 | Conexão com banco de dados aberta
2026-03-06 15:37:50 | INFO     |                 |        |      | services.data_collector.connection_manager:_monitor_loop:953 | Encontradas 7 contas ativas
2026-03-06 15:37:50 | INFO     |                 |        |      | services.data_collector.connection_manager:_monitor_loop:892 | Entrando no loop de monitoramento...
2026-03-06 15:37:50 | INFO     |                 |        |      | services.data_collector.connection_manager:_monitor_loop:898 | Dormindo por 5 segundos...
2026-03-06 15:37:51 | INFO     |                 |        |      | services.data_collector.realtime:_start_ativos_monitoring:929 | [MONITORAMENTO #1] Cliente ATIVOS #1 conectado
2026-03-06 15:37:51 | INFO     |                 |        |      | services.data_collector.reconnection_manager:register_connection:68 | [OK] Conexão registrada: [%s] %s (id: %s)
2026-03-06 15:37:51 | INFO     |                 |        |      | services.data_collector.realtime:_start_ativos_monitoring:957 | [MONITORAMENTO #1] [OK] Cliente ATIVOS #1 registrado no gerenciador unificado
2026-03-06 15:37:51 | INFO     |                 |        |      | services.data_collector.reconnection_manager:register_connection:68 | [OK] Conexão registrada: [%s] %s (id: %s)
2026-03-06 15:37:52 | INFO     |                 |        |      | services.data_collector.realtime:_start_ativos_monitoring:1013 | [INIT] Encontrados 24 assets com payout >= 92%
2026-03-06 15:37:52 | INFO     |                 |        |      | services.data_collector.realtime:_start_ativos_monitoring:1014 | [INIT] Top ativos: ['EURUSD_otc', 'AUDCAD_otc', 'USDRUB_otc', '#AMZN_otc', '#CITI_otc', 'ADA-USD_otc', 'EURJPY_otc', 'EURNZD_otc', 'DOGE_otc', 'DOTUSD_otc', '#AAPL_otc', '#INTC_otc', 'PLTR_otc', 'American_Express_otc', 'USDSGD_otc']
2026-03-06 15:37:52 | INFO     |                 |        |      | services.data_collector.realtime:_start_ativos_monitoring:1020 | [INIT] Número de contas ATIVOS: 1
2026-03-06 15:37:52 | INFO     |                 |        |      | services.data_collector.realtime:_start_ativos_monitoring:1038 | [INIT] Conta 0: 10 ativos disponíveis após filtro
2026-03-06 15:37:52 | INFO     |                 |        |      | services.data_collector.realtime:_start_ativos_monitoring:1050 | [INIT] Conta 0: start_idx=0, end_idx=10
2026-03-06 15:37:52 | INFO     |                 |        |      | services.data_collector.realtime:_start_ativos_monitoring:1061 | [INIT] ATIVOS Client 1: selecionados 10 assets: ['EURUSD_otc', 'AUDCAD_otc', 'USDRUB_otc', '#CITI_otc', 'ADA-USD_otc', 'EURJPY_otc', 'EURNZD_otc', 'DOGE_otc', 'DOTUSD_otc', '#AAPL_otc']
2026-03-06 15:37:52 | DEBUG    |                 |        |      | services.data_collector.realtime:_subscribe_asset:1143 | [OK] Inscrevendo em EURUSD_otc
2026-03-06 15:37:52 | DEBUG    |                 |        |      | services.data_collector.realtime:_request_historical_data:1165 | [OK] Dados históricos solicitados para EURUSD_otc
2026-03-06 15:37:52 | DEBUG    |                 |        |      | services.data_collector.realtime:_subscribe_asset:1143 | [OK] Inscrevendo em AUDCAD_otc
2026-03-06 15:37:52 | DEBUG    |                 |        |      | services.data_collector.realtime:_request_historical_data:1165 | [OK] Dados históricos solicitados para AUDCAD_otc
2026-03-06 15:37:52 | DEBUG    |                 |        |      | services.data_collector.realtime:_subscribe_asset:1143 | [OK] Inscrevendo em USDRUB_otc
2026-03-06 15:37:52 | DEBUG    |                 |        |      | services.data_collector.realtime:_request_historical_data:1165 | [OK] Dados históricos solicitados para USDRUB_otc
2026-03-06 15:37:52 | INFO     |                 |        |      | services.data_collector.realtime:_on_ativos_candles_received:2526 | [CHART] [ATIVOS Client 1] Histórico recebido: EURUSD_otc | 1392 candles | período=1s @ 15:37:52
2026-03-06 15:37:52 | DEBUG    |                 |        |      | services.data_collector.local_storage:_append_to_file_batch:175 | [OK] [EURUSD_otc] Adicionados 1392 ticks via append
2026-03-06 15:37:52 | INFO     |                 |        |      | services.data_collector.realtime:_load_history_to_buffer:2633 | [OK] [EURUSD_otc] 228 candles carregados para timeframe 3s
2026-03-06 15:37:52 | INFO     |                 |        |      | services.data_collector.realtime:_load_history_to_buffer:2633 | [OK] [EURUSD_otc] 136 candles carregados para timeframe 5s
2026-03-06 15:37:52 | INFO     |                 |        |      | services.data_collector.realtime:_load_history_to_buffer:2633 | [OK] [EURUSD_otc] 23 candles carregados para timeframe 30s
2026-03-06 15:37:52 | INFO     |                 |        |      | services.data_collector.realtime:_load_history_to_buffer:2633 | [OK] [EURUSD_otc] 12 candles carregados para timeframe 60s
2026-03-06 15:37:52 | INFO     |                 |        |      | services.data_collector.realtime:_load_history_to_buffer:2633 | [OK] [EURUSD_otc] 3 candles carregados para timeframe 300s
2026-03-06 15:37:52 | INFO     |                 |        |      | services.data_collector.realtime:_load_history_to_buffer:2633 | [OK] [EURUSD_otc] 2 candles carregados para timeframe 900s
2026-03-06 15:37:52 | INFO     |                 |        |      | services.data_collector.realtime:_load_history_to_buffer:2633 | [OK] [EURUSD_otc] 1 candles carregados para timeframe 3600s
2026-03-06 15:37:52 | INFO     |                 |        |      | services.data_collector.realtime:_load_history_to_buffer:2633 | [OK] [EURUSD_otc] 1 candles carregados para timeframe 14400s
2026-03-06 15:37:52 | INFO     |                 |        |      | services.data_collector.realtime:_load_history_to_buffer:2633 | [OK] [EURUSD_otc] 1 candles carregados para timeframe 86400s
2026-03-06 15:37:52 | INFO     |                 |        |      | services.data_collector.realtime:_load_history_to_buffer:2635 | [OK] [EURUSD_otc] Dados históricos carregados no buffer para todos os timeframes
2026-03-06 15:37:52 | DEBUG    |                 |        |      | services.data_collector.realtime:_subscribe_asset:1143 | [OK] Inscrevendo em #CITI_otc
2026-03-06 15:37:52 | DEBUG    |                 |        |      | services.data_collector.realtime:_request_historical_data:1165 | [OK] Dados históricos solicitados para #CITI_otc
2026-03-06 15:37:52 | INFO     |                 |        |      | services.data_collector.realtime:_on_ativos_candles_received:2526 | [CHART] [ATIVOS Client 1] Histórico recebido: AUDCAD_otc | 1356 candles | período=1s @ 15:37:52
2026-03-06 15:37:52 | DEBUG    |                 |        |      | services.data_collector.local_storage:_append_to_file_batch:175 | [OK] [AUDCAD_otc] Adicionados 1356 ticks via append
2026-03-06 15:37:52 | INFO     |                 |        |      | services.data_collector.realtime:_load_history_to_buffer:2633 | [OK] [AUDCAD_otc] 221 candles carregados para timeframe 3s
2026-03-06 15:37:52 | INFO     |                 |        |      | services.data_collector.realtime:_load_history_to_buffer:2633 | [OK] [AUDCAD_otc] 133 candles carregados para timeframe 5s
2026-03-06 15:37:52 | INFO     |                 |        |      | services.data_collector.realtime:_load_history_to_buffer:2633 | [OK] [AUDCAD_otc] 23 candles carregados para timeframe 30s
2026-03-06 15:37:52 | INFO     |                 |        |      | services.data_collector.realtime:_load_history_to_buffer:2633 | [OK] [AUDCAD_otc] 12 candles carregados para timeframe 60s
2026-03-06 15:37:52 | INFO     |                 |        |      | services.data_collector.realtime:_load_history_to_buffer:2633 | [OK] [AUDCAD_otc] 3 candles carregados para timeframe 300s
2026-03-06 15:37:52 | INFO     |                 |        |      | services.data_collector.realtime:_load_history_to_buffer:2633 | [OK] [AUDCAD_otc] 2 candles carregados para timeframe 900s
2026-03-06 15:37:52 | INFO     |                 |        |      | services.data_collector.realtime:_load_history_to_buffer:2633 | [OK] [AUDCAD_otc] 1 candles carregados para timeframe 3600s
2026-03-06 15:37:52 | INFO     |                 |        |      | services.data_collector.realtime:_load_history_to_buffer:2633 | [OK] [AUDCAD_otc] 1 candles carregados para timeframe 14400s
2026-03-06 15:37:52 | INFO     |                 |        |      | services.data_collector.realtime:_load_history_to_buffer:2633 | [OK] [AUDCAD_otc] 1 candles carregados para timeframe 86400s
2026-03-06 15:37:52 | INFO     |                 |        |      | services.data_collector.realtime:_load_history_to_buffer:2635 | [OK] [AUDCAD_otc] Dados históricos carregados no buffer para todos os timeframes
2026-03-06 15:37:52 | DEBUG    |                 |        |      | services.data_collector.realtime:_subscribe_asset:1143 | [OK] Inscrevendo em ADA-USD_otc
2026-03-06 15:37:52 | DEBUG    |                 |        |      | services.data_collector.realtime:_request_historical_data:1165 | [OK] Dados históricos solicitados para ADA-USD_otc
2026-03-06 15:37:52 | INFO     |                 |        |      | services.data_collector.realtime:_on_ativos_candles_received:2526 | [CHART] [ATIVOS Client 1] Histórico recebido: USDRUB_otc | 1392 candles | período=1s @ 15:37:52
2026-03-06 15:37:52 | DEBUG    |                 |        |      | services.data_collector.local_storage:_append_to_file_batch:175 | [OK] [USDRUB_otc] Adicionados 1392 ticks via append
2026-03-06 15:37:52 | INFO     |                 |        |      | services.data_collector.realtime:_load_history_to_buffer:2633 | [OK] [USDRUB_otc] 228 candles carregados para timeframe 3s
2026-03-06 15:37:52 | INFO     |                 |        |      | services.data_collector.realtime:_load_history_to_buffer:2633 | [OK] [USDRUB_otc] 136 candles carregados para timeframe 5s
2026-03-06 15:37:52 | INFO     |                 |        |      | services.data_collector.realtime:_load_history_to_buffer:2633 | [OK] [USDRUB_otc] 23 candles carregados para timeframe 30s
2026-03-06 15:37:52 | INFO     |                 |        |      | services.data_collector.realtime:_load_history_to_buffer:2633 | [OK] [USDRUB_otc] 12 candles carregados para timeframe 60s
2026-03-06 15:37:52 | INFO     |                 |        |      | services.data_collector.realtime:_load_history_to_buffer:2633 | [OK] [USDRUB_otc] 3 candles carregados para timeframe 300s
2026-03-06 15:37:52 | INFO     |                 |        |      | services.data_collector.realtime:_load_history_to_buffer:2633 | [OK] [USDRUB_otc] 2 candles carregados para timeframe 900s
2026-03-06 15:37:52 | INFO     |                 |        |      | services.data_collector.realtime:_load_history_to_buffer:2633 | [OK] [USDRUB_otc] 1 candles carregados para timeframe 3600s
2026-03-06 15:37:52 | INFO     |                 |        |      | services.data_collector.realtime:_load_history_to_buffer:2633 | [OK] [USDRUB_otc] 1 candles carregados para timeframe 14400s
2026-03-06 15:37:52 | INFO     |                 |        |      | services.data_collector.realtime:_load_history_to_buffer:2633 | [OK] [USDRUB_otc] 1 candles carregados para timeframe 86400s
2026-03-06 15:37:52 | INFO     |                 |        |      | services.data_collector.realtime:_load_history_to_buffer:2635 | [OK] [USDRUB_otc] Dados históricos carregados no buffer para todos os timeframes
2026-03-06 15:37:52 | INFO     |                 |        |      | services.data_collector.realtime:_get_all_autotrade_configs:666 | [REBALANCE] Cache invalidado, recarregando configurações do banco
2026-03-06 15:37:53 | DEBUG    |                 |        |      | services.data_collector.realtime:_subscribe_asset:1143 | [OK] Inscrevendo em EURJPY_otc
2026-03-06 15:37:53 | DEBUG    |                 |        |      | services.data_collector.realtime:_request_historical_data:1165 | [OK] Dados históricos solicitados para EURJPY_otc
2026-03-06 15:37:53 | INFO     |                 |        |      | services.data_collector.realtime:_on_ativos_candles_received:2526 | [CHART] [ATIVOS Client 1] Histórico recebido: ADA-USD_otc | 1417 candles | período=1s @ 15:37:53
2026-03-06 15:37:53 | DEBUG    |                 |        |      | services.data_collector.local_storage:_append_to_file_batch:175 | [OK] [ADA-USD_otc] Adicionados 1417 ticks via append
2026-03-06 15:37:53 | INFO     |                 |        |      | services.data_collector.realtime:_load_history_to_buffer:2633 | [OK] [ADA-USD_otc] 232 candles carregados para timeframe 3s
2026-03-06 15:37:53 | INFO     |                 |        |      | services.data_collector.realtime:_load_history_to_buffer:2633 | [OK] [ADA-USD_otc] 139 candles carregados para timeframe 5s
2026-03-06 15:37:53 | INFO     |                 |        |      | services.data_collector.realtime:_load_history_to_buffer:2633 | [OK] [ADA-USD_otc] 24 candles carregados para timeframe 30s
2026-03-06 15:37:53 | INFO     |                 |        |      | services.data_collector.realtime:_load_history_to_buffer:2633 | [OK] [ADA-USD_otc] 12 candles carregados para timeframe 60s
2026-03-06 15:37:53 | INFO     |                 |        |      | services.data_collector.realtime:_load_history_to_buffer:2633 | [OK] [ADA-USD_otc] 3 candles carregados para timeframe 300s
2026-03-06 15:37:53 | INFO     |                 |        |      | services.data_collector.realtime:_load_history_to_buffer:2633 | [OK] [ADA-USD_otc] 2 candles carregados para timeframe 900s
2026-03-06 15:37:53 | INFO     |                 |        |      | services.data_collector.realtime:_load_history_to_buffer:2633 | [OK] [ADA-USD_otc] 1 candles carregados para timeframe 3600s
2026-03-06 15:37:53 | INFO     |                 |        |      | services.data_collector.realtime:_load_history_to_buffer:2633 | [OK] [ADA-USD_otc] 1 candles carregados para timeframe 14400s
2026-03-06 15:37:53 | INFO     |                 |        |      | services.data_collector.realtime:_load_history_to_buffer:2633 | [OK] [ADA-USD_otc] 1 candles carregados para timeframe 86400s
2026-03-06 15:37:53 | INFO     |                 |        |      | services.data_collector.realtime:_load_history_to_buffer:2635 | [OK] [ADA-USD_otc] Dados históricos carregados no buffer para todos os timeframes
2026-03-06 15:37:53 | DEBUG    |                 |        |      | services.data_collector.realtime:_subscribe_asset:1143 | [OK] Inscrevendo em EURNZD_otc
2026-03-06 15:37:53 | DEBUG    |                 |        |      | services.data_collector.realtime:_request_historical_data:1165 | [OK] Dados históricos solicitados para EURNZD_otc
2026-03-06 15:37:53 | INFO     |                 |        |      | services.data_collector.realtime:_on_ativos_candles_received:2526 | [CHART] [ATIVOS Client 1] Histórico recebido: EURJPY_otc | 1425 candles | período=1s @ 15:37:53
2026-03-06 15:37:53 | DEBUG    |                 |        |      | services.data_collector.local_storage:_append_to_file_batch:175 | [OK] [EURJPY_otc] Adicionados 1425 ticks via append
2026-03-06 15:37:53 | INFO     |                 |        |      | services.data_collector.realtime:_load_history_to_buffer:2633 | [OK] [EURJPY_otc] 233 candles carregados para timeframe 3s
2026-03-06 15:37:53 | INFO     |                 |        |      | services.data_collector.realtime:_load_history_to_buffer:2633 | [OK] [EURJPY_otc] 140 candles carregados para timeframe 5s
2026-03-06 15:37:53 | INFO     |                 |        |      | services.data_collector.realtime:_load_history_to_buffer:2633 | [OK] [EURJPY_otc] 24 candles carregados para timeframe 30s
2026-03-06 15:37:53 | INFO     |                 |        |      | services.data_collector.realtime:_load_history_to_buffer:2633 | [OK] [EURJPY_otc] 12 candles carregados para timeframe 60s
2026-03-06 15:37:53 | INFO     |                 |        |      | services.data_collector.realtime:_load_history_to_buffer:2633 | [OK] [EURJPY_otc] 3 candles carregados para timeframe 300s
2026-03-06 15:37:53 | INFO     |                 |        |      | services.data_collector.realtime:_load_history_to_buffer:2633 | [OK] [EURJPY_otc] 2 candles carregados para timeframe 900s
2026-03-06 15:37:53 | INFO     |                 |        |      | services.data_collector.realtime:_load_history_to_buffer:2633 | [OK] [EURJPY_otc] 1 candles carregados para timeframe 3600s
2026-03-06 15:37:53 | INFO     |                 |        |      | services.data_collector.realtime:_load_history_to_buffer:2633 | [OK] [EURJPY_otc] 1 candles carregados para timeframe 14400s
2026-03-06 15:37:53 | INFO     |                 |        |      | services.data_collector.realtime:_load_history_to_buffer:2633 | [OK] [EURJPY_otc] 1 candles carregados para timeframe 86400s
2026-03-06 15:37:53 | INFO     |                 |        |      | services.data_collector.realtime:_load_history_to_buffer:2635 | [OK] [EURJPY_otc] Dados históricos carregados no buffer para todos os timeframes
2026-03-06 15:37:53 | DEBUG    |                 |        |      | services.data_collector.realtime:_subscribe_asset:1143 | [OK] Inscrevendo em DOGE_otc
2026-03-06 15:37:53 | DEBUG    |                 |        |      | services.data_collector.realtime:_request_historical_data:1165 | [OK] Dados históricos solicitados para DOGE_otc
2026-03-06 15:37:53 | INFO     |                 |        |      | services.data_collector.realtime:_on_ativos_candles_received:2526 | [CHART] [ATIVOS Client 1] Histórico recebido: EURNZD_otc | 1423 candles | período=1s @ 15:37:53
2026-03-06 15:37:53 | DEBUG    |                 |        |      | services.data_collector.local_storage:_append_to_file_batch:175 | [OK] [EURNZD_otc] Adicionados 1423 ticks via append
2026-03-06 15:37:53 | INFO     |                 |        |      | services.data_collector.realtime:_load_history_to_buffer:2633 | [OK] [EURNZD_otc] 232 candles carregados para timeframe 3s
2026-03-06 15:37:53 | INFO     |                 |        |      | services.data_collector.realtime:_load_history_to_buffer:2633 | [OK] [EURNZD_otc] 140 candles carregados para timeframe 5s
2026-03-06 15:37:53 | INFO     |                 |        |      | services.data_collector.realtime:_load_history_to_buffer:2633 | [OK] [EURNZD_otc] 24 candles carregados para timeframe 30s
2026-03-06 15:37:53 | INFO     |                 |        |      | services.data_collector.realtime:_load_history_to_buffer:2633 | [OK] [EURNZD_otc] 12 candles carregados para timeframe 60s
2026-03-06 15:37:53 | INFO     |                 |        |      | services.data_collector.realtime:_load_history_to_buffer:2633 | [OK] [EURNZD_otc] 3 candles carregados para timeframe 300s
2026-03-06 15:37:53 | INFO     |                 |        |      | services.data_collector.realtime:_load_history_to_buffer:2633 | [OK] [EURNZD_otc] 2 candles carregados para timeframe 900s
2026-03-06 15:37:53 | INFO     |                 |        |      | services.data_collector.realtime:_load_history_to_buffer:2633 | [OK] [EURNZD_otc] 1 candles carregados para timeframe 3600s
2026-03-06 15:37:53 | INFO     |                 |        |      | services.data_collector.realtime:_load_history_to_buffer:2633 | [OK] [EURNZD_otc] 1 candles carregados para timeframe 14400s
2026-03-06 15:37:53 | INFO     |                 |        |      | services.data_collector.realtime:_load_history_to_buffer:2633 | [OK] [EURNZD_otc] 1 candles carregados para timeframe 86400s
2026-03-06 15:37:53 | INFO     |                 |        |      | services.data_collector.realtime:_load_history_to_buffer:2635 | [OK] [EURNZD_otc] Dados históricos carregados no buffer para todos os timeframes
2026-03-06 15:37:53 | DEBUG    |                 |        |      | services.data_collector.realtime:_subscribe_asset:1143 | [OK] Inscrevendo em DOTUSD_otc
2026-03-06 15:37:53 | DEBUG    |                 |        |      | services.data_collector.realtime:_request_historical_data:1165 | [OK] Dados históricos solicitados para DOTUSD_otc
2026-03-06 15:37:53 | INFO     |                 |        |      | services.data_collector.realtime:_on_ativos_candles_received:2526 | [CHART] [ATIVOS Client 1] Histórico recebido: DOGE_otc | 1406 candles | período=1s @ 15:37:53
2026-03-06 15:37:53 | DEBUG    |                 |        |      | services.data_collector.local_storage:_append_to_file_batch:175 | [OK] [DOGE_otc] Adicionados 1406 ticks via append
2026-03-06 15:37:53 | INFO     |                 |        |      | services.data_collector.realtime:_load_history_to_buffer:2633 | [OK] [DOGE_otc] 230 candles carregados para timeframe 3s
2026-03-06 15:37:53 | INFO     |                 |        |      | services.data_collector.realtime:_load_history_to_buffer:2633 | [OK] [DOGE_otc] 139 candles carregados para timeframe 5s
2026-03-06 15:37:53 | INFO     |                 |        |      | services.data_collector.realtime:_load_history_to_buffer:2633 | [OK] [DOGE_otc] 24 candles carregados para timeframe 30s
2026-03-06 15:37:53 | INFO     |                 |        |      | services.data_collector.realtime:_load_history_to_buffer:2633 | [OK] [DOGE_otc] 12 candles carregados para timeframe 60s
2026-03-06 15:37:53 | INFO     |                 |        |      | services.data_collector.realtime:_load_history_to_buffer:2633 | [OK] [DOGE_otc] 3 candles carregados para timeframe 300s
2026-03-06 15:37:53 | INFO     |                 |        |      | services.data_collector.realtime:_load_history_to_buffer:2633 | [OK] [DOGE_otc] 2 candles carregados para timeframe 900s
2026-03-06 15:37:53 | INFO     |                 |        |      | services.data_collector.realtime:_load_history_to_buffer:2633 | [OK] [DOGE_otc] 1 candles carregados para timeframe 3600s
2026-03-06 15:37:53 | INFO     |                 |        |      | services.data_collector.realtime:_load_history_to_buffer:2633 | [OK] [DOGE_otc] 1 candles carregados para timeframe 14400s
2026-03-06 15:37:53 | INFO     |                 |        |      | services.data_collector.realtime:_load_history_to_buffer:2633 | [OK] [DOGE_otc] 1 candles carregados para timeframe 86400s
2026-03-06 15:37:53 | INFO     |                 |        |      | services.data_collector.realtime:_load_history_to_buffer:2635 | [OK] [DOGE_otc] Dados históricos carregados no buffer para todos os timeframes
2026-03-06 15:37:53 | DEBUG    |                 |        |      | services.data_collector.realtime:_subscribe_asset:1143 | [OK] Inscrevendo em #AAPL_otc
2026-03-06 15:37:53 | DEBUG    |                 |        |      | services.data_collector.realtime:_request_historical_data:1165 | [OK] Dados históricos solicitados para #AAPL_otc
2026-03-06 15:37:53 | INFO     |                 |        |      | services.data_collector.realtime:_on_ativos_candles_received:2526 | [CHART] [ATIVOS Client 1] Histórico recebido: DOTUSD_otc | 1405 candles | período=1s @ 15:37:53
2026-03-06 15:37:53 | DEBUG    |                 |        |      | services.data_collector.local_storage:_append_to_file_batch:175 | [OK] [DOTUSD_otc] Adicionados 1405 ticks via append
2026-03-06 15:37:54 | INFO     |                 |        |      | services.data_collector.realtime:_load_history_to_buffer:2633 | [OK] [DOTUSD_otc] 229 candles carregados para timeframe 3s
2026-03-06 15:37:54 | INFO     |                 |        |      | services.data_collector.realtime:_load_history_to_buffer:2633 | [OK] [DOTUSD_otc] 138 candles carregados para timeframe 5s
2026-03-06 15:37:54 | INFO     |                 |        |      | services.data_collector.realtime:_load_history_to_buffer:2633 | [OK] [DOTUSD_otc] 23 candles carregados para timeframe 30s
2026-03-06 15:37:54 | INFO     |                 |        |      | services.data_collector.realtime:_load_history_to_buffer:2633 | [OK] [DOTUSD_otc] 12 candles carregados para timeframe 60s
2026-03-06 15:37:54 | INFO     |                 |        |      | services.data_collector.realtime:_load_history_to_buffer:2633 | [OK] [DOTUSD_otc] 3 candles carregados para timeframe 300s
2026-03-06 15:37:54 | INFO     |                 |        |      | services.data_collector.realtime:_load_history_to_buffer:2633 | [OK] [DOTUSD_otc] 2 candles carregados para timeframe 900s
2026-03-06 15:37:54 | INFO     |                 |        |      | services.data_collector.realtime:_load_history_to_buffer:2633 | [OK] [DOTUSD_otc] 1 candles carregados para timeframe 3600s
2026-03-06 15:37:54 | INFO     |                 |        |      | services.data_collector.realtime:_load_history_to_buffer:2633 | [OK] [DOTUSD_otc] 1 candles carregados para timeframe 14400s
2026-03-06 15:37:54 | INFO     |                 |        |      | services.data_collector.realtime:_load_history_to_buffer:2633 | [OK] [DOTUSD_otc] 1 candles carregados para timeframe 86400s
2026-03-06 15:37:54 | INFO     |                 |        |      | services.data_collector.realtime:_load_history_to_buffer:2635 | [OK] [DOTUSD_otc] Dados históricos carregados no buffer para todos os timeframes
2026-03-06 15:37:54 | SUCCESS  |                 |        |      | services.data_collector.realtime:_subscribe_account_assets:1118 | [OK] 10 assets inscritos na ATIVOS Client 1
2026-03-06 15:37:54 | WARNING  |                 |        |      | services.data_collector.realtime:_start_ativos_monitoring:1076 | Ativos indisponíveis ignorados: ['#AMZN_otc']
2026-03-06 15:37:54 | SUCCESS  |                 |        |      | services.data_collector.realtime:_start_ativos_monitoring:1078 | Monitoramento de ativos iniciado com 1 contas
2026-03-06 15:37:54 | INFO     |                 |        |      | services.data_collector.realtime:start:482 | [WATCHDOG] Watchdog de conexões de ativos iniciado
2026-03-06 15:37:54 | INFO     |                 |        |      | services.data_collector.realtime:_ativos_monitoring_loop:3008 | Loop de monitoramento de ativos iniciado
2026-03-06 15:37:54 | INFO     |                 |        |      | services.data_collector.realtime:_client_connection_watchdog:3034 | [WATCHDOG] Iniciando watchdog de conexões de ativos...
2026-03-06 15:37:54 | INFO     |                 |        |      | services.data_collector.realtime:_on_ativos_candles_received:2526 | [CHART] [ATIVOS Client 1] Histórico recebido: #AAPL_otc | 1396 candles | período=1s @ 15:37:54
2026-03-06 15:37:54 | DEBUG    |                 |        |      | services.data_collector.local_storage:_append_to_file_batch:175 | [OK] [#AAPL_otc] Adicionados 1396 ticks via append
2026-03-06 15:37:54 | INFO     |                 |        |      | services.data_collector.realtime:_load_history_to_buffer:2633 | [OK] [#AAPL_otc] 228 candles carregados para timeframe 3s
2026-03-06 15:37:54 | INFO     |                 |        |      | services.data_collector.realtime:_load_history_to_buffer:2633 | [OK] [#AAPL_otc] 137 candles carregados para timeframe 5s
2026-03-06 15:37:54 | INFO     |                 |        |      | services.data_collector.realtime:_load_history_to_buffer:2633 | [OK] [#AAPL_otc] 23 candles carregados para timeframe 30s
2026-03-06 15:37:54 | INFO     |                 |        |      | services.data_collector.realtime:_load_history_to_buffer:2633 | [OK] [#AAPL_otc] 12 candles carregados para timeframe 60s
2026-03-06 15:37:54 | INFO     |                 |        |      | services.data_collector.realtime:_load_history_to_buffer:2633 | [OK] [#AAPL_otc] 3 candles carregados para timeframe 300s
2026-03-06 15:37:54 | INFO     |                 |        |      | services.data_collector.realtime:_load_history_to_buffer:2633 | [OK] [#AAPL_otc] 2 candles carregados para timeframe 900s
2026-03-06 15:37:54 | INFO     |                 |        |      | services.data_collector.realtime:_load_history_to_buffer:2633 | [OK] [#AAPL_otc] 1 candles carregados para timeframe 3600s
2026-03-06 15:37:54 | INFO     |                 |        |      | services.data_collector.realtime:_load_history_to_buffer:2633 | [OK] [#AAPL_otc] 1 candles carregados para timeframe 14400s
2026-03-06 15:37:54 | INFO     |                 |        |      | services.data_collector.realtime:_load_history_to_buffer:2633 | [OK] [#AAPL_otc] 1 candles carregados para timeframe 86400s
2026-03-06 15:37:54 | INFO     |                 |        |      | services.data_collector.realtime:_load_history_to_buffer:2635 | [OK] [#AAPL_otc] Dados históricos carregados no buffer para todos os timeframes
2026-03-06 15:37:54 | DEBUG    |                 |        |      | services.data_collector.realtime:_log_candle_closes_loop:2462 | ⏭️ Timeframe 3s não configurado, ignorando
2026-03-06 15:37:54 | INFO     |                 |        |      | services.data_collector.realtime:_add_tick_to_buffer:2914 | [INFO] [ATIVOS Client 1] 7 ticks | AUDCAD_otc | EURUSD_otc | USDRUB_otc | ADA-USD_otc | EURJPY_otc | EURNZD_otc | DOGE_otc @ 17:37:55
2026-03-06 15:37:54 | DEBUG    |                 |        |      | services.data_collector.realtime:_log_candle_closes_loop:2462 | ⏭️ Timeframe 5s não configurado, ignorando
2026-03-06 15:37:55 | INFO     |                 |        |      | services.data_collector.realtime:_add_tick_to_buffer:2914 | [INFO] [ATIVOS Client 1] 9 ticks | AUDCAD_otc | EURUSD_otc | USDRUB_otc | ADA-USD_otc | EURJPY_otc | EURNZD_otc | DOGE_otc | #AAPL_otc | DOTUSD_otc @ 17:37:56
2026-03-06 15:37:55 | INFO     |                 |        |      | services.data_collector.connection_manager:_monitor_loop:904 | Acordou do sono
2026-03-06 15:37:55 | INFO     |                 |        |      | services.data_collector.connection_manager:_monitor_loop:918 | Verificando conexões...
2026-03-06 15:37:55 | INFO     |                 |        |      | services.data_collector.connection_manager:_monitor_loop:925 | Abrindo conexão com banco de dados...
2026-03-06 15:37:55 | INFO     |                 |        |      | services.data_collector.connection_manager:_monitor_loop:932 | Conexão com banco de dados aberta
2026-03-06 15:37:55 | INFO     |                 |        |      | services.data_collector.connection_manager:_monitor_loop:953 | Encontradas 7 contas ativas
2026-03-06 15:37:55 | INFO     |                 |        |      | services.data_collector.connection_manager:_monitor_loop:892 | Entrando no loop de monitoramento...
2026-03-06 15:37:55 | INFO     |                 |        |      | services.data_collector.connection_manager:_monitor_loop:898 | Dormindo por 5 segundos...
2026-03-06 15:37:56 | INFO     |                 |        |      | services.data_collector.realtime:_add_tick_to_buffer:2914 | [INFO] [ATIVOS Client 1] 9 ticks | AUDCAD_otc | EURUSD_otc | USDRUB_otc | ADA-USD_otc | EURJPY_otc | EURNZD_otc | DOGE_otc | #AAPL_otc | DOTUSD_otc @ 17:37:57
2026-03-06 15:37:56 | DEBUG    |                 |        |      | services.data_collector.realtime:_log_candle_closes_loop:2462 | ⏭️ Timeframe 3s não configurado, ignorando
2026-03-06 15:37:57 | INFO     |                 |        |      | services.data_collector.realtime:_add_tick_to_buffer:2914 | [INFO] [ATIVOS Client 1] 9 ticks | AUDCAD_otc | EURUSD_otc | USDRUB_otc | ADA-USD_otc | EURJPY_otc | EURNZD_otc | DOGE_otc | #AAPL_otc | DOTUSD_otc @ 17:37:58
2026-03-06 15:37:58 | INFO     |                 |        |      | services.data_collector.realtime:_add_tick_to_buffer:2914 | [INFO] [ATIVOS Client 1] 9 ticks | AUDCAD_otc | EURUSD_otc | USDRUB_otc | ADA-USD_otc | EURJPY_otc | EURNZD_otc | DOGE_otc | #AAPL_otc | DOTUSD_otc @ 17:37:59
2026-03-06 15:37:59 | DEBUG    |                 |        |      | services.data_collector.realtime:_log_candle_closes_loop:2462 | ⏭️ Timeframe 3s não configurado, ignorando
2026-03-06 15:37:59 | DEBUG    |                 |        |      | services.data_collector.realtime:_log_candle_closes_loop:2462 | ⏭️ Timeframe 5s não configurado, ignorando
2026-03-06 15:37:59 | DEBUG    |                 |        |      | services.data_collector.realtime:_log_candle_closes_loop:2462 | ⏭️ Timeframe 30s não configurado, ignorando
2026-03-06 15:37:59 | DEBUG    |                 |        |      | services.data_collector.realtime:_log_candle_closes_loop:2462 | ⏭️ Timeframe 60s não configurado, ignorando
2026-03-06 15:37:59 | DEBUG    |                 |        |      | services.data_collector.realtime:_log_candle_closes_loop:2462 | ⏭️ Timeframe 3s não configurado, ignorando
2026-03-06 15:37:59 | DEBUG    |                 |        |      | services.data_collector.realtime:_log_candle_closes_loop:2462 | ⏭️ Timeframe 5s não configurado, ignorando
2026-03-06 15:37:59 | DEBUG    |                 |        |      | services.data_collector.realtime:_log_candle_closes_loop:2462 | ⏭️ Timeframe 30s não configurado, ignorando
2026-03-06 15:37:59 | DEBUG    |                 |        |      | services.data_collector.realtime:_log_candle_closes_loop:2462 | ⏭️ Timeframe 60s não configurado, ignorando
2026-03-06 15:37:59 | INFO     |                 |        |      | services.data_collector.realtime:_add_tick_to_buffer:2914 | [INFO] [ATIVOS Client 1] 9 ticks | AUDCAD_otc | EURUSD_otc | USDRUB_otc | ADA-USD_otc | EURJPY_otc | EURNZD_otc | DOGE_otc | #AAPL_otc | DOTUSD_otc @ 17:38:00
2026-03-06 15:38:00 | INFO     |                 |        |      | services.data_collector.connection_manager:_monitor_loop:904 | Acordou do sono
2026-03-06 15:38:00 | INFO     |                 |        |      | services.data_collector.connection_manager:_monitor_loop:918 | Verificando conexões...
2026-03-06 15:38:00 | INFO     |                 |        |      | services.data_collector.connection_manager:_monitor_loop:925 | Abrindo conexão com banco de dados...
2026-03-06 15:38:00 | INFO     |                 |        |      | services.data_collector.connection_manager:_monitor_loop:932 | Conexão com banco de dados aberta
2026-03-06 15:38:00 | INFO     |                 |        |      | services.data_collector.connection_manager:_monitor_loop:953 | Encontradas 7 contas ativas
2026-03-06 15:38:00 | INFO     |                 |        |      | services.data_collector.connection_manager:_monitor_loop:892 | Entrando no loop de monitoramento...
2026-03-06 15:38:00 | INFO     |                 |        |      | services.data_collector.connection_manager:_monitor_loop:898 | Dormindo por 5 segundos...
2026-03-06 15:38:01 | INFO     |                 |        |      | services.data_collector.realtime:_add_tick_to_buffer:2914 | [INFO] [ATIVOS Client 1] 9 ticks | AUDCAD_otc | EURUSD_otc | USDRUB_otc | ADA-USD_otc | EURJPY_otc | EURNZD_otc | DOGE_otc | #AAPL_otc | DOTUSD_otc @ 17:38:02
2026-03-06 15:38:02 | INFO     |                 |        |      | services.data_collector.realtime:_add_tick_to_buffer:2914 | [INFO] [ATIVOS Client 1] 9 ticks | AUDCAD_otc | EURUSD_otc | USDRUB_otc | ADA-USD_otc | EURJPY_otc | EURNZD_otc | DOGE_otc | #AAPL_otc | DOTUSD_otc @ 17:38:03
2026-03-06 15:38:02 | DEBUG    |                 |        |      | services.data_collector.realtime:_log_candle_closes_loop:2462 | ⏭️ Timeframe 3s não configurado, ignorando
2026-03-06 15:38:03 | INFO     |                 |        |      | services.data_collector.realtime:_add_tick_to_buffer:2914 | [INFO] [ATIVOS Client 1] 9 ticks | AUDCAD_otc | EURUSD_otc | USDRUB_otc | ADA-USD_otc | EURJPY_otc | EURNZD_otc | DOGE_otc | #AAPL_otc | DOTUSD_otc @ 17:38:04
2026-03-06 15:38:04 | DEBUG    |                 |        |      | services.data_collector.realtime:_log_candle_closes_loop:2462 | ⏭️ Timeframe 5s não configurado, ignorando
2026-03-06 15:38:04 | INFO     |                 |        |      | services.data_collector.realtime:_add_tick_to_buffer:2914 | [INFO] [ATIVOS Client 1] 9 ticks | AUDCAD_otc | EURUSD_otc | USDRUB_otc | ADA-USD_otc | EURJPY_otc | EURNZD_otc | DOGE_otc | #AAPL_otc | DOTUSD_otc @ 17:38:05
2026-03-06 15:38:05 | DEBUG    |                 |        |      | services.data_collector.realtime:_log_candle_closes_loop:2462 | ⏭️ Timeframe 3s não configurado, ignorando
2026-03-06 15:38:05 | DEBUG    |                 |        |      | services.data_collector.realtime:_log_candle_closes_loop:2462 | ⏭️ Timeframe 3s não configurado, ignorando
2026-03-06 15:38:05 | INFO     |                 |        |      | services.data_collector.connection_manager:_monitor_loop:904 | Acordou do sono
2026-03-06 15:38:05 | INFO     |                 |        |      | services.data_collector.connection_manager:_monitor_loop:918 | Verificando conexões...
2026-03-06 15:38:05 | INFO     |                 |        |      | services.data_collector.connection_manager:_monitor_loop:925 | Abrindo conexão com banco de dados...
2026-03-06 15:38:05 | INFO     |                 |        |      | services.data_collector.connection_manager:_monitor_loop:932 | Conexão com banco de dados aberta
2026-03-06 15:38:05 | INFO     |                 |        |      | services.data_collector.connection_manager:_monitor_loop:953 | Encontradas 7 contas ativas
2026-03-06 15:38:05 | INFO     |                 |        |      | services.data_collector.connection_manager:_monitor_loop:892 | Entrando no loop de monitoramento...
2026-03-06 15:38:05 | INFO     |                 |        |      | services.data_collector.connection_manager:_monitor_loop:898 | Dormindo por 5 segundos...
2026-03-06 15:38:05 | INFO     |                 |        |      | services.data_collector.realtime:_add_tick_to_buffer:2914 | [INFO] [ATIVOS Client 1] 9 ticks | AUDCAD_otc | EURUSD_otc | USDRUB_otc | ADA-USD_otc | EURJPY_otc | EURNZD_otc | DOGE_otc | #AAPL_otc | DOTUSD_otc @ 17:38:06
2026-03-06 15:38:06 | INFO     |                 |        |      | services.data_collector.realtime:_add_tick_to_buffer:2914 | [INFO] [ATIVOS Client 1] 9 ticks | AUDCAD_otc | EURUSD_otc | USDRUB_otc | ADA-USD_otc | EURJPY_otc | EURNZD_otc | DOGE_otc | #AAPL_otc | DOTUSD_otc @ 17:38:07
2026-03-06 15:38:07 | INFO     |                 |        |      | services.data_collector.realtime:_add_tick_to_buffer:2914 | [INFO] [ATIVOS Client 1] 9 ticks | AUDCAD_otc | EURUSD_otc | USDRUB_otc | ADA-USD_otc | EURJPY_otc | EURNZD_otc | DOGE_otc | #AAPL_otc | DOTUSD_otc @ 17:38:08
2026-03-06 15:38:08 | DEBUG    |                 |        |      | services.data_collector.realtime:_log_candle_closes_loop:2462 | ⏭️ Timeframe 3s não configurado, ignorando
2026-03-06 15:38:08 | DEBUG    |                 |        |      | services.data_collector.realtime:_log_candle_closes_loop:2462 | ⏭️ Timeframe 3s não configurado, ignorando
2026-03-06 15:38:08 | INFO     |                 |        |      | services.data_collector.realtime:_add_tick_to_buffer:2914 | [INFO] [ATIVOS Client 1] 9 ticks | AUDCAD_otc | EURUSD_otc | USDRUB_otc | ADA-USD_otc | EURJPY_otc | EURNZD_otc | DOGE_otc | #AAPL_otc | DOTUSD_otc @ 17:38:09
2026-03-06 15:38:09 | DEBUG    |                 |        |      | services.data_collector.realtime:_log_candle_closes_loop:2462 | ⏭️ Timeframe 5s não configurado, ignorando
2026-03-06 15:38:09 | DEBUG    |                 |        |      | services.data_collector.realtime:_log_candle_closes_loop:2462 | ⏭️ Timeframe 5s não configurado, ignorando
2026-03-06 15:38:10 | INFO     |                 |        |      | services.data_collector.realtime:_add_tick_to_buffer:2914 | [INFO] [ATIVOS Client 1] 9 ticks | AUDCAD_otc | EURUSD_otc | USDRUB_otc | ADA-USD_otc | EURJPY_otc | EURNZD_otc | DOGE_otc | #AAPL_otc | DOTUSD_otc @ 17:38:11
2026-03-06 15:38:10 | INFO     |                 |        |      | services.data_collector.connection_manager:_monitor_loop:904 | Acordou do sono
2026-03-06 15:38:10 | INFO     |                 |        |      | services.data_collector.connection_manager:_monitor_loop:918 | Verificando conexões...
2026-03-06 15:38:10 | INFO     |                 |        |      | services.data_collector.connection_manager:_monitor_loop:925 | Abrindo conexão com banco de dados...
2026-03-06 15:38:10 | INFO     |                 |        |      | services.data_collector.connection_manager:_monitor_loop:932 | Conexão com banco de dados aberta
2026-03-06 15:38:10 | INFO     |                 |        |      | services.data_collector.connection_manager:_monitor_loop:953 | Encontradas 7 contas ativas
2026-03-06 15:38:10 | INFO     |                 |        |      | services.data_collector.connection_manager:_monitor_loop:892 | Entrando no loop de monitoramento...
2026-03-06 15:38:10 | INFO     |                 |        |      | services.data_collector.connection_manager:_monitor_loop:898 | Dormindo por 5 segundos...
2026-03-06 15:38:11 | INFO     |                 |        |      | services.data_collector.realtime:_add_tick_to_buffer:2914 | [INFO] [ATIVOS Client 1] 9 ticks | AUDCAD_otc | EURUSD_otc | USDRUB_otc | ADA-USD_otc | EURJPY_otc | EURNZD_otc | DOGE_otc | #AAPL_otc | DOTUSD_otc @ 17:38:12
2026-03-06 15:38:11 | DEBUG    |                 |        |      | services.data_collector.realtime:_log_candle_closes_loop:2462 | ⏭️ Timeframe 3s não configurado, ignorando
2026-03-06 15:38:12 | INFO     |                 |        |      | services.data_collector.realtime:_add_tick_to_buffer:2914 | [INFO] [ATIVOS Client 1] 9 ticks | AUDCAD_otc | EURUSD_otc | USDRUB_otc | ADA-USD_otc | EURJPY_otc | EURNZD_otc | DOGE_otc | #AAPL_otc | DOTUSD_otc @ 17:38:13
2026-03-06 15:38:13 | INFO     |                 |        |      | services.data_collector.realtime:_add_tick_to_buffer:2914 | [INFO] [ATIVOS Client 1] 9 ticks | AUDCAD_otc | EURUSD_otc | USDRUB_otc | ADA-USD_otc | EURJPY_otc | EURNZD_otc | DOGE_otc | #AAPL_otc | DOTUSD_otc @ 17:38:14
2026-03-06 15:38:14 | DEBUG    |                 |        |      | services.data_collector.realtime:_log_candle_closes_loop:2462 | ⏭️ Timeframe 3s não configurado, ignorando
2026-03-06 15:38:14 | DEBUG    |                 |        |      | services.data_collector.realtime:_log_candle_closes_loop:2462 | ⏭️ Timeframe 5s não configurado, ignorando
2026-03-06 15:38:14 | INFO     |                 |        |      | services.data_collector.realtime:_add_tick_to_buffer:2914 | [INFO] [ATIVOS Client 1] 9 ticks | AUDCAD_otc | EURUSD_otc | USDRUB_otc | ADA-USD_otc | EURJPY_otc | EURNZD_otc | DOGE_otc | #AAPL_otc | DOTUSD_otc @ 17:38:15
2026-03-06 15:38:15 | INFO     |                 |        |      | services.data_collector.connection_manager:_monitor_loop:904 | Acordou do sono
2026-03-06 15:38:15 | INFO     |                 |        |      | services.data_collector.connection_manager:_monitor_loop:918 | Verificando conexões...
2026-03-06 15:38:15 | INFO     |                 |        |      | services.data_collector.connection_manager:_monitor_loop:925 | Abrindo conexão com banco de dados...
2026-03-06 15:38:15 | INFO     |                 |        |      | services.data_collector.connection_manager:_monitor_loop:932 | Conexão com banco de dados aberta
2026-03-06 15:38:15 | INFO     |                 |        |      | services.data_collector.connection_manager:_monitor_loop:953 | Encontradas 7 contas ativas
2026-03-06 15:38:15 | INFO     |                 |        |      | services.data_collector.realtime:_add_tick_to_buffer:2914 | [INFO] [ATIVOS Client 1] 9 ticks | AUDCAD_otc | EURUSD_otc | USDRUB_otc | ADA-USD_otc | EURJPY_otc | EURNZD_otc | DOGE_otc | #AAPL_otc | DOTUSD_otc @ 17:38:16
2026-03-06 15:38:15 | INFO     |                 |        |      | services.data_collector.connection_manager:_monitor_loop:892 | Entrando no loop de monitoramento...
2026-03-06 15:38:15 | INFO     |                 |        |      | services.data_collector.connection_manager:_monitor_loop:898 | Dormindo por 5 segundos...
2026-03-06 15:38:16 | INFO     |                 |        |      | services.data_collector.realtime:_add_tick_to_buffer:2914 | [INFO] [ATIVOS Client 1] 9 ticks | AUDCAD_otc | EURUSD_otc | USDRUB_otc | ADA-USD_otc | EURJPY_otc | EURNZD_otc | DOGE_otc | #AAPL_otc | DOTUSD_otc @ 17:38:17
2026-03-06 15:38:17 | DEBUG    |                 |        |      | services.data_collector.realtime:_log_candle_closes_loop:2462 | ⏭️ Timeframe 3s não configurado, ignorando
2026-03-06 15:38:17 | INFO     |                 |        |      | services.data_collector.realtime:_add_tick_to_buffer:2914 | [INFO] [ATIVOS Client 1] 9 ticks | AUDCAD_otc | EURUSD_otc | USDRUB_otc | ADA-USD_otc | EURJPY_otc | EURNZD_otc | DOGE_otc | #AAPL_otc | DOTUSD_otc @ 17:38:18
2026-03-06 15:38:19 | INFO     |                 |        |      | services.data_collector.realtime:_add_tick_to_buffer:2914 | [INFO] [ATIVOS Client 1] 9 ticks | AUDCAD_otc | EURUSD_otc | USDRUB_otc | ADA-USD_otc | EURJPY_otc | EURNZD_otc | DOGE_otc | #AAPL_otc | DOTUSD_otc @ 17:38:20
2026-03-06 15:38:19 | DEBUG    |                 |        |      | services.data_collector.realtime:_log_candle_closes_loop:2462 | ⏭️ Timeframe 5s não configurado, ignorando
2026-03-06 15:38:19 | DEBUG    |                 |        |      | services.data_collector.realtime:_log_candle_closes_loop:2462 | ⏭️ Timeframe 5s não configurado, ignorando
2026-03-06 15:38:20 | INFO     |                 |        |      | services.data_collector.realtime:_add_tick_to_buffer:2914 | [INFO] [ATIVOS Client 1] 9 ticks | AUDCAD_otc | EURUSD_otc | USDRUB_otc | ADA-USD_otc | EURJPY_otc | EURNZD_otc | DOGE_otc | #AAPL_otc | DOTUSD_otc @ 17:38:21
2026-03-06 15:38:20 | DEBUG    |                 |        |      | services.data_collector.realtime:_log_candle_closes_loop:2462 | ⏭️ Timeframe 3s não configurado, ignorando
2026-03-06 15:38:20 | INFO     |                 |        |      | services.data_collector.connection_manager:_monitor_loop:904 | Acordou do sono
2026-03-06 15:38:20 | INFO     |                 |        |      | services.data_collector.connection_manager:_monitor_loop:918 | Verificando conexões...
2026-03-06 15:38:20 | INFO     |                 |        |      | services.data_collector.connection_manager:_monitor_loop:925 | Abrindo conexão com banco de dados...
2026-03-06 15:38:20 | INFO     |                 |        |      | services.data_collector.connection_manager:_monitor_loop:932 | Conexão com banco de dados aberta
2026-03-06 15:38:20 | INFO     |                 |        |      | services.data_collector.connection_manager:_monitor_loop:953 | Encontradas 7 contas ativas
2026-03-06 15:38:20 | INFO     |                 |        |      | services.data_collector.connection_manager:_monitor_loop:892 | Entrando no loop de monitoramento...
2026-03-06 15:38:20 | INFO     |                 |        |      | services.data_collector.connection_manager:_monitor_loop:898 | Dormindo por 5 segundos...
2026-03-06 15:38:21 | INFO     |                 |        |      | services.data_collector.realtime:_add_tick_to_buffer:2914 | [INFO] [ATIVOS Client 1] 9 ticks | AUDCAD_otc | EURUSD_otc | USDRUB_otc | ADA-USD_otc | EURJPY_otc | EURNZD_otc | DOGE_otc | #AAPL_otc | DOTUSD_otc @ 17:38:22
2026-03-06 15:38:22 | INFO     |                 |        |      | services.data_collector.realtime:_add_tick_to_buffer:2914 | [INFO] [ATIVOS Client 1] 9 ticks | AUDCAD_otc | EURUSD_otc | USDRUB_otc | ADA-USD_otc | EURJPY_otc | EURNZD_otc | DOGE_otc | #AAPL_otc | DOTUSD_otc @ 17:38:23
2026-03-06 15:38:23 | DEBUG    |                 |        |      | services.data_collector.realtime:_log_candle_closes_loop:2462 | ⏭️ Timeframe 3s não configurado, ignorando
2026-03-06 15:38:23 | INFO     |                 |        |      | services.data_collector.realtime:_add_tick_to_buffer:2914 | [INFO] [ATIVOS Client 1] 9 ticks | AUDCAD_otc | EURUSD_otc | USDRUB_otc | ADA-USD_otc | EURJPY_otc | EURNZD_otc | DOGE_otc | #AAPL_otc | DOTUSD_otc @ 17:38:24
2026-03-06 15:38:23 | DEBUG    |                 |        |      | services.data_collector.realtime:_log_candle_closes_loop:2462 | ⏭️ Timeframe 3s não configurado, ignorando
2026-03-06 15:38:24 | DEBUG    |                 |        |      | services.data_collector.realtime:_log_candle_closes_loop:2462 | ⏭️ Timeframe 5s não configurado, ignorando
2026-03-06 15:38:24 | DEBUG    |                 |        |      | services.data_collector.realtime:_log_candle_closes_loop:2462 | ⏭️ Timeframe 5s não configurado, ignorando
2026-03-06 15:38:24 | INFO     |                 |        |      | services.data_collector.realtime:_add_tick_to_buffer:2914 | [INFO] [ATIVOS Client 1] 9 ticks | AUDCAD_otc | EURUSD_otc | USDRUB_otc | ADA-USD_otc | EURJPY_otc | EURNZD_otc | DOGE_otc | #AAPL_otc | DOTUSD_otc @ 17:38:25
2026-03-06 15:38:25 | INFO     |                 |        |      | services.data_collector.realtime:_add_tick_to_buffer:2914 | [INFO] [ATIVOS Client 1] 9 ticks | AUDCAD_otc | EURUSD_otc | USDRUB_otc | ADA-USD_otc | EURJPY_otc | EURNZD_otc | DOGE_otc | #AAPL_otc | DOTUSD_otc @ 17:38:26
2026-03-06 15:38:25 | INFO     |                 |        |      | services.data_collector.connection_manager:_monitor_loop:904 | Acordou do sono
2026-03-06 15:38:25 | INFO     |                 |        |      | services.data_collector.connection_manager:_monitor_loop:918 | Verificando conexões...
2026-03-06 15:38:25 | INFO     |                 |        |      | services.data_collector.connection_manager:_monitor_loop:925 | Abrindo conexão com banco de dados...
2026-03-06 15:38:25 | INFO     |                 |        |      | services.data_collector.connection_manager:_monitor_loop:932 | Conexão com banco de dados aberta
2026-03-06 15:38:25 | INFO     |                 |        |      | services.data_collector.connection_manager:_monitor_loop:953 | Encontradas 7 contas ativas
2026-03-06 15:38:25 | INFO     |                 |        |      | services.data_collector.connection_manager:_monitor_loop:892 | Entrando no loop de monitoramento...
2026-03-06 15:38:25 | INFO     |                 |        |      | services.data_collector.connection_manager:_monitor_loop:898 | Dormindo por 5 segundos...
2026-03-06 15:38:26 | DEBUG    |                 |        |      | services.data_collector.realtime:_log_candle_closes_loop:2462 | ⏭️ Timeframe 3s não configurado, ignorando
2026-03-06 15:38:26 | DEBUG    |                 |        |      | services.data_collector.realtime:_log_candle_closes_loop:2462 | ⏭️ Timeframe 3s não configurado, ignorando
2026-03-06 15:38:27 | INFO     |                 |        |      | services.data_collector.realtime:_add_tick_to_buffer:2914 | [INFO] [ATIVOS Client 1] 9 ticks | AUDCAD_otc | EURUSD_otc | USDRUB_otc | ADA-USD_otc | EURJPY_otc | EURNZD_otc | DOGE_otc | #AAPL_otc | DOTUSD_otc @ 17:38:27
2026-03-06 15:38:28 | INFO     |                 |        |      | services.data_collector.realtime:_add_tick_to_buffer:2914 | [INFO] [ATIVOS Client 1] 9 ticks | AUDCAD_otc | EURUSD_otc | USDRUB_otc | ADA-USD_otc | EURJPY_otc | EURNZD_otc | DOGE_otc | #AAPL_otc | DOTUSD_otc @ 17:38:29
2026-03-06 15:38:29 | INFO     |                 |        |      | services.data_collector.realtime:_add_tick_to_buffer:2914 | [INFO] [ATIVOS Client 1] 9 ticks | AUDCAD_otc | EURUSD_otc | USDRUB_otc | ADA-USD_otc | EURJPY_otc | EURNZD_otc | DOGE_otc | #AAPL_otc | DOTUSD_otc @ 17:38:30
2026-03-06 15:38:29 | DEBUG    |                 |        |      | services.data_collector.realtime:_log_candle_closes_loop:2462 | ⏭️ Timeframe 3s não configurado, ignorando
2026-03-06 15:38:29 | DEBUG    |                 |        |      | services.data_collector.realtime:_log_candle_closes_loop:2462 | ⏭️ Timeframe 5s não configurado, ignorando
2026-03-06 15:38:29 | DEBUG    |                 |        |      | services.data_collector.realtime:_log_candle_closes_loop:2462 | ⏭️ Timeframe 30s não configurado, ignorando
2026-03-06 15:38:30 | INFO     |                 |        |      | services.data_collector.realtime:_add_tick_to_buffer:2914 | [INFO] [ATIVOS Client 1] 9 ticks | AUDCAD_otc | EURUSD_otc | USDRUB_otc | ADA-USD_otc | EURJPY_otc | EURNZD_otc | DOGE_otc | #AAPL_otc | DOTUSD_otc @ 17:38:31
2026-03-06 15:38:30 | INFO     |                 |        |      | services.data_collector.connection_manager:_monitor_loop:904 | Acordou do sono
2026-03-06 15:38:30 | INFO     |                 |        |      | services.data_collector.connection_manager:_monitor_loop:918 | Verificando conexões...
2026-03-06 15:38:30 | INFO     |                 |        |      | services.data_collector.connection_manager:_monitor_loop:925 | Abrindo conexão com banco de dados...
2026-03-06 15:38:30 | INFO     |                 |        |      | services.data_collector.connection_manager:_monitor_loop:932 | Conexão com banco de dados aberta
2026-03-06 15:38:30 | INFO     |                 |        |      | services.data_collector.connection_manager:_monitor_loop:953 | Encontradas 7 contas ativas
2026-03-06 15:38:31 | INFO     |                 |        |      | services.data_collector.connection_manager:_monitor_loop:892 | Entrando no loop de monitoramento...
2026-03-06 15:38:31 | INFO     |                 |        |      | services.data_collector.connection_manager:_monitor_loop:898 | Dormindo por 5 segundos...
2026-03-06 15:38:31 | INFO     |                 |        |      | services.data_collector.realtime:_add_tick_to_buffer:2914 | [INFO] [ATIVOS Client 1] 9 ticks | AUDCAD_otc | EURUSD_otc | USDRUB_otc | ADA-USD_otc | EURJPY_otc | EURNZD_otc | DOGE_otc | #AAPL_otc | DOTUSD_otc @ 17:38:32
2026-03-06 15:38:32 | DEBUG    |                 |        |      | services.data_collector.realtime:_log_candle_closes_loop:2462 | ⏭️ Timeframe 3s não configurado, ignorando
2026-03-06 15:38:32 | INFO     |                 |        |      | services.data_collector.realtime:_add_tick_to_buffer:2914 | [INFO] [ATIVOS Client 1] 9 ticks | AUDCAD_otc | EURUSD_otc | USDRUB_otc | ADA-USD_otc | EURJPY_otc | EURNZD_otc | DOGE_otc | #AAPL_otc | DOTUSD_otc @ 17:38:33
2026-03-06 15:38:33 | INFO     |                 |        |      | services.data_collector.realtime:_add_tick_to_buffer:2914 | [INFO] [ATIVOS Client 1] 9 ticks | AUDCAD_otc | EURUSD_otc | USDRUB_otc | ADA-USD_otc | EURJPY_otc | EURNZD_otc | DOGE_otc | #AAPL_otc | DOTUSD_otc @ 17:38:34
2026-03-06 15:38:34 | DEBUG    |                 |        |      | services.data_collector.realtime:_log_candle_closes_loop:2462 | ⏭️ Timeframe 5s não configurado, ignorando
2026-03-06 15:38:35 | INFO     |                 |        |      | services.data_collector.realtime:_add_tick_to_buffer:2914 | [INFO] [ATIVOS Client 1] 9 ticks | AUDCAD_otc | EURUSD_otc | USDRUB_otc | ADA-USD_otc | EURJPY_otc | EURNZD_otc | DOGE_otc | #AAPL_otc | DOTUSD_otc @ 17:38:36
2026-03-06 15:38:35 | DEBUG    |                 |        |      | services.data_collector.realtime:_log_candle_closes_loop:2462 | ⏭️ Timeframe 3s não configurado, ignorando
2026-03-06 15:38:35 | DEBUG    |                 |        |      | services.data_collector.realtime:_log_candle_closes_loop:2462 | ⏭️ Timeframe 3s não configurado, ignorando
2026-03-06 15:38:36 | INFO     |                 |        |      | services.data_collector.connection_manager:_monitor_loop:904 | Acordou do sono
2026-03-06 15:38:36 | INFO     |                 |        |      | services.data_collector.connection_manager:_monitor_loop:918 | Verificando conexões...
2026-03-06 15:38:36 | INFO     |                 |        |      | services.data_collector.connection_manager:_monitor_loop:925 | Abrindo conexão com banco de dados...
2026-03-06 15:38:36 | INFO     |                 |        |      | services.data_collector.connection_manager:_monitor_loop:932 | Conexão com banco de dados aberta
2026-03-06 15:38:36 | INFO     |                 |        |      | services.data_collector.connection_manager:_monitor_loop:953 | Encontradas 7 contas ativas
2026-03-06 15:38:36 | INFO     |                 |        |      | services.data_collector.connection_manager:_monitor_loop:892 | Entrando no loop de monitoramento...
2026-03-06 15:38:36 | INFO     |                 |        |      | services.data_collector.connection_manager:_monitor_loop:898 | Dormindo por 5 segundos...
2026-03-06 15:38:36 | INFO     |                 |        |      | services.data_collector.realtime:_add_tick_to_buffer:2914 | [INFO] [ATIVOS Client 1] 9 ticks | AUDCAD_otc | EURUSD_otc | USDRUB_otc | ADA-USD_otc | EURJPY_otc | EURNZD_otc | DOGE_otc | #AAPL_otc | DOTUSD_otc @ 17:38:37
2026-03-06 15:38:36 | INFO     |                 |        |      | services.data_collector.connection_manager:ensure_connection:1458 | [986ab179...] Conectando demo sob demanda para usuário...
2026-03-06 15:38:37 | INFO     |                 |        |      | services.data_collector.realtime:_add_tick_to_buffer:2914 | [INFO] [ATIVOS Client 1] 9 ticks | AUDCAD_otc | EURUSD_otc | USDRUB_otc | ADA-USD_otc | EURJPY_otc | EURNZD_otc | DOGE_otc | #AAPL_otc | DOTUSD_otc @ 17:38:38
2026-03-06 15:38:38 | INFO     |                 |        |      | services.data_collector.realtime:_add_tick_to_buffer:2914 | [INFO] [ATIVOS Client 1] 9 ticks | AUDCAD_otc | EURUSD_otc | USDRUB_otc | ADA-USD_otc | EURJPY_otc | EURNZD_otc | DOGE_otc | #AAPL_otc | DOTUSD_otc @ 17:38:39
2026-03-06 15:38:38 | DEBUG    |                 |        |      | services.data_collector.realtime:_log_candle_closes_loop:2462 | ⏭️ Timeframe 3s não configurado, ignorando
2026-03-06 15:38:38 | INFO     |                 |        |      | services.data_collector.connection_manager:connect:60 | [USUÁRIO: Leandro Souza] [986ab179-e28a-4b65-8921-e043c7519f5b] Conexão demo estabelecida
2026-03-06 15:38:38 | INFO     |                 |        |      | services.data_collector.connection_manager:connect:80 | [USUÁRIO: Leandro Souza] [986ab179-e28a-4b65-8921-e043c7519f5b] Handler order_closed registrado para demo
2026-03-06 15:38:38 | INFO     |                 |        |      | services.data_collector.connection_manager:connect:89 | [USUÁRIO: Leandro Souza] [986ab179-e28a-4b65-8921-e043c7519f5b] Handlers de balance registrados para demo
2026-03-06 15:38:38 | INFO     |                 |        |      | services.data_collector.reconnection_manager:register_connection:68 | [OK] Conexão registrada: [%s] %s (id: %s)
2026-03-06 15:38:39 | INFO     |                 |        |      | services.data_collector.realtime:_add_tick_to_buffer:2914 | [INFO] [ATIVOS Client 1] 9 ticks | AUDCAD_otc | EURUSD_otc | USDRUB_otc | ADA-USD_otc | EURJPY_otc | EURNZD_otc | DOGE_otc | #AAPL_otc | DOTUSD_otc @ 17:38:40
2026-03-06 15:38:39 | DEBUG    |                 |        |      | services.data_collector.realtime:_log_candle_closes_loop:2462 | ⏭️ Timeframe 5s não configurado, ignorando
2026-03-06 15:38:39 | DEBUG    |                 |        |      | services.data_collector.realtime:_log_candle_closes_loop:2462 | ⏭️ Timeframe 5s não configurado, ignorando
2026-03-06 15:38:40 | INFO     |                 |        |      | services.data_collector.realtime:invalidate_autotrade_configs_cache:772 | [OK] Cache de configurações de autotrade invalidado
2026-03-06 15:38:40 | INFO     |                 |        |      | services.data_collector.realtime:_add_tick_to_buffer:2914 | [INFO] [ATIVOS Client 1] 9 ticks | AUDCAD_otc | EURUSD_otc | USDRUB_otc | ADA-USD_otc | EURJPY_otc | EURNZD_otc | DOGE_otc | #AAPL_otc | DOTUSD_otc @ 17:38:41
2026-03-06 15:38:40 | INFO     |                 |        |      | services.data_collector.realtime:_get_all_autotrade_configs:666 | [REBALANCE] Cache invalidado, recarregando configurações do banco
2026-03-06 15:38:40 | INFO     |                 |        |      | services.data_collector.realtime:_get_all_autotrade_configs:742 | [LIST] Conta 986ab179-e28a-4b65-8921-e043c7519f5b: timeframe=5s, strategy=65185ab5-892e-42e9-92e1-d17456905a52, indicators=23
2026-03-06 15:38:40 | INFO     |                 |        |      | services.data_collector.realtime:_get_all_autotrade_configs:754 | [LIST] 1 configuração(ões) de autotrade carregada(s)
2026-03-06 15:38:41 | INFO     |                 |        |      | services.data_collector.connection_manager:_monitor_loop:904 | Acordou do sono
2026-03-06 15:38:41 | INFO     |                 |        |      | services.data_collector.connection_manager:_monitor_loop:918 | Verificando conexões...
2026-03-06 15:38:41 | INFO     |                 |        |      | services.data_collector.connection_manager:_monitor_loop:925 | Abrindo conexão com banco de dados...
2026-03-06 15:38:41 | INFO     |                 |        |      | services.data_collector.connection_manager:_monitor_loop:932 | Conexão com banco de dados aberta
2026-03-06 15:38:41 | INFO     |                 |        |      | services.data_collector.connection_manager:_monitor_loop:953 | Encontradas 7 contas ativas
2026-03-06 15:38:41 | INFO     |                 |        |      | services.data_collector.connection_manager:_handle_account_connection:1282 | [986ab179...] Iniciando conexão demo para usuário...
2026-03-06 15:38:41 | INFO     |                 |        |      | services.data_collector.realtime:_add_tick_to_buffer:2914 | [INFO] [ATIVOS Client 1] 9 ticks | AUDCAD_otc | EURUSD_otc | USDRUB_otc | ADA-USD_otc | EURJPY_otc | EURNZD_otc | DOGE_otc | #AAPL_otc | DOTUSD_otc @ 17:38:42
2026-03-06 15:38:42 | INFO     |                 |        |      | services.data_collector.realtime:_add_tick_to_buffer:2914 | [INFO] [ATIVOS Client 1] 9 ticks | AUDCAD_otc | EURUSD_otc | USDRUB_otc | ADA-USD_otc | EURJPY_otc | EURNZD_otc | DOGE_otc | #AAPL_otc | DOTUSD_otc @ 17:38:43
2026-03-06 15:38:43 | INFO     |                 |        |      | services.data_collector.connection_manager:connect:60 | [USUÁRIO: Leandro Souza] [986ab179-e28a-4b65-8921-e043c7519f5b] Conexão demo estabelecida
2026-03-06 15:38:43 | INFO     |                 |        |      | services.data_collector.connection_manager:connect:80 | [USUÁRIO: Leandro Souza] [986ab179-e28a-4b65-8921-e043c7519f5b] Handler order_closed registrado para demo
2026-03-06 15:38:43 | INFO     |                 |        |      | services.data_collector.connection_manager:connect:89 | [USUÁRIO: Leandro Souza] [986ab179-e28a-4b65-8921-e043c7519f5b] Handlers de balance registrados para demo
2026-03-06 15:38:43 | INFO     |                 |        |      | services.data_collector.reconnection_manager:register_connection:68 | [OK] Conexão registrada: [%s] %s (id: %s)
2026-03-06 15:38:43 | INFO     |                 |        |      | services.data_collector.connection_manager:_monitor_loop:892 | Entrando no loop de monitoramento...
2026-03-06 15:38:43 | INFO     |                 |        |      | services.data_collector.connection_manager:_monitor_loop:898 | Dormindo por 5 segundos...
2026-03-06 15:38:43 | INFO     |                 |        |      | services.data_collector.connection_manager:_on_balance_data:557 | Evento balance_data recebido
2026-03-06 15:38:43 | INFO     |                 |        |      | services.data_collector.connection_manager:_on_balance_data:592 | [USUÁRIO: Leandro Souza] [986ab179-e28a-4b65-8921-e043c7519f5b] *** Balance recebido (balance_data): 24.85, is_demo: True
2026-03-06 15:38:43 | INFO     |                 |        |      | services.data_collector.connection_manager:_on_balance_data:608 | [USUÁRIO: Leandro Souza] [986ab179-e28a-4b65-8921-e043c7519f5b] *** Atualizando saldo no banco: balance_demo = 24.85
2026-03-06 15:38:43 | INFO     |                 |        |      | services.data_collector.connection_manager:_on_balance_data:778 | [USUÁRIO: Leandro Souza] [986ab179-e28a-4b65-8921-e043c7519f5b] *** Saldo balance_demo atualizado (balance_data): 24.85
2026-03-06 15:38:44 | INFO     |                 |        |      | services.data_collector.realtime:_add_tick_to_buffer:2914 | [INFO] [ATIVOS Client 1] 9 ticks | AUDCAD_otc | EURUSD_otc | USDRUB_otc | ADA-USD_otc | EURJPY_otc | EURNZD_otc | DOGE_otc | #AAPL_otc | DOTUSD_otc @ 17:38:44
2026-03-06 15:38:44 | INFO     |                 |        |      | services.data_collector.realtime:_log_candle_closes_loop:2453 | 🎯 Timeframe configurado: 5s - Coletando sinais...
2026-03-06 15:38:44 | INFO     |                 |        |      | services.data_collector.realtime:_collect_all_signals_and_execute_best:1652 | 🔍 Coletando sinais de todos os ativos para timeframe 5s...
2026-03-06 15:38:44 | SUCCESS  |                 |        |      | services.data_collector.realtime:_run_strategies:2326 | ✅ [EURUSD_otc] SINAL SELL gerado por CustomStrategy (5s) | confiança=0.61
2026-03-06 15:38:44 | INFO     |                 |        |      | services.data_collector.realtime:_run_strategies:2356 | 🏆 [EURUSD_otc] Novo melhor sinal para Leandro Souza: SELL | confluência=0.6% | conf=0.61
2026-03-06 15:38:44 | INFO     |                 |        |      | services.data_collector.realtime:_collect_all_signals_and_execute_best:1683 | [INFO] [EURUSD_otc] Sinal coletado para Leandro Souza: SELL | confiança=0.61
2026-03-06 15:38:44 | SUCCESS  |                 |        |      | services.data_collector.realtime:_run_strategies:2326 | ✅ [AUDCAD_otc] SINAL SELL gerado por CustomStrategy (5s) | confiança=0.62
2026-03-06 15:38:44 | INFO     |                 |        |      | services.data_collector.realtime:_run_strategies:2356 | 🏆 [AUDCAD_otc] Novo melhor sinal para Leandro Souza: SELL | confluência=0.6% | conf=0.62
2026-03-06 15:38:44 | INFO     |                 |        |      | services.data_collector.realtime:_collect_all_signals_and_execute_best:1683 | [INFO] [AUDCAD_otc] Sinal coletado para Leandro Souza: SELL | confiança=0.62
2026-03-06 15:38:45 | SUCCESS  |                 |        |      | services.data_collector.realtime:_run_strategies:2326 | ✅ [USDRUB_otc] SINAL BUY gerado por CustomStrategy (5s) | confiança=0.61
2026-03-06 15:38:45 | INFO     |                 |        |      | services.data_collector.realtime:_add_tick_to_buffer:2914 | [INFO] [ATIVOS Client 1] 9 ticks | AUDCAD_otc | EURUSD_otc | USDRUB_otc | ADA-USD_otc | EURJPY_otc | EURNZD_otc | DOGE_otc | #AAPL_otc | DOTUSD_otc @ 17:38:45
2026-03-06 15:38:45 | INFO     |                 |        |      | services.data_collector.realtime:_run_strategies:2356 | 🏆 [USDRUB_otc] Novo melhor sinal para Leandro Souza: BUY | confluência=0.7% | conf=0.61
2026-03-06 15:38:45 | INFO     |                 |        |      | services.data_collector.realtime:_collect_all_signals_and_execute_best:1683 | [INFO] [USDRUB_otc] Sinal coletado para Leandro Souza: BUY | confiança=0.61
2026-03-06 15:38:45 | SUCCESS  |                 |        |      | services.data_collector.realtime:_run_strategies:2326 | ✅ [ADA-USD_otc] SINAL BUY gerado por CustomStrategy (5s) | confiança=0.62
2026-03-06 15:38:45 | INFO     |                 |        |      | services.data_collector.realtime:invalidate_autotrade_configs_cache:772 | [OK] Cache de configurações de autotrade invalidado
2026-03-06 15:38:45 | INFO     |                 |        |      | services.data_collector.realtime:_run_strategies:2356 | 🏆 [ADA-USD_otc] Novo melhor sinal para Leandro Souza: BUY | confluência=0.7% | conf=0.62
2026-03-06 15:38:45 | INFO     |                 |        |      | services.data_collector.realtime:_collect_all_signals_and_execute_best:1683 | [INFO] [ADA-USD_otc] Sinal coletado para Leandro Souza: BUY | confiança=0.62
2026-03-06 15:38:45 | INFO     |                 |        |      | services.data_collector.realtime:_get_all_autotrade_configs:666 | [REBALANCE] Cache invalidado, recarregando configurações do banco
2026-03-06 15:38:45 | DEBUG    |                 |        |      | services.data_collector.realtime:_run_strategies:2090 | [WARNING] [EURJPY_otc] Nenhuma configuração de autotrade ativa
2026-03-06 15:38:45 | DEBUG    |                 |        |      | services.data_collector.realtime:_run_strategies:2090 | [WARNING] [EURNZD_otc] Nenhuma configuração de autotrade ativa
2026-03-06 15:38:45 | DEBUG    |                 |        |      | services.data_collector.realtime:_run_strategies:2090 | [WARNING] [DOGE_otc] Nenhuma configuração de autotrade ativa
2026-03-06 15:38:45 | DEBUG    |                 |        |      | services.data_collector.realtime:_run_strategies:2090 | [WARNING] [DOTUSD_otc] Nenhuma configuração de autotrade ativa
2026-03-06 15:38:45 | DEBUG    |                 |        |      | services.data_collector.realtime:_run_strategies:2090 | [WARNING] [#AAPL_otc] Nenhuma configuração de autotrade ativa
2026-03-06 15:38:45 | INFO     |                 |        |      | services.data_collector.realtime:_collect_all_signals_and_execute_best:1688 | [LIST] Total de sinais coletados: 4
2026-03-06 15:38:45 | INFO     |                 |        |      | services.data_collector.realtime:_collect_all_signals_and_execute_best:1732 | [CHART] [EURUSD_otc] confluência=0.6% | conf=0.61 | payout=92.0% | movimento/candle=0.00005
2026-03-06 15:38:45 | INFO     |                 |        |      | services.data_collector.realtime:_collect_all_signals_and_execute_best:1732 | [CHART] [AUDCAD_otc] confluência=0.6% | conf=0.62 | payout=92.0% | movimento/candle=0.00016
2026-03-06 15:38:45 | INFO     |                 |        |      | services.data_collector.realtime:_collect_all_signals_and_execute_best:1732 | [CHART] [USDRUB_otc] confluência=0.7% | conf=0.61 | payout=92.0% | movimento/candle=0.00052
2026-03-06 15:38:45 | INFO     |                 |        |      | services.data_collector.realtime:_collect_all_signals_and_execute_best:1732 | [CHART] [ADA-USD_otc] confluência=0.7% | conf=0.62 | payout=92.0% | movimento/candle=0.00001
2026-03-06 15:38:45 | SUCCESS  |                 |        |      | services.data_collector.realtime:_process_account_trade:1788 | 🏆 MELHOR SINAL PARA Leandro Souza: [ADA-USD_otc] BUY | confluência=0.7% | confiança=0.62 | payout=92.0%
2026-03-06 15:38:45 | INFO     |                 |        |      | services.data_collector.realtime:_process_account_trade:1843 | [OK] [ADA-USD_otc] Sinal salvo no banco de dados
2026-03-06 15:38:45 | INFO     |                 |        |      | services.data_collector.realtime:_process_account_trade:1847 | [INFO] [ADA-USD_otc] Confiança suficiente (0.62), verificando payout...
2026-03-06 15:38:45 | INFO     |                 |        |      | services.data_collector.realtime:_process_account_trade:1866 | [INFO] [ADA-USD_otc] Payout válido (92.0%), verificando conexão WS...
2026-03-06 15:38:45 | INFO     |                 |        |      | services.data_collector.realtime:_process_account_trade:1896 | [INFO] [ADA-USD_otc] Conexão WS ativa encontrada, executando trade...
2026-03-06 15:38:45 | WARNING  |                 |        |      | services.data_collector.realtime:_process_account_trade:2031 | [WARNING] [ADA-USD_otc] Trade não foi executado
2026-03-06 15:38:45 | DEBUG    |                 |        |      | services.data_collector.realtime:_log_candle_closes_loop:2462 | ⏭️ Timeframe 3s não configurado, ignorando
2026-03-06 15:38:46 | DEBUG    |                 |        |      | services.data_collector.realtime:_log_candle_closes_loop:2462 | ⏭️ Timeframe 3s não configurado, ignorando
2026-03-06 15:38:46 | INFO     |                 |        |      | services.data_collector.realtime:_add_tick_to_buffer:2914 | [INFO] [ATIVOS Client 1] 9 ticks | AUDCAD_otc | EURUSD_otc | USDRUB_otc | ADA-USD_otc | EURJPY_otc | EURNZD_otc | DOGE_otc | #AAPL_otc | DOTUSD_otc @ 17:38:47
2026-03-06 15:38:47 | DEBUG    |                 |        |      | services.data_collector.realtime:_log_candle_closes_loop:2462 | ⏭️ Timeframe 3s não configurado, ignorando
2026-03-06 15:38:47 | INFO     |                 |        |      | services.data_collector.realtime:_add_tick_to_buffer:2914 | [INFO] [ATIVOS Client 1] 9 ticks | AUDCAD_otc | EURUSD_otc | USDRUB_otc | ADA-USD_otc | EURJPY_otc | EURNZD_otc | DOGE_otc | #AAPL_otc | DOTUSD_otc @ 17:38:48
2026-03-06 15:38:47 | DEBUG    |                 |        |      | services.data_collector.realtime:_log_candle_closes_loop:2462 | ⏭️ Timeframe 3s não configurado, ignorando
2026-03-06 15:38:48 | INFO     |                 |        |      | services.data_collector.connection_manager:_monitor_loop:904 | Acordou do sono
2026-03-06 15:38:48 | INFO     |                 |        |      | services.data_collector.connection_manager:_monitor_loop:918 | Verificando conexões...
2026-03-06 15:38:48 | INFO     |                 |        |      | services.data_collector.connection_manager:_monitor_loop:925 | Abrindo conexão com banco de dados...
2026-03-06 15:38:48 | INFO     |                 |        |      | services.data_collector.connection_manager:_monitor_loop:932 | Conexão com banco de dados aberta
2026-03-06 15:38:48 | INFO     |                 |        |      | services.data_collector.connection_manager:_monitor_loop:953 | Encontradas 7 contas ativas
2026-03-06 15:38:48 | INFO     |                 |        |      | services.data_collector.connection_manager:_monitor_loop:892 | Entrando no loop de monitoramento...
2026-03-06 15:38:48 | INFO     |                 |        |      | services.data_collector.connection_manager:_monitor_loop:898 | Dormindo por 5 segundos...
2026-03-06 15:38:48 | INFO     |                 |        |      | services.data_collector.realtime:_add_tick_to_buffer:2914 | [INFO] [ATIVOS Client 1] 9 ticks | AUDCAD_otc | EURUSD_otc | USDRUB_otc | ADA-USD_otc | EURJPY_otc | EURNZD_otc | DOGE_otc | #AAPL_otc | DOTUSD_otc @ 17:38:49
2026-03-06 15:38:49 | DEBUG    |                 |        |      | services.data_collector.realtime:_log_candle_closes_loop:2462 | ⏭️ Timeframe 5s não configurado, ignorando
2026-03-06 15:38:49 | INFO     |                 |        |      | services.data_collector.realtime:_add_tick_to_buffer:2914 | [INFO] [ATIVOS Client 1] 9 ticks | AUDCAD_otc | EURUSD_otc | USDRUB_otc | ADA-USD_otc | EURJPY_otc | EURNZD_otc | DOGE_otc | #AAPL_otc | DOTUSD_otc @ 17:38:50
2026-03-06 15:38:50 | DEBUG    |                 |        |      | services.data_collector.realtime:_log_candle_closes_loop:2462 | ⏭️ Timeframe 3s não configurado, ignorando
2026-03-06 15:38:50 | DEBUG    |                 |        |      | services.data_collector.realtime:_log_candle_closes_loop:2462 | ⏭️ Timeframe 3s não configurado, ignorando
2026-03-06 15:38:51 | INFO     |                 |        |      | services.data_collector.realtime:_add_tick_to_buffer:2914 | [INFO] [ATIVOS Client 1] 9 ticks | AUDCAD_otc | EURUSD_otc | USDRUB_otc | ADA-USD_otc | EURJPY_otc | EURNZD_otc | DOGE_otc | #AAPL_otc | DOTUSD_otc @ 17:38:52
2026-03-06 15:38:52 | INFO     |                 |        |      | services.data_collector.realtime:_add_tick_to_buffer:2914 | [INFO] [ATIVOS Client 1] 9 ticks | AUDCAD_otc | EURUSD_otc | USDRUB_otc | ADA-USD_otc | EURJPY_otc | EURNZD_otc | DOGE_otc | #AAPL_otc | DOTUSD_otc @ 17:38:53
2026-03-06 15:38:53 | INFO     |                 |        |      | services.data_collector.connection_manager:_monitor_loop:904 | Acordou do sono
2026-03-06 15:38:53 | INFO     |                 |        |      | services.data_collector.connection_manager:_monitor_loop:918 | Verificando conexões...
2026-03-06 15:38:53 | INFO     |                 |        |      | services.data_collector.connection_manager:_monitor_loop:925 | Abrindo conexão com banco de dados...
2026-03-06 15:38:53 | INFO     |                 |        |      | services.data_collector.connection_manager:_monitor_loop:932 | Conexão com banco de dados aberta
2026-03-06 15:38:53 | INFO     |                 |        |      | services.data_collector.connection_manager:_monitor_loop:953 | Encontradas 7 contas ativas
2026-03-06 15:38:53 | INFO     |                 |        |      | services.data_collector.connection_manager:_monitor_loop:892 | Entrando no loop de monitoramento...
2026-03-06 15:38:53 | INFO     |                 |        |      | services.data_collector.connection_manager:_monitor_loop:898 | Dormindo por 5 segundos...
2026-03-06 15:38:53 | INFO     |                 |        |      | services.data_collector.realtime:_add_tick_to_buffer:2914 | [INFO] [ATIVOS Client 1] 9 ticks | AUDCAD_otc | EURUSD_otc | USDRUB_otc | ADA-USD_otc | EURJPY_otc | EURNZD_otc | DOGE_otc | #AAPL_otc | DOTUSD_otc @ 17:38:54
2026-03-06 15:38:53 | DEBUG    |                 |        |      | services.data_collector.realtime:_log_candle_closes_loop:2462 | ⏭️ Timeframe 3s não configurado, ignorando
2026-03-06 15:38:53 | DEBUG    |                 |        |      | services.data_collector.realtime:_log_candle_closes_loop:2462 | ⏭️ Timeframe 3s não configurado, ignorando
2026-03-06 15:38:54 | INFO     |                 |        |      | services.data_collector.realtime:_ativos_monitoring_loop:3018 | [REBALANCE] Iniciando rebalanceamento de ativos...
2026-03-06 15:38:54 | INFO     |                 |        |      | services.data_collector.realtime:_rebalance_assets:1214 | [Rebalance] Iniciando rebalanceamento de ativos...
2026-03-06 15:38:54 | INFO     |                 |        |      | services.data_collector.realtime:_rebalance_assets:1223 | [Rebalance] Top 30 ativos encontrados: ['EURUSD_otc', 'AUDCAD_otc', 'USDRUB_otc', '#AMZN_otc', '#CITI_otc']...
2026-03-06 15:38:54 | INFO     |                 |        |      | services.data_collector.realtime:_rebalance_assets:1233 | [Rebalance] Ativos monitorados atualmente: {'AUDCAD_otc', 'USDRUB_otc', 'DOTUSD_otc', 'EURUSD_otc', '#AAPL_otc', '#CITI_otc', 'EURNZD_otc', 'DOGE_otc', 'EURJPY_otc', 'ADA-USD_otc'}
2026-03-06 15:38:54 | INFO     |                 |        |      | services.data_collector.realtime:_rebalance_assets:1242 | [Rebalance] ATIVOS Client 1: monitorando 10 ativos: ['EURUSD_otc', 'AUDCAD_otc', 'USDRUB_otc', '#CITI_otc', 'ADA-USD_otc', 'EURJPY_otc', 'EURNZD_otc', 'DOGE_otc', 'DOTUSD_otc', '#AAPL_otc']
2026-03-06 15:38:54 | INFO     |                 |        |      | services.data_collector.realtime:_rebalance_assets:1285 | [Rebalance] ATIVOS Client 1: nenhum ativo ruim encontrado (todos >= 92%)
2026-03-06 15:38:54 | WARNING  |                 |        |      | services.data_collector.realtime:_rebalance_assets:1295 | [Rebalance] #CITI_otc: NUNCA recebeu ticks desde a inscrição
2026-03-06 15:38:54 | INFO     |                 |        |      | services.data_collector.realtime:_rebalance_assets:1302 | [Rebalance] ATIVOS Client 1: 1 ativos inativos encontrados: ['#CITI_otc']
2026-03-06 15:38:54 | DEBUG    |                 |        |      | services.data_collector.realtime:_rebalance_assets:1307 | [Rebalance] Removendo ativo inativo #CITI_otc do rastreamento
2026-03-06 15:38:54 | INFO     |                 |        |      | services.data_collector.realtime:_rebalance_assets:1321 | [Rebalance] Desinscrevendo de ativo inativo #CITI_otc...
2026-03-06 15:38:54 | INFO     |                 |        |      | services.data_collector.realtime:_unsubscribe_asset:1174 | [Unsubscribe] Tentando desinscrever de #CITI_otc...
2026-03-06 15:38:54 | INFO     |                 |        |      | services.data_collector.realtime:_unsubscribe_asset:1190 | [Unsubscribe] [OK] Mensagem de unsubscribe enviada para #CITI_otc
2026-03-06 15:38:54 | DEBUG    |                 |        |      | services.data_collector.realtime:_unsubscribe_asset:1204 | [ERROR] Desinscrevendo de #CITI_otc
2026-03-06 15:38:54 | DEBUG    |                 |        |      | services.data_collector.local_storage:delete_asset_file:414 | Arquivo não encontrado para #CITI_otc
2026-03-06 15:38:54 | INFO     |                 |        |      | services.data_collector.realtime:_rebalance_assets:1329 | [Rebalance] ATIVOS Client 1: ativo inativo #CITI_otc removido
2026-03-06 15:38:54 | WARNING  |                 |        |      | services.data_collector.realtime:_rebalance_assets:1342 | [Rebalance] ATIVOS Client 1: apenas 9 ativos monitorados, precisa de 1 mais
2026-03-06 15:38:54 | INFO     |                 |        |      | services.data_collector.realtime:_rebalance_assets:1348 | [Rebalance] ATIVOS Client 1: 15 ativos bons disponíveis: ['USDMXN_otc', '#AMZN_otc', 'BHDCNY_otc', 'TNDUSD_otc', '#PFE_otc']...
2026-03-06 15:38:54 | INFO     |                 |        |      | services.data_collector.realtime:_rebalance_assets:1360 | [Rebalance] Inscrevendo em USDMXN_otc...
2026-03-06 15:38:54 | DEBUG    |                 |        |      | services.data_collector.realtime:_subscribe_asset:1143 | [OK] Inscrevendo em USDMXN_otc
2026-03-06 15:38:54 | DEBUG    |                 |        |      | services.data_collector.realtime:_request_historical_data:1165 | [OK] Dados históricos solicitados para USDMXN_otc
2026-03-06 15:38:54 | INFO     |                 |        |      | services.data_collector.realtime:_rebalance_assets:1362 | [Rebalance] [OK] Inscrito em USDMXN_otc
2026-03-06 15:38:54 | INFO     |                 |        |      | services.data_collector.realtime:_rebalance_assets:1364 | [Rebalance] ATIVOS Client 1: adicionado USDMXN_otc
2026-03-06 15:38:54 | INFO     |                 |        |      | services.data_collector.realtime:_rebalance_assets:1377 | [Rebalance] ATIVOS Client 1: rebalanceamento concluído - 10 ativos: ['EURUSD_otc', 'AUDCAD_otc', 'USDRUB_otc', 'ADA-USD_otc', 'EURJPY_otc', 'EURNZD_otc', 'DOGE_otc', 'DOTUSD_otc', '#AAPL_otc', 'USDMXN_otc']
2026-03-06 15:38:54 | DEBUG    |                 |        |      | services.data_collector.realtime:_log_candle_closes_loop:2462 | ⏭️ Timeframe 5s não configurado, ignorando
2026-03-06 15:38:54 | INFO     |                 |        |      | services.data_collector.realtime:_add_tick_to_buffer:2914 | [INFO] [ATIVOS Client 1] 9 ticks | AUDCAD_otc | EURUSD_otc | USDRUB_otc | ADA-USD_otc | EURJPY_otc | EURNZD_otc | DOGE_otc | #AAPL_otc | DOTUSD_otc @ 17:38:55
2026-03-06 15:38:54 | DEBUG    |                 |        |      | services.data_collector.realtime:_log_candle_closes_loop:2462 | ⏭️ Timeframe 5s não configurado, ignorando
2026-03-06 15:38:54 | INFO     |                 |        |      | services.data_collector.realtime:_on_ativos_candles_received:2526 | [CHART] [ATIVOS Client 1] Histórico recebido: USDMXN_otc | 1545 candles | período=1s @ 15:38:54
2026-03-06 15:38:54 | DEBUG    |                 |        |      | services.data_collector.local_storage:_append_to_file_batch:175 | [OK] [USDMXN_otc] Adicionados 1545 ticks via append
2026-03-06 15:38:54 | INFO     |                 |        |      | services.data_collector.realtime:_load_history_to_buffer:2633 | [OK] [USDMXN_otc] 252 candles carregados para timeframe 3s
2026-03-06 15:38:54 | INFO     |                 |        |      | services.data_collector.realtime:_load_history_to_buffer:2633 | [OK] [USDMXN_otc] 152 candles carregados para timeframe 5s
2026-03-06 15:38:54 | INFO     |                 |        |      | services.data_collector.realtime:_load_history_to_buffer:2633 | [OK] [USDMXN_otc] 26 candles carregados para timeframe 30s
2026-03-06 15:38:54 | INFO     |                 |        |      | services.data_collector.realtime:_load_history_to_buffer:2633 | [OK] [USDMXN_otc] 13 candles carregados para timeframe 60s
2026-03-06 15:38:54 | INFO     |                 |        |      | services.data_collector.realtime:_load_history_to_buffer:2633 | [OK] [USDMXN_otc] 3 candles carregados para timeframe 300s
2026-03-06 15:38:54 | INFO     |                 |        |      | services.data_collector.realtime:_load_history_to_buffer:2633 | [OK] [USDMXN_otc] 2 candles carregados para timeframe 900s
2026-03-06 15:38:54 | INFO     |                 |        |      | services.data_collector.realtime:_load_history_to_buffer:2633 | [OK] [USDMXN_otc] 1 candles carregados para timeframe 3600s
2026-03-06 15:38:54 | INFO     |                 |        |      | services.data_collector.realtime:_load_history_to_buffer:2633 | [OK] [USDMXN_otc] 1 candles carregados para timeframe 14400s
2026-03-06 15:38:54 | INFO     |                 |        |      | services.data_collector.realtime:_load_history_to_buffer:2633 | [OK] [USDMXN_otc] 1 candles carregados para timeframe 86400s
2026-03-06 15:38:54 | INFO     |                 |        |      | services.data_collector.realtime:_load_history_to_buffer:2635 | [OK] [USDMXN_otc] Dados históricos carregados no buffer para todos os timeframes
2026-03-06 15:38:54 | INFO     |                 |        |      | services.data_collector.realtime:_on_ativos_candles_received:2550 | [INFO] [ATIVOS Client 1] 10 históricos recebidos: EURUSD_otc | AUDCAD_otc | USDRUB_otc | ADA-USD_otc | EURJPY_otc | EURNZD_otc | DOGE_otc | DOTUSD_otc | #AAPL_otc | USDMXN_otc | Total: 14157 candles
2026-03-06 15:38:55 | INFO     |                 |        |      | services.data_collector.realtime:_add_tick_to_buffer:2914 | [INFO] [ATIVOS Client 1] 10 ticks | AUDCAD_otc | EURUSD_otc | USDRUB_otc | ADA-USD_otc | EURJPY_otc | EURNZD_otc | DOGE_otc | #AAPL_otc | DOTUSD_otc | USDMXN_otc @ 17:38:56
2026-03-06 15:38:56 | DEBUG    |                 |        |      | services.data_collector.realtime:_log_candle_closes_loop:2462 | ⏭️ Timeframe 3s não configurado, ignorando
2026-03-06 15:38:56 | INFO     |                 |        |      | services.data_collector.realtime:_add_tick_to_buffer:2914 | [INFO] [ATIVOS Client 1] 10 ticks | AUDCAD_otc | EURUSD_otc | USDRUB_otc | ADA-USD_otc | EURJPY_otc | EURNZD_otc | DOGE_otc | #AAPL_otc | DOTUSD_otc | USDMXN_otc @ 17:38:57
2026-03-06 15:38:57 | INFO     |                 |        |      | services.data_collector.realtime:_add_tick_to_buffer:2914 | [INFO] [ATIVOS Client 1] 10 ticks | AUDCAD_otc | EURUSD_otc | USDRUB_otc | ADA-USD_otc | EURJPY_otc | EURNZD_otc | DOGE_otc | #AAPL_otc | DOTUSD_otc | USDMXN_otc @ 17:38:58
2026-03-06 15:38:58 | INFO     |                 |        |      | services.data_collector.connection_manager:_monitor_loop:904 | Acordou do sono
2026-03-06 15:38:58 | INFO     |                 |        |      | services.data_collector.connection_manager:_monitor_loop:918 | Verificando conexões...
2026-03-06 15:38:58 | INFO     |                 |        |      | services.data_collector.connection_manager:_monitor_loop:925 | Abrindo conexão com banco de dados...
2026-03-06 15:38:58 | INFO     |                 |        |      | services.data_collector.connection_manager:_monitor_loop:932 | Conexão com banco de dados aberta
2026-03-06 15:38:58 | INFO     |                 |        |      | services.data_collector.connection_manager:_monitor_loop:953 | Encontradas 7 contas ativas
2026-03-06 15:38:58 | INFO     |                 |        |      | services.data_collector.connection_manager:_monitor_loop:892 | Entrando no loop de monitoramento...
2026-03-06 15:38:58 | INFO     |                 |        |      | services.data_collector.connection_manager:_monitor_loop:898 | Dormindo por 5 segundos...
2026-03-06 15:38:58 | INFO     |                 |        |      | services.data_collector.realtime:_add_tick_to_buffer:2914 | [INFO] [ATIVOS Client 1] 10 ticks | AUDCAD_otc | EURUSD_otc | USDRUB_otc | ADA-USD_otc | EURJPY_otc | EURNZD_otc | DOGE_otc | #AAPL_otc | DOTUSD_otc | USDMXN_otc @ 17:38:59
2026-03-06 15:38:59 | DEBUG    |                 |        |      | services.data_collector.realtime:_log_candle_closes_loop:2462 | ⏭️ Timeframe 3s não configurado, ignorando
2026-03-06 15:38:59 | DEBUG    |                 |        |      | services.data_collector.realtime:_log_candle_closes_loop:2462 | ⏭️ Timeframe 5s não configurado, ignorando
2026-03-06 15:38:59 | DEBUG    |                 |        |      | services.data_collector.realtime:_log_candle_closes_loop:2462 | ⏭️ Timeframe 30s não configurado, ignorando
2026-03-06 15:38:59 | DEBUG    |                 |        |      | services.data_collector.realtime:_log_candle_closes_loop:2462 | ⏭️ Timeframe 60s não configurado, ignorando
2026-03-06 15:39:00 | INFO     |                 |        |      | services.data_collector.realtime:_add_tick_to_buffer:2914 | [INFO] [ATIVOS Client 1] 10 ticks | AUDCAD_otc | EURUSD_otc | USDRUB_otc | ADA-USD_otc | EURJPY_otc | EURNZD_otc | DOGE_otc | #AAPL_otc | DOTUSD_otc | USDMXN_otc @ 17:39:00
2026-03-06 15:39:01 | INFO     |                 |        |      | services.data_collector.realtime:_add_tick_to_buffer:2914 | [INFO] [ATIVOS Client 1] 10 ticks | AUDCAD_otc | EURUSD_otc | USDRUB_otc | ADA-USD_otc | EURJPY_otc | EURNZD_otc | DOGE_otc | #AAPL_otc | DOTUSD_otc | USDMXN_otc @ 17:39:02
2026-03-06 15:39:02 | DEBUG    |                 |        |      | services.data_collector.realtime:_log_candle_closes_loop:2462 | ⏭️ Timeframe 3s não configurado, ignorando
2026-03-06 15:39:02 | INFO     |                 |        |      | services.data_collector.realtime:_add_tick_to_buffer:2914 | [INFO] [ATIVOS Client 1] 10 ticks | AUDCAD_otc | EURUSD_otc | USDRUB_otc | ADA-USD_otc | EURJPY_otc | EURNZD_otc | DOGE_otc | #AAPL_otc | DOTUSD_otc | USDMXN_otc @ 17:39:03
2026-03-06 15:39:02 | DEBUG    |                 |        |      | services.data_collector.realtime:_log_candle_closes_loop:2462 | ⏭️ Timeframe 3s não configurado, ignorando
2026-03-06 15:39:02 | INFO     |                 |        |      | services.data_collector.realtime:_ativos_monitoring_loop:3022 | Loop de monitoramento de ativos cancelado
2026-03-06 15:39:02 | INFO     |                 |        |      | services.data_collector.realtime:_ativos_monitoring_loop:3030 | Loop de monitoramento de ativos encerrado
2026-03-06 15:39:02 | INFO     |                 |        |      | services.data_collector.realtime:_periodic_assets_update:630 | Tarefa periódica de atualização de assets cancelada
2026-03-06 15:39:02 | INFO     |                 |        |      | services.data_collector.connection_manager:_monitor_loop:989 | Loop cancelado (CancelledError)
2026-03-06 15:39:02 | INFO     |                 |        |      | services.data_collector.connection_manager:_monitor_loop:1005 | Loop de monitoramento de conexões encerrado
2026-03-06 15:39:02 | INFO     |                 |        |      | services.data_collector.realtime:_log_candle_closes_loop:2488 | Tarefa de log de fechamentos cancelada
2026-03-06 15:39:02 | INFO     |                 |        |      | services.data_collector.realtime:_client_connection_watchdog:3092 | [WATCHDOG] Watchdog de conexões cancelado
2026-03-06 15:39:02 | INFO     |                 |        |      | services.data_collector.realtime:_client_connection_watchdog:3100 | [WATCHDOG] Watchdog de conexões encerrado
