2026-03-06 15:37:40 | INFO     |                 |        |      | services.data_collector.connection_manager:start_monitoring:829 | Gerenciador de conexões iniciado
2026-03-06 15:37:40 | INFO     |                 |        |      | services.data_collector.connection_manager:_monitor_loop:880 | Loop de monitoramento de conexões iniciado
2026-03-06 15:37:40 | INFO     |                 |        |      | services.data_collector.connection_manager:_monitor_loop:885 | _is_running = True
2026-03-06 15:37:40 | INFO     |                 |        |      | services.data_collector.connection_manager:_monitor_loop:892 | Entrando no loop de monitoramento...
2026-03-06 15:37:40 | INFO     |                 |        |      | services.data_collector.connection_manager:_monitor_loop:898 | Dormindo por 5 segundos...
2026-03-06 15:37:42 | DEBUG    |                 |        |      | services.pocketoption.keep_alive:__init__:69 | Initialized keep-alive manager with 2 available regions
2026-03-06 15:37:42 | DEBUG    |                 |        |      | services.pocketoption.keep_alive:start_persistent_connection:75 | Starting persistent connection with keep-alive...
2026-03-06 15:37:42 | INFO     |                 |        |      | services.ws_connection_logger:_create_log_file:101 | [WS LOGGER] Arquivo de log criado: logs\ws\PAYOUT_Monitor_keep_alive_keep_alive_3669e2464563_20260306_153742.log
2026-03-06 15:37:42 | INFO     |                 |        |      | services.pocketoption.keep_alive:_establish_connection:210 | [CONNECT] Connecting: Attempting connection to wss://demo-api-eu.po.market/socket.io/?EIO=4&transport=websocket (attempt 1/2)
2026-03-06 15:37:43 | SUCCESS  |                 |        |      | services.pocketoption.keep_alive:_establish_connection:264 | [SUCCESS] Connected to wss://demo-api-eu.po.market/socket.io/?EIO=4&transport=websocket (region: DEMO-EU)
2026-03-06 15:37:43 | DEBUG    |                 |        |      | services.pocketoption.keep_alive:_send_handshake:351 | Received initial: 0{"sid":"Tsb6Fn25hVi_aKnQF70O","upgrades":[],"pingInterval":25000,"pingTimeout":20000,"maxPayload":1000000}
2026-03-06 15:37:43 | DEBUG    |                 |        |      | services.pocketoption.keep_alive:_send_handshake:361 | Received connection: 40{"sid":"r3T-mDNNzZjgbWCKF70P"}
2026-03-06 15:37:43 | DEBUG    |                 |        |      | services.pocketoption.keep_alive:_send_handshake:365 | Handshake completed
2026-03-06 15:37:44 | INFO     |                 |        |      | services.pocketoption.keep_alive:_send_handshake:382 | Solicitando trades fechados (getClosedDeals)
2026-03-06 15:37:44 | DEBUG    |                 |        |      | services.pocketoption.keep_alive:_process_message:897 | ⏳ updateAssets received (451) - awaiting assets data
2026-03-06 15:37:44 | INFO     |                 |        |      | services.pocketoption.keep_alive:_reconnection_monitor:642 | [REBALANCE] Reconnection monitor started
2026-03-06 15:37:44 | INFO     |                 |        |      | services.data_collector.reconnection_manager:register_connection:68 | [OK] Conexão registrada: [%s] %s (id: %s)
2026-03-06 15:37:44 | INFO     |                 |        |      | services.pocketoption.keep_alive:_reconnection_monitor:682 | [OK] Conexão 'keep_alive_2644256827264' registrada no gerenciador unificado
2026-03-06 15:37:44 | INFO     |                 |        |      | services.pocketoption.keep_alive:_reconnection_monitor:685 | [REBALANCE] Usando gerenciador unificado de reconexão
2026-03-06 15:37:44 | INFO     |                 |        |      | services.pocketoption.keep_alive:_process_message:740 | [OK] Assets data received (bytes) - 183 assets
2026-03-06 15:37:44 | DEBUG    |                 |        |      | services.pocketoption.keep_alive:_process_message:875 | ⏳ successupdateBalance received (451) - awaiting balance data
2026-03-06 15:37:44 | INFO     |                 |        |      | services.pocketoption.keep_alive:_process_message:757 | *** Balance data received [PAYOUT Monitor] (demo): $50000
2026-03-06 15:37:44 | DEBUG    |                 |        |      | services.pocketoption.keep_alive:_process_message:904 | updateClosedDeals received (451): N/A deals
2026-03-06 15:37:45 | INFO     |                 |        |      | services.data_collector.connection_manager:_monitor_loop:904 | Acordou do sono
2026-03-06 15:37:45 | INFO     |                 |        |      | services.data_collector.connection_manager:_monitor_loop:918 | Verificando conexões...
2026-03-06 15:37:45 | INFO     |                 |        |      | services.data_collector.connection_manager:_monitor_loop:925 | Abrindo conexão com banco de dados...
2026-03-06 15:37:45 | INFO     |                 |        |      | services.data_collector.connection_manager:_monitor_loop:932 | Conexão com banco de dados aberta
2026-03-06 15:37:45 | INFO     |                 |        |      | services.data_collector.connection_manager:_monitor_loop:953 | Encontradas 7 contas ativas
2026-03-06 15:37:45 | INFO     |                 |        |      | services.data_collector.connection_manager:_monitor_loop:892 | Entrando no loop de monitoramento...
2026-03-06 15:37:45 | INFO     |                 |        |      | services.data_collector.connection_manager:_monitor_loop:898 | Dormindo por 5 segundos...
2026-03-06 15:37:49 | INFO     |                 |        |      | services.ws_connection_logger:_create_log_file:101 | [WS LOGGER] Arquivo de log criado: logs\ws\ATIVOS_Client_1_ativos_ativos_0dfe1755f9d2_20260306_153749.log
2026-03-06 15:37:49 | DEBUG    |                 |        |      | services.pocketoption.keep_alive:__init__:69 | Initialized keep-alive manager with 2 available regions
2026-03-06 15:37:49 | DEBUG    |                 |        |      | services.pocketoption.keep_alive:start_persistent_connection:75 | Starting persistent connection with keep-alive...
2026-03-06 15:37:49 | INFO     |                 |        |      | services.ws_connection_logger:_create_log_file:101 | [WS LOGGER] Arquivo de log criado: logs\ws\ATIVOS_Client_1_keep_alive_keep_alive_869cb4a775e4_20260306_153749.log
2026-03-06 15:37:49 | INFO     |                 |        |      | services.pocketoption.keep_alive:_establish_connection:210 | [CONNECT] Connecting: Attempting connection to wss://demo-api-eu.po.market/socket.io/?EIO=4&transport=websocket (attempt 1/2)
2026-03-06 15:37:50 | SUCCESS  |                 |        |      | services.pocketoption.keep_alive:_establish_connection:264 | [SUCCESS] Connected to wss://demo-api-eu.po.market/socket.io/?EIO=4&transport=websocket (region: DEMO-EU)
2026-03-06 15:37:50 | DEBUG    |                 |        |      | services.pocketoption.keep_alive:_send_handshake:351 | Received initial: 0{"sid":"F77zVkS_qLxWcPVaF9ET","upgrades":[],"pingInterval":25000,"pingTimeout":20000,"maxPayload":1000000}
2026-03-06 15:37:50 | DEBUG    |                 |        |      | services.pocketoption.keep_alive:_send_handshake:361 | Received connection: 40{"sid":"rZKVeiOR4dGtPkV5F9EU"}
2026-03-06 15:37:50 | DEBUG    |                 |        |      | services.pocketoption.keep_alive:_send_handshake:365 | Handshake completed
2026-03-06 15:37:50 | INFO     |                 |        |      | services.data_collector.connection_manager:_monitor_loop:904 | Acordou do sono
2026-03-06 15:37:50 | INFO     |                 |        |      | services.data_collector.connection_manager:_monitor_loop:918 | Verificando conexões...
2026-03-06 15:37:50 | INFO     |                 |        |      | services.data_collector.connection_manager:_monitor_loop:925 | Abrindo conexão com banco de dados...
2026-03-06 15:37:50 | INFO     |                 |        |      | services.data_collector.connection_manager:_monitor_loop:932 | Conexão com banco de dados aberta
2026-03-06 15:37:50 | INFO     |                 |        |      | services.data_collector.connection_manager:_monitor_loop:953 | Encontradas 7 contas ativas
2026-03-06 15:37:50 | INFO     |                 |        |      | services.data_collector.connection_manager:_monitor_loop:892 | Entrando no loop de monitoramento...
2026-03-06 15:37:50 | INFO     |                 |        |      | services.data_collector.connection_manager:_monitor_loop:898 | Dormindo por 5 segundos...
2026-03-06 15:37:51 | INFO     |                 |        |      | services.pocketoption.keep_alive:_send_handshake:382 | Solicitando trades fechados (getClosedDeals)
2026-03-06 15:37:51 | INFO     |                 |        |      | services.data_collector.reconnection_manager:register_connection:68 | [OK] Conexão registrada: [%s] %s (id: %s)
2026-03-06 15:37:51 | DEBUG    |                 |        |      | services.pocketoption.keep_alive:_process_message:897 | ⏳ updateAssets received (451) - awaiting assets data
2026-03-06 15:37:51 | INFO     |                 |        |      | services.pocketoption.keep_alive:_process_message:740 | [OK] Assets data received (bytes) - 183 assets
2026-03-06 15:37:51 | INFO     |                 |        |      | services.pocketoption.keep_alive:_reconnection_monitor:642 | [REBALANCE] Reconnection monitor started
2026-03-06 15:37:51 | INFO     |                 |        |      | services.data_collector.reconnection_manager:register_connection:68 | [OK] Conexão registrada: [%s] %s (id: %s)
2026-03-06 15:37:51 | INFO     |                 |        |      | services.pocketoption.keep_alive:_reconnection_monitor:682 | [OK] Conexão 'keep_alive_2644275940816' registrada no gerenciador unificado
2026-03-06 15:37:51 | INFO     |                 |        |      | services.pocketoption.keep_alive:_reconnection_monitor:685 | [REBALANCE] Usando gerenciador unificado de reconexão
2026-03-06 15:37:51 | DEBUG    |                 |        |      | services.pocketoption.keep_alive:_process_message:875 | ⏳ successupdateBalance received (451) - awaiting balance data
2026-03-06 15:37:51 | INFO     |                 |        |      | services.pocketoption.keep_alive:_process_message:757 | *** Balance data received [ATIVOS Client 1] (demo): $50000
2026-03-06 15:37:51 | DEBUG    |                 |        |      | services.pocketoption.keep_alive:_process_message:904 | updateClosedDeals received (451): N/A deals
2026-03-06 15:37:52 | DEBUG    |                 |        |      | services.pocketoption.keep_alive:_process_message:886 | ⏳ updateHistoryNewFast received (451) - awaiting history data
2026-03-06 15:37:52 | DEBUG    |                 |        |      | services.pocketoption.keep_alive:_process_message:729 | [OK] History data received (bytes) - asset=EURUSD_otc, candles=1392
2026-03-06 15:37:52 | DEBUG    |                 |        |      | services.pocketoption.keep_alive:_process_message:886 | ⏳ updateHistoryNewFast received (451) - awaiting history data
2026-03-06 15:37:52 | DEBUG    |                 |        |      | services.pocketoption.keep_alive:_process_message:729 | [OK] History data received (bytes) - asset=AUDCAD_otc, candles=1356
2026-03-06 15:37:52 | DEBUG    |                 |        |      | services.pocketoption.keep_alive:_process_message:886 | ⏳ updateHistoryNewFast received (451) - awaiting history data
2026-03-06 15:37:52 | DEBUG    |                 |        |      | services.pocketoption.keep_alive:_process_message:729 | [OK] History data received (bytes) - asset=USDRUB_otc, candles=1392
2026-03-06 15:37:53 | DEBUG    |                 |        |      | services.pocketoption.keep_alive:_process_message:886 | ⏳ updateHistoryNewFast received (451) - awaiting history data
2026-03-06 15:37:53 | DEBUG    |                 |        |      | services.pocketoption.keep_alive:_process_message:729 | [OK] History data received (bytes) - asset=ADA-USD_otc, candles=1417
2026-03-06 15:37:53 | DEBUG    |                 |        |      | services.pocketoption.keep_alive:_process_message:886 | ⏳ updateHistoryNewFast received (451) - awaiting history data
2026-03-06 15:37:53 | DEBUG    |                 |        |      | services.pocketoption.keep_alive:_process_message:729 | [OK] History data received (bytes) - asset=EURJPY_otc, candles=1425
2026-03-06 15:37:53 | DEBUG    |                 |        |      | services.pocketoption.keep_alive:_process_message:886 | ⏳ updateHistoryNewFast received (451) - awaiting history data
2026-03-06 15:37:53 | DEBUG    |                 |        |      | services.pocketoption.keep_alive:_process_message:729 | [OK] History data received (bytes) - asset=EURNZD_otc, candles=1423
2026-03-06 15:37:53 | DEBUG    |                 |        |      | services.pocketoption.keep_alive:_process_message:886 | ⏳ updateHistoryNewFast received (451) - awaiting history data
2026-03-06 15:37:53 | DEBUG    |                 |        |      | services.pocketoption.keep_alive:_process_message:729 | [OK] History data received (bytes) - asset=DOGE_otc, candles=1406
2026-03-06 15:37:53 | DEBUG    |                 |        |      | services.pocketoption.keep_alive:_process_message:886 | ⏳ updateHistoryNewFast received (451) - awaiting history data
2026-03-06 15:37:54 | DEBUG    |                 |        |      | services.pocketoption.keep_alive:_process_message:729 | [OK] History data received (bytes) - asset=DOTUSD_otc, candles=1405
2026-03-06 15:37:54 | DEBUG    |                 |        |      | services.pocketoption.keep_alive:_process_message:886 | ⏳ updateHistoryNewFast received (451) - awaiting history data
2026-03-06 15:37:54 | DEBUG    |                 |        |      | services.pocketoption.keep_alive:_process_message:729 | [OK] History data received (bytes) - asset=#AAPL_otc, candles=1396
2026-03-06 15:37:55 | INFO     |                 |        |      | services.data_collector.connection_manager:_monitor_loop:904 | Acordou do sono
2026-03-06 15:37:55 | INFO     |                 |        |      | services.data_collector.connection_manager:_monitor_loop:918 | Verificando conexões...
2026-03-06 15:37:55 | INFO     |                 |        |      | services.data_collector.connection_manager:_monitor_loop:925 | Abrindo conexão com banco de dados...
2026-03-06 15:37:55 | INFO     |                 |        |      | services.data_collector.connection_manager:_monitor_loop:932 | Conexão com banco de dados aberta
2026-03-06 15:37:55 | INFO     |                 |        |      | services.data_collector.connection_manager:_monitor_loop:953 | Encontradas 7 contas ativas
2026-03-06 15:37:55 | INFO     |                 |        |      | services.data_collector.connection_manager:_monitor_loop:892 | Entrando no loop de monitoramento...
2026-03-06 15:37:55 | INFO     |                 |        |      | services.data_collector.connection_manager:_monitor_loop:898 | Dormindo por 5 segundos...
2026-03-06 15:38:00 | INFO     |                 |        |      | services.data_collector.connection_manager:_monitor_loop:904 | Acordou do sono
2026-03-06 15:38:00 | INFO     |                 |        |      | services.data_collector.connection_manager:_monitor_loop:918 | Verificando conexões...
2026-03-06 15:38:00 | INFO     |                 |        |      | services.data_collector.connection_manager:_monitor_loop:925 | Abrindo conexão com banco de dados...
2026-03-06 15:38:00 | INFO     |                 |        |      | services.data_collector.connection_manager:_monitor_loop:932 | Conexão com banco de dados aberta
2026-03-06 15:38:00 | INFO     |                 |        |      | services.data_collector.connection_manager:_monitor_loop:953 | Encontradas 7 contas ativas
2026-03-06 15:38:00 | INFO     |                 |        |      | services.data_collector.connection_manager:_monitor_loop:892 | Entrando no loop de monitoramento...
2026-03-06 15:38:00 | INFO     |                 |        |      | services.data_collector.connection_manager:_monitor_loop:898 | Dormindo por 5 segundos...
2026-03-06 15:38:05 | INFO     |                 |        |      | services.data_collector.connection_manager:_monitor_loop:904 | Acordou do sono
2026-03-06 15:38:05 | INFO     |                 |        |      | services.data_collector.connection_manager:_monitor_loop:918 | Verificando conexões...
2026-03-06 15:38:05 | INFO     |                 |        |      | services.data_collector.connection_manager:_monitor_loop:925 | Abrindo conexão com banco de dados...
2026-03-06 15:38:05 | INFO     |                 |        |      | services.data_collector.connection_manager:_monitor_loop:932 | Conexão com banco de dados aberta
2026-03-06 15:38:05 | INFO     |                 |        |      | services.data_collector.connection_manager:_monitor_loop:953 | Encontradas 7 contas ativas
2026-03-06 15:38:05 | INFO     |                 |        |      | services.data_collector.connection_manager:_monitor_loop:892 | Entrando no loop de monitoramento...
2026-03-06 15:38:05 | INFO     |                 |        |      | services.data_collector.connection_manager:_monitor_loop:898 | Dormindo por 5 segundos...
2026-03-06 15:38:10 | INFO     |                 |        |      | services.data_collector.connection_manager:_monitor_loop:904 | Acordou do sono
2026-03-06 15:38:10 | INFO     |                 |        |      | services.data_collector.connection_manager:_monitor_loop:918 | Verificando conexões...
2026-03-06 15:38:10 | INFO     |                 |        |      | services.data_collector.connection_manager:_monitor_loop:925 | Abrindo conexão com banco de dados...
2026-03-06 15:38:10 | INFO     |                 |        |      | services.data_collector.connection_manager:_monitor_loop:932 | Conexão com banco de dados aberta
2026-03-06 15:38:10 | INFO     |                 |        |      | services.data_collector.connection_manager:_monitor_loop:953 | Encontradas 7 contas ativas
2026-03-06 15:38:10 | INFO     |                 |        |      | services.data_collector.connection_manager:_monitor_loop:892 | Entrando no loop de monitoramento...
2026-03-06 15:38:10 | INFO     |                 |        |      | services.data_collector.connection_manager:_monitor_loop:898 | Dormindo por 5 segundos...
2026-03-06 15:38:15 | INFO     |                 |        |      | services.data_collector.connection_manager:_monitor_loop:904 | Acordou do sono
2026-03-06 15:38:15 | INFO     |                 |        |      | services.data_collector.connection_manager:_monitor_loop:918 | Verificando conexões...
2026-03-06 15:38:15 | INFO     |                 |        |      | services.data_collector.connection_manager:_monitor_loop:925 | Abrindo conexão com banco de dados...
2026-03-06 15:38:15 | INFO     |                 |        |      | services.data_collector.connection_manager:_monitor_loop:932 | Conexão com banco de dados aberta
2026-03-06 15:38:15 | INFO     |                 |        |      | services.data_collector.connection_manager:_monitor_loop:953 | Encontradas 7 contas ativas
2026-03-06 15:38:15 | INFO     |                 |        |      | services.data_collector.connection_manager:_monitor_loop:892 | Entrando no loop de monitoramento...
2026-03-06 15:38:15 | INFO     |                 |        |      | services.data_collector.connection_manager:_monitor_loop:898 | Dormindo por 5 segundos...
2026-03-06 15:38:20 | INFO     |                 |        |      | services.data_collector.connection_manager:_monitor_loop:904 | Acordou do sono
2026-03-06 15:38:20 | INFO     |                 |        |      | services.data_collector.connection_manager:_monitor_loop:918 | Verificando conexões...
2026-03-06 15:38:20 | INFO     |                 |        |      | services.data_collector.connection_manager:_monitor_loop:925 | Abrindo conexão com banco de dados...
2026-03-06 15:38:20 | INFO     |                 |        |      | services.data_collector.connection_manager:_monitor_loop:932 | Conexão com banco de dados aberta
2026-03-06 15:38:20 | INFO     |                 |        |      | services.data_collector.connection_manager:_monitor_loop:953 | Encontradas 7 contas ativas
2026-03-06 15:38:20 | INFO     |                 |        |      | services.data_collector.connection_manager:_monitor_loop:892 | Entrando no loop de monitoramento...
2026-03-06 15:38:20 | INFO     |                 |        |      | services.data_collector.connection_manager:_monitor_loop:898 | Dormindo por 5 segundos...
2026-03-06 15:38:25 | INFO     |                 |        |      | services.data_collector.connection_manager:_monitor_loop:904 | Acordou do sono
2026-03-06 15:38:25 | INFO     |                 |        |      | services.data_collector.connection_manager:_monitor_loop:918 | Verificando conexões...
2026-03-06 15:38:25 | INFO     |                 |        |      | services.data_collector.connection_manager:_monitor_loop:925 | Abrindo conexão com banco de dados...
2026-03-06 15:38:25 | INFO     |                 |        |      | services.data_collector.connection_manager:_monitor_loop:932 | Conexão com banco de dados aberta
2026-03-06 15:38:25 | INFO     |                 |        |      | services.data_collector.connection_manager:_monitor_loop:953 | Encontradas 7 contas ativas
2026-03-06 15:38:25 | INFO     |                 |        |      | services.data_collector.connection_manager:_monitor_loop:892 | Entrando no loop de monitoramento...
2026-03-06 15:38:25 | INFO     |                 |        |      | services.data_collector.connection_manager:_monitor_loop:898 | Dormindo por 5 segundos...
2026-03-06 15:38:30 | INFO     |                 |        |      | services.data_collector.connection_manager:_monitor_loop:904 | Acordou do sono
2026-03-06 15:38:30 | INFO     |                 |        |      | services.data_collector.connection_manager:_monitor_loop:918 | Verificando conexões...
2026-03-06 15:38:30 | INFO     |                 |        |      | services.data_collector.connection_manager:_monitor_loop:925 | Abrindo conexão com banco de dados...
2026-03-06 15:38:30 | INFO     |                 |        |      | services.data_collector.connection_manager:_monitor_loop:932 | Conexão com banco de dados aberta
2026-03-06 15:38:30 | INFO     |                 |        |      | services.data_collector.connection_manager:_monitor_loop:953 | Encontradas 7 contas ativas
2026-03-06 15:38:31 | INFO     |                 |        |      | services.data_collector.connection_manager:_monitor_loop:892 | Entrando no loop de monitoramento...
2026-03-06 15:38:31 | INFO     |                 |        |      | services.data_collector.connection_manager:_monitor_loop:898 | Dormindo por 5 segundos...
2026-03-06 15:38:36 | INFO     |                 |        |      | services.data_collector.connection_manager:_monitor_loop:904 | Acordou do sono
2026-03-06 15:38:36 | INFO     |                 |        |      | services.data_collector.connection_manager:_monitor_loop:918 | Verificando conexões...
2026-03-06 15:38:36 | INFO     |                 |        |      | services.data_collector.connection_manager:_monitor_loop:925 | Abrindo conexão com banco de dados...
2026-03-06 15:38:36 | INFO     |                 |        |      | services.data_collector.connection_manager:_monitor_loop:932 | Conexão com banco de dados aberta
2026-03-06 15:38:36 | INFO     |                 |        |      | services.data_collector.connection_manager:_monitor_loop:953 | Encontradas 7 contas ativas
2026-03-06 15:38:36 | INFO     |                 |        |      | services.data_collector.connection_manager:_monitor_loop:892 | Entrando no loop de monitoramento...
2026-03-06 15:38:36 | INFO     |                 |        |      | services.data_collector.connection_manager:_monitor_loop:898 | Dormindo por 5 segundos...
2026-03-06 15:38:36 | INFO     |                 |        |      | services.data_collector.connection_manager:ensure_connection:1458 | [986ab179...] Conectando demo sob demanda para usuário...
2026-03-06 15:38:36 | DEBUG    |                 |        |      | services.pocketoption.keep_alive:__init__:69 | Initialized keep-alive manager with 2 available regions
2026-03-06 15:38:36 | DEBUG    |                 |        |      | services.pocketoption.keep_alive:start_persistent_connection:75 | Starting persistent connection with keep-alive...
2026-03-06 15:38:36 | INFO     |                 |        |      | services.ws_connection_logger:_create_log_file:101 | [WS LOGGER] Arquivo de log criado: logs\ws\Leandro_Souza_keep_alive_keep_alive_95ff564cf4cb_20260306_153836.log
2026-03-06 15:38:36 | INFO     |                 |        |      | services.pocketoption.keep_alive:_establish_connection:210 | [CONNECT] Connecting: Attempting connection to wss://demo-api-eu.po.market/socket.io/?EIO=4&transport=websocket (attempt 1/2)
2026-03-06 15:38:38 | SUCCESS  |                 |        |      | services.pocketoption.keep_alive:_establish_connection:264 | [SUCCESS] Connected to wss://demo-api-eu.po.market/socket.io/?EIO=4&transport=websocket (region: DEMO-EU)
2026-03-06 15:38:38 | DEBUG    |                 |        |      | services.pocketoption.keep_alive:_send_handshake:351 | Received initial: 0{"sid":"NzK7Wx7YEO45ffnDF71w","upgrades":[],"pingInterval":25000,"pingTimeout":20000,"maxPayload":1000000}
2026-03-06 15:38:38 | DEBUG    |                 |        |      | services.pocketoption.keep_alive:_send_handshake:361 | Received connection: 40{"sid":"YWdTEAIjiRdl0GENF71x"}
2026-03-06 15:38:38 | DEBUG    |                 |        |      | services.pocketoption.keep_alive:_send_handshake:365 | Handshake completed
2026-03-06 15:38:38 | WARNING  |                 |        |      | services.pocketoption.keep_alive:_send_handshake:384 | Erro ao solicitar trades fechados: received 1005 (no status received [internal]); then sent 1005 (no status received [internal])
2026-03-06 15:38:38 | INFO     |                 |        |      | services.data_collector.connection_manager:connect:60 | [USUÁRIO: Leandro Souza] [986ab179-e28a-4b65-8921-e043c7519f5b] Conexão demo estabelecida
2026-03-06 15:38:38 | INFO     |                 |        |      | services.data_collector.connection_manager:connect:80 | [USUÁRIO: Leandro Souza] [986ab179-e28a-4b65-8921-e043c7519f5b] Handler order_closed registrado para demo
2026-03-06 15:38:38 | INFO     |                 |        |      | services.data_collector.connection_manager:connect:89 | [USUÁRIO: Leandro Souza] [986ab179-e28a-4b65-8921-e043c7519f5b] Handlers de balance registrados para demo
2026-03-06 15:38:38 | WARNING  |                 |        |      | services.pocketoption.keep_alive:_ping_loop:434 | ✗ Connection closed during ping
2026-03-06 15:38:38 | INFO     |                 |        |      | services.pocketoption.keep_alive:_reconnection_monitor:642 | [REBALANCE] Reconnection monitor started
2026-03-06 15:38:38 | INFO     |                 |        |      | services.data_collector.reconnection_manager:register_connection:68 | [OK] Conexão registrada: [%s] %s (id: %s)
2026-03-06 15:38:38 | INFO     |                 |        |      | services.pocketoption.keep_alive:_reconnection_monitor:682 | [OK] Conexão 'keep_alive_2644284646336' registrada no gerenciador unificado
2026-03-06 15:38:38 | INFO     |                 |        |      | services.pocketoption.keep_alive:_reconnection_monitor:685 | [REBALANCE] Usando gerenciador unificado de reconexão
2026-03-06 15:38:41 | INFO     |                 |        |      | services.data_collector.connection_manager:_monitor_loop:904 | Acordou do sono
2026-03-06 15:38:41 | INFO     |                 |        |      | services.data_collector.connection_manager:_monitor_loop:918 | Verificando conexões...
2026-03-06 15:38:41 | INFO     |                 |        |      | services.data_collector.connection_manager:_monitor_loop:925 | Abrindo conexão com banco de dados...
2026-03-06 15:38:41 | INFO     |                 |        |      | services.data_collector.connection_manager:_monitor_loop:932 | Conexão com banco de dados aberta
2026-03-06 15:38:41 | INFO     |                 |        |      | services.data_collector.connection_manager:_monitor_loop:953 | Encontradas 7 contas ativas
2026-03-06 15:38:41 | INFO     |                 |        |      | services.data_collector.connection_manager:_handle_account_connection:1282 | [986ab179...] Iniciando conexão demo para usuário...
2026-03-06 15:38:41 | DEBUG    |                 |        |      | services.pocketoption.keep_alive:__init__:69 | Initialized keep-alive manager with 2 available regions
2026-03-06 15:38:41 | DEBUG    |                 |        |      | services.pocketoption.keep_alive:start_persistent_connection:75 | Starting persistent connection with keep-alive...
2026-03-06 15:38:41 | INFO     |                 |        |      | services.pocketoption.keep_alive:_establish_connection:210 | [CONNECT] Connecting: Attempting connection to wss://demo-api-eu.po.market/socket.io/?EIO=4&transport=websocket (attempt 1/2)
2026-03-06 15:38:42 | SUCCESS  |                 |        |      | services.pocketoption.keep_alive:_establish_connection:264 | [SUCCESS] Connected to wss://demo-api-eu.po.market/socket.io/?EIO=4&transport=websocket (region: DEMO-EU)
2026-03-06 15:38:42 | DEBUG    |                 |        |      | services.pocketoption.keep_alive:_send_handshake:351 | Received initial: 0{"sid":"_Z3lyPZMkjTdl1qtF716","upgrades":[],"pingInterval":25000,"pingTimeout":20000,"maxPayload":1000000}
2026-03-06 15:38:42 | DEBUG    |                 |        |      | services.pocketoption.keep_alive:_send_handshake:361 | Received connection: 40{"sid":"AWWaq40A3Mf2cvUMF717"}
2026-03-06 15:38:42 | DEBUG    |                 |        |      | services.pocketoption.keep_alive:_send_handshake:365 | Handshake completed
2026-03-06 15:38:43 | INFO     |                 |        |      | services.pocketoption.keep_alive:_send_handshake:382 | Solicitando trades fechados (getClosedDeals)
2026-03-06 15:38:43 | INFO     |                 |        |      | services.data_collector.connection_manager:connect:60 | [USUÁRIO: Leandro Souza] [986ab179-e28a-4b65-8921-e043c7519f5b] Conexão demo estabelecida
2026-03-06 15:38:43 | INFO     |                 |        |      | services.data_collector.connection_manager:connect:80 | [USUÁRIO: Leandro Souza] [986ab179-e28a-4b65-8921-e043c7519f5b] Handler order_closed registrado para demo
2026-03-06 15:38:43 | INFO     |                 |        |      | services.data_collector.connection_manager:connect:89 | [USUÁRIO: Leandro Souza] [986ab179-e28a-4b65-8921-e043c7519f5b] Handlers de balance registrados para demo
2026-03-06 15:38:43 | DEBUG    |                 |        |      | services.pocketoption.keep_alive:_process_message:897 | ⏳ updateAssets received (451) - awaiting assets data
2026-03-06 15:38:43 | INFO     |                 |        |      | services.pocketoption.keep_alive:_reconnection_monitor:642 | [REBALANCE] Reconnection monitor started
2026-03-06 15:38:43 | INFO     |                 |        |      | services.data_collector.reconnection_manager:register_connection:68 | [OK] Conexão registrada: [%s] %s (id: %s)
2026-03-06 15:38:43 | INFO     |                 |        |      | services.pocketoption.keep_alive:_reconnection_monitor:682 | [OK] Conexão 'keep_alive_2644278173936' registrada no gerenciador unificado
2026-03-06 15:38:43 | INFO     |                 |        |      | services.pocketoption.keep_alive:_reconnection_monitor:685 | [REBALANCE] Usando gerenciador unificado de reconexão
2026-03-06 15:38:43 | INFO     |                 |        |      | services.data_collector.connection_manager:_monitor_loop:892 | Entrando no loop de monitoramento...
2026-03-06 15:38:43 | INFO     |                 |        |      | services.data_collector.connection_manager:_monitor_loop:898 | Dormindo por 5 segundos...
2026-03-06 15:38:43 | INFO     |                 |        |      | services.pocketoption.keep_alive:_process_message:740 | [OK] Assets data received (bytes) - 183 assets
2026-03-06 15:38:43 | DEBUG    |                 |        |      | services.pocketoption.keep_alive:_process_message:875 | ⏳ successupdateBalance received (451) - awaiting balance data
2026-03-06 15:38:43 | INFO     |                 |        |      | services.pocketoption.keep_alive:_process_message:757 | *** Balance data received [Leandro Souza] (demo): $24.85
2026-03-06 15:38:43 | INFO     |                 |        |      | services.data_collector.connection_manager:_on_balance_data:557 | Evento balance_data recebido
2026-03-06 15:38:43 | INFO     |                 |        |      | services.data_collector.connection_manager:_on_balance_data:592 | [USUÁRIO: Leandro Souza] [986ab179-e28a-4b65-8921-e043c7519f5b] *** Balance recebido (balance_data): 24.85, is_demo: True
2026-03-06 15:38:43 | INFO     |                 |        |      | services.data_collector.connection_manager:_on_balance_data:608 | [USUÁRIO: Leandro Souza] [986ab179-e28a-4b65-8921-e043c7519f5b] *** Atualizando saldo no banco: balance_demo = 24.85
2026-03-06 15:38:43 | INFO     |                 |        |      | services.data_collector.connection_manager:_on_balance_data:778 | [USUÁRIO: Leandro Souza] [986ab179-e28a-4b65-8921-e043c7519f5b] *** Saldo balance_demo atualizado (balance_data): 24.85
2026-03-06 15:38:43 | DEBUG    |                 |        |      | services.pocketoption.keep_alive:_process_message:904 | updateClosedDeals received (451): N/A deals
2026-03-06 15:38:48 | INFO     |                 |        |      | services.data_collector.connection_manager:_monitor_loop:904 | Acordou do sono
2026-03-06 15:38:48 | INFO     |                 |        |      | services.data_collector.connection_manager:_monitor_loop:918 | Verificando conexões...
2026-03-06 15:38:48 | INFO     |                 |        |      | services.data_collector.connection_manager:_monitor_loop:925 | Abrindo conexão com banco de dados...
2026-03-06 15:38:48 | INFO     |                 |        |      | services.data_collector.connection_manager:_monitor_loop:932 | Conexão com banco de dados aberta
2026-03-06 15:38:48 | INFO     |                 |        |      | services.data_collector.connection_manager:_monitor_loop:953 | Encontradas 7 contas ativas
2026-03-06 15:38:48 | INFO     |                 |        |      | services.data_collector.connection_manager:_monitor_loop:892 | Entrando no loop de monitoramento...
2026-03-06 15:38:48 | INFO     |                 |        |      | services.data_collector.connection_manager:_monitor_loop:898 | Dormindo por 5 segundos...
2026-03-06 15:38:53 | INFO     |                 |        |      | services.data_collector.connection_manager:_monitor_loop:904 | Acordou do sono
2026-03-06 15:38:53 | INFO     |                 |        |      | services.data_collector.connection_manager:_monitor_loop:918 | Verificando conexões...
2026-03-06 15:38:53 | INFO     |                 |        |      | services.data_collector.connection_manager:_monitor_loop:925 | Abrindo conexão com banco de dados...
2026-03-06 15:38:53 | INFO     |                 |        |      | services.data_collector.connection_manager:_monitor_loop:932 | Conexão com banco de dados aberta
2026-03-06 15:38:53 | INFO     |                 |        |      | services.data_collector.connection_manager:_monitor_loop:953 | Encontradas 7 contas ativas
2026-03-06 15:38:53 | INFO     |                 |        |      | services.data_collector.connection_manager:_monitor_loop:892 | Entrando no loop de monitoramento...
2026-03-06 15:38:53 | INFO     |                 |        |      | services.data_collector.connection_manager:_monitor_loop:898 | Dormindo por 5 segundos...
2026-03-06 15:38:54 | DEBUG    |                 |        |      | services.pocketoption.keep_alive:_process_message:886 | ⏳ updateHistoryNewFast received (451) - awaiting history data
2026-03-06 15:38:54 | DEBUG    |                 |        |      | services.pocketoption.keep_alive:_process_message:729 | [OK] History data received (bytes) - asset=USDMXN_otc, candles=1545
2026-03-06 15:38:58 | INFO     |                 |        |      | services.data_collector.connection_manager:_monitor_loop:904 | Acordou do sono
2026-03-06 15:38:58 | INFO     |                 |        |      | services.data_collector.connection_manager:_monitor_loop:918 | Verificando conexões...
2026-03-06 15:38:58 | INFO     |                 |        |      | services.data_collector.connection_manager:_monitor_loop:925 | Abrindo conexão com banco de dados...
2026-03-06 15:38:58 | INFO     |                 |        |      | services.data_collector.connection_manager:_monitor_loop:932 | Conexão com banco de dados aberta
2026-03-06 15:38:58 | INFO     |                 |        |      | services.data_collector.connection_manager:_monitor_loop:953 | Encontradas 7 contas ativas
2026-03-06 15:38:58 | INFO     |                 |        |      | services.data_collector.connection_manager:_monitor_loop:892 | Entrando no loop de monitoramento...
2026-03-06 15:38:58 | INFO     |                 |        |      | services.data_collector.connection_manager:_monitor_loop:898 | Dormindo por 5 segundos...
2026-03-06 15:39:02 | INFO     |                 |        |      | services.data_collector.connection_manager:_monitor_loop:989 | Loop cancelado (CancelledError)
2026-03-06 15:39:02 | INFO     |                 |        |      | services.data_collector.connection_manager:_monitor_loop:1005 | Loop de monitoramento de conexões encerrado
